#
# There is insufficient memory for the Java Runtime Environment to continue.
# Native memory allocation (malloc) failed to allocate 65552 bytes for Chunk::new
# Possible reasons:
#   The system is out of physical RAM or swap space
#   The process is running with CompressedOops enabled, and the Java Heap may be blocking the growth of the native heap
# Possible solutions:
#   Reduce memory load on the system
#   Increase physical memory or swap space
#   Check if swap backing store is full
#   Decrease Java heap size (-Xmx/-Xms)
#   Decrease number of Java threads
#   Decrease Java thread stack sizes (-Xss)
#   Set larger code cache with -XX:ReservedCodeCacheSize=
#   JVM is running with Unscaled Compressed Oops mode in which the Java heap is
#     placed in the first 4GB address space. The Java Heap base address is the
#     maximum limit for the native heap growth. Please use -XX:HeapBaseMinAddress
#     to set the Java Heap base and to place the Java Heap above 4GB virtual address.
# This output file may be truncated or incomplete.
#
#  Out of Memory Error (c:/cygwin64/tmp/openjdk-jdk11u-windows-x64-hotspot/workspace/build/src/src/hotspot/share/memory/arena.cpp:197), pid=18212, tid=4204
#
# JRE version: OpenJDK Runtime Environment (11.0.4+11) (build 11.0.4+11)
# Java VM: OpenJDK 64-Bit Server VM (11.0.4+11, mixed mode, tiered, compressed oops, g1 gc, windows-amd64)
# No core dump will be written. Minidumps are not enabled by default on client versions of Windows
#

---------------  S U M M A R Y ------------

Command Line: org.apache.derby.drda.NetworkServerControl start -noSecurityManager

Host: Intel(R) Core(TM) i3-6006U CPU @ 2.00GHz, 4 cores, 7G,  Windows 10 , 64 bit Build 18362 (10.0.18362.329)
Time: Thu Jan 16 15:20:42 2020 Mitteleuropäische Zeit elapsed time: 3807 seconds (0d 1h 3m 27s)

---------------  T H R E A D  ---------------

Current thread (0x000002604c2c6000):  JavaThread "C2 CompilerThread0" daemon [_thread_in_native, id=4204, stack(0x00000097a2f00000,0x00000097a3000000)]


Current CompileTask:
C2:3807112 5161       4       org.apache.derby.impl.store.raw.xact.RowLocking2::unlockRecordAfterRead (43 bytes)

Stack: [0x00000097a2f00000,0x00000097a3000000]
Native frames: (J=compiled Java code, j=interpreted, Vv=VM code, C=native code)
V  [jvm.dll+0x5d700a]
V  [jvm.dll+0x70bbce]
V  [jvm.dll+0x70d25b]
V  [jvm.dll+0x70d923]
V  [jvm.dll+0x23f5f8]
V  [jvm.dll+0xb982c]
V  [jvm.dll+0xb9dbc]
V  [jvm.dll+0xb990d]
V  [jvm.dll+0x5b71df]
V  [jvm.dll+0x4f8f7b]
V  [jvm.dll+0x1fb7f1]
V  [jvm.dll+0x1f8dbf]
V  [jvm.dll+0x17defc]
V  [jvm.dll+0x207d07]
V  [jvm.dll+0x20626e]
V  [jvm.dll+0x6d480c]
V  [jvm.dll+0x6cd85c]
V  [jvm.dll+0x5d6286]
C  [ucrtbase.dll+0x20e72]
C  [KERNEL32.DLL+0x17bd4]
C  [ntdll.dll+0x6ced1]


---------------  P R O C E S S  ---------------

Threads class SMR info:
_java_thread_list=0x000002604d55be20, length=17, elements={
0x000002602dc39800, 0x000002604c2a3800, 0x000002604c2ad800, 0x000002604cc53000,
0x000002604c2c3000, 0x000002604c2c6000, 0x000002604c2ca800, 0x000002604c2d0800,
0x000002604cdb7800, 0x000002604cde1000, 0x000002604d30f800, 0x000002604d4f2000,
0x000002604d31c000, 0x000002604d505800, 0x000002604d612800, 0x000002604e76f800,
0x000002604efef800
}

Java Threads: ( => current thread )
  0x000002602dc39800 JavaThread "main" [_thread_blocked, id=20508, stack(0x00000097a2400000,0x00000097a2500000)]
  0x000002604c2a3800 JavaThread "Reference Handler" daemon [_thread_blocked, id=20548, stack(0x00000097a2b00000,0x00000097a2c00000)]
  0x000002604c2ad800 JavaThread "Finalizer" daemon [_thread_blocked, id=5648, stack(0x00000097a2c00000,0x00000097a2d00000)]
  0x000002604cc53000 JavaThread "Signal Dispatcher" daemon [_thread_blocked, id=20084, stack(0x00000097a2d00000,0x00000097a2e00000)]
  0x000002604c2c3000 JavaThread "Attach Listener" daemon [_thread_blocked, id=17600, stack(0x00000097a2e00000,0x00000097a2f00000)]
=>0x000002604c2c6000 JavaThread "C2 CompilerThread0" daemon [_thread_in_native, id=4204, stack(0x00000097a2f00000,0x00000097a3000000)]
  0x000002604c2ca800 JavaThread "C1 CompilerThread0" daemon [_thread_blocked, id=18000, stack(0x00000097a3000000,0x00000097a3100000)]
  0x000002604c2d0800 JavaThread "Sweeper thread" daemon [_thread_blocked, id=9264, stack(0x00000097a3100000,0x00000097a3200000)]
  0x000002604cdb7800 JavaThread "Service Thread" daemon [_thread_blocked, id=13580, stack(0x00000097a3200000,0x00000097a3300000)]
  0x000002604cde1000 JavaThread "Common-Cleaner" daemon [_thread_blocked, id=23364, stack(0x00000097a3400000,0x00000097a3500000)]
  0x000002604d30f800 JavaThread "Timer-0" daemon [_thread_blocked, id=8452, stack(0x00000097a3500000,0x00000097a3600000)]
  0x000002604d4f2000 JavaThread "NetworkServerThread_1" [_thread_in_native, id=3492, stack(0x00000097a3900000,0x00000097a3a00000)]
  0x000002604d31c000 JavaThread "DRDAConnThread_2" [_thread_blocked, id=7364, stack(0x00000097a3a00000,0x00000097a3b00000)]
  0x000002604d505800 JavaThread "derby.rawStoreDaemon" daemon [_thread_blocked, id=4168, stack(0x00000097a3b00000,0x00000097a3c00000)]
  0x000002604d612800 JavaThread "DRDAConnThread_3" [_thread_blocked, id=8440, stack(0x00000097a3e00000,0x00000097a3f00000)]
  0x000002604e76f800 JavaThread "DRDAConnThread_4" [_thread_blocked, id=10764, stack(0x00000097a3d00000,0x00000097a3e00000)]
  0x000002604efef800 JavaThread "DRDAConnThread_5" [_thread_blocked, id=18012, stack(0x00000097a4200000,0x00000097a4300000)]

Other Threads:
  0x000002604c27c000 VMThread "VM Thread" [stack: 0x00000097a2a00000,0x00000097a2b00000] [id=22800]
  0x000002604cddc800 WatcherThread [stack: 0x00000097a3300000,0x00000097a3400000] [id=20384]
  0x000002602dc52800 GCTaskThread "GC Thread#0" [stack: 0x00000097a2500000,0x00000097a2600000] [id=12840]
  0x000002604d4d3800 GCTaskThread "GC Thread#1" [stack: 0x00000097a3600000,0x00000097a3700000] [id=13148]
  0x000002604d4d8000 GCTaskThread "GC Thread#2" [stack: 0x00000097a3700000,0x00000097a3800000] [id=3948]
  0x000002604d476000 GCTaskThread "GC Thread#3" [stack: 0x00000097a3c00000,0x00000097a3d00000] [id=17132]
  0x000002602dc82800 ConcurrentGCThread "G1 Main Marker" [stack: 0x00000097a2600000,0x00000097a2700000] [id=19576]
  0x000002602dc84000 ConcurrentGCThread "G1 Conc#0" [stack: 0x00000097a2700000,0x00000097a2800000] [id=14588]
  0x000002602dd05800 ConcurrentGCThread "G1 Refine#0" [stack: 0x00000097a2800000,0x00000097a2900000] [id=17420]
  0x000002604cf0d000 ConcurrentGCThread "G1 Refine#1" [stack: 0x00000097a3800000,0x00000097a3900000] [id=9048]
  0x000002602dd06800 ConcurrentGCThread "G1 Young RemSet Sampling" [stack: 0x00000097a2900000,0x00000097a2a00000] [id=12952]

Threads with active compile tasks:
C2 CompilerThread05161       4       org.apache.derby.impl.store.raw.xact.RowLocking2::unlockRecordAfterRead (43 bytes)

VM state:not at safepoint (normal execution)

VM Mutex/Monitor currently owned by a thread: None

Heap address: 0x0000000081400000, size: 2028 MB, Compressed Oops mode: 32-bit
Narrow klass base: 0x0000000000000000, Narrow klass shift: 3
Compressed class space size: 1073741824 Address: 0x0000000100000000

Heap:
 garbage-first heap   total 131072K, used 64889K [0x0000000081400000, 0x0000000100000000)
  region size 1024K, 56 young (57344K), 7 survivors (7168K)
 Metaspace       used 26496K, capacity 30100K, committed 30336K, reserved 1075200K
  class space    used 2766K, capacity 5496K, committed 5504K, reserved 1048576K
Heap Regions: E=young(eden), S=young(survivor), O=old, HS=humongous(starts), HC=humongous(continues), CS=collection set, F=free, A=archive, TAMS=top-at-mark-start (previous, next)
|   0|0x0000000081400000, 0x0000000081500000, 0x0000000081500000|100%| O|  |TAMS 0x0000000081500000, 0x0000000081400000| Untracked 
|   1|0x0000000081500000, 0x0000000081600000, 0x0000000081600000|100%| O|  |TAMS 0x0000000081600000, 0x0000000081500000| Untracked 
|   2|0x0000000081600000, 0x0000000081700000, 0x0000000081700000|100%| O|  |TAMS 0x0000000081700000, 0x0000000081600000| Untracked 
|   3|0x0000000081700000, 0x0000000081800000, 0x0000000081800000|100%| O|  |TAMS 0x00000000817a9200, 0x0000000081700000| Untracked 
|   4|0x0000000081800000, 0x0000000081900000, 0x0000000081900000|100%| O|  |TAMS 0x0000000081800000, 0x0000000081800000| Untracked 
|   5|0x0000000081900000, 0x0000000081a00000, 0x0000000081a00000|100%| O|  |TAMS 0x0000000081900000, 0x0000000081900000| Untracked 
|   6|0x0000000081a00000, 0x0000000081b00000, 0x0000000081b00000|100%| O|  |TAMS 0x0000000081a00000, 0x0000000081a00000| Untracked 
|   7|0x0000000081b00000, 0x0000000081c00000, 0x0000000081c00000|100%| O|  |TAMS 0x0000000081b00000, 0x0000000081b00000| Untracked 
|   8|0x0000000081c00000, 0x0000000081c5e600, 0x0000000081d00000| 36%| O|  |TAMS 0x0000000081c00000, 0x0000000081c00000| Untracked 
|   9|0x0000000081d00000, 0x0000000081d00000, 0x0000000081e00000|  0%| F|  |TAMS 0x0000000081d00000, 0x0000000081d00000| Untracked 
|  10|0x0000000081e00000, 0x0000000081e00000, 0x0000000081f00000|  0%| F|  |TAMS 0x0000000081e00000, 0x0000000081e00000| Untracked 
|  11|0x0000000081f00000, 0x0000000081f00000, 0x0000000082000000|  0%| F|  |TAMS 0x0000000081f00000, 0x0000000081f00000| Untracked 
|  12|0x0000000082000000, 0x0000000082000000, 0x0000000082100000|  0%| F|  |TAMS 0x0000000082000000, 0x0000000082000000| Untracked 
|  13|0x0000000082100000, 0x0000000082100000, 0x0000000082200000|  0%| F|  |TAMS 0x0000000082100000, 0x0000000082100000| Untracked 
|  14|0x0000000082200000, 0x0000000082200000, 0x0000000082300000|  0%| F|  |TAMS 0x0000000082200000, 0x0000000082200000| Untracked 
|  15|0x0000000082300000, 0x0000000082300000, 0x0000000082400000|  0%| F|  |TAMS 0x0000000082300000, 0x0000000082300000| Untracked 
|  16|0x0000000082400000, 0x0000000082400000, 0x0000000082500000|  0%| F|  |TAMS 0x0000000082400000, 0x0000000082400000| Untracked 
|  17|0x0000000082500000, 0x0000000082500000, 0x0000000082600000|  0%| F|  |TAMS 0x0000000082500000, 0x0000000082500000| Untracked 
|  18|0x0000000082600000, 0x0000000082600000, 0x0000000082700000|  0%| F|  |TAMS 0x0000000082600000, 0x0000000082600000| Untracked 
|  19|0x0000000082700000, 0x0000000082700000, 0x0000000082800000|  0%| F|  |TAMS 0x0000000082700000, 0x0000000082700000| Untracked 
|  20|0x0000000082800000, 0x0000000082800000, 0x0000000082900000|  0%| F|  |TAMS 0x0000000082800000, 0x0000000082800000| Untracked 
|  21|0x0000000082900000, 0x0000000082900000, 0x0000000082a00000|  0%| F|  |TAMS 0x0000000082900000, 0x0000000082900000| Untracked 
|  22|0x0000000082a00000, 0x0000000082a00000, 0x0000000082b00000|  0%| F|  |TAMS 0x0000000082a00000, 0x0000000082a00000| Untracked 
|  23|0x0000000082b00000, 0x0000000082b00000, 0x0000000082c00000|  0%| F|  |TAMS 0x0000000082b00000, 0x0000000082b00000| Untracked 
|  24|0x0000000082c00000, 0x0000000082c00000, 0x0000000082d00000|  0%| F|  |TAMS 0x0000000082c00000, 0x0000000082c00000| Untracked 
|  25|0x0000000082d00000, 0x0000000082d00000, 0x0000000082e00000|  0%| F|  |TAMS 0x0000000082d00000, 0x0000000082d00000| Untracked 
|  26|0x0000000082e00000, 0x0000000082e00000, 0x0000000082f00000|  0%| F|  |TAMS 0x0000000082e00000, 0x0000000082e00000| Untracked 
|  27|0x0000000082f00000, 0x0000000082f00000, 0x0000000083000000|  0%| F|  |TAMS 0x0000000082f00000, 0x0000000082f00000| Untracked 
|  28|0x0000000083000000, 0x0000000083000000, 0x0000000083100000|  0%| F|  |TAMS 0x0000000083000000, 0x0000000083000000| Untracked 
|  29|0x0000000083100000, 0x0000000083100000, 0x0000000083200000|  0%| F|  |TAMS 0x0000000083100000, 0x0000000083100000| Untracked 
|  30|0x0000000083200000, 0x0000000083200000, 0x0000000083300000|  0%| F|  |TAMS 0x0000000083200000, 0x0000000083200000| Untracked 
|  31|0x0000000083300000, 0x0000000083300000, 0x0000000083400000|  0%| F|  |TAMS 0x0000000083300000, 0x0000000083300000| Untracked 
|  32|0x0000000083400000, 0x0000000083400000, 0x0000000083500000|  0%| F|  |TAMS 0x0000000083400000, 0x0000000083400000| Untracked 
|  33|0x0000000083500000, 0x0000000083500000, 0x0000000083600000|  0%| F|  |TAMS 0x0000000083500000, 0x0000000083500000| Untracked 
|  34|0x0000000083600000, 0x0000000083600000, 0x0000000083700000|  0%| F|  |TAMS 0x0000000083600000, 0x0000000083600000| Untracked 
|  35|0x0000000083700000, 0x0000000083700000, 0x0000000083800000|  0%| F|  |TAMS 0x0000000083700000, 0x0000000083700000| Untracked 
|  36|0x0000000083800000, 0x0000000083800000, 0x0000000083900000|  0%| F|  |TAMS 0x0000000083800000, 0x0000000083800000| Untracked 
|  37|0x0000000083900000, 0x0000000083900000, 0x0000000083a00000|  0%| F|  |TAMS 0x0000000083900000, 0x0000000083900000| Untracked 
|  38|0x0000000083a00000, 0x0000000083a00000, 0x0000000083b00000|  0%| F|  |TAMS 0x0000000083a00000, 0x0000000083a00000| Untracked 
|  39|0x0000000083b00000, 0x0000000083b00000, 0x0000000083c00000|  0%| F|  |TAMS 0x0000000083b00000, 0x0000000083b00000| Untracked 
|  40|0x0000000083c00000, 0x0000000083c00000, 0x0000000083d00000|  0%| F|  |TAMS 0x0000000083c00000, 0x0000000083c00000| Untracked 
|  41|0x0000000083d00000, 0x0000000083d00000, 0x0000000083e00000|  0%| F|  |TAMS 0x0000000083d00000, 0x0000000083d00000| Untracked 
|  42|0x0000000083e00000, 0x0000000083e00000, 0x0000000083f00000|  0%| F|  |TAMS 0x0000000083e00000, 0x0000000083e00000| Untracked 
|  43|0x0000000083f00000, 0x0000000083f00000, 0x0000000084000000|  0%| F|  |TAMS 0x0000000083f00000, 0x0000000083f00000| Untracked 
|  44|0x0000000084000000, 0x0000000084000000, 0x0000000084100000|  0%| F|  |TAMS 0x0000000084000000, 0x0000000084000000| Untracked 
|  45|0x0000000084100000, 0x0000000084100000, 0x0000000084200000|  0%| F|  |TAMS 0x0000000084100000, 0x0000000084100000| Untracked 
|  46|0x0000000084200000, 0x0000000084200000, 0x0000000084300000|  0%| F|  |TAMS 0x0000000084200000, 0x0000000084200000| Untracked 
|  47|0x0000000084300000, 0x0000000084300000, 0x0000000084400000|  0%| F|  |TAMS 0x0000000084300000, 0x0000000084300000| Untracked 
|  48|0x0000000084400000, 0x0000000084400000, 0x0000000084500000|  0%| F|  |TAMS 0x0000000084400000, 0x0000000084400000| Untracked 
|  49|0x0000000084500000, 0x0000000084500000, 0x0000000084600000|  0%| F|  |TAMS 0x0000000084500000, 0x0000000084500000| Untracked 
|  50|0x0000000084600000, 0x0000000084600000, 0x0000000084700000|  0%| F|  |TAMS 0x0000000084600000, 0x0000000084600000| Untracked 
|  51|0x0000000084700000, 0x0000000084700000, 0x0000000084800000|  0%| F|  |TAMS 0x0000000084700000, 0x0000000084700000| Untracked 
|  52|0x0000000084800000, 0x0000000084800000, 0x0000000084900000|  0%| F|  |TAMS 0x0000000084800000, 0x0000000084800000| Untracked 
|  53|0x0000000084900000, 0x0000000084900000, 0x0000000084a00000|  0%| F|  |TAMS 0x0000000084900000, 0x0000000084900000| Untracked 
|  54|0x0000000084a00000, 0x0000000084a00000, 0x0000000084b00000|  0%| F|  |TAMS 0x0000000084a00000, 0x0000000084a00000| Untracked 
|  55|0x0000000084b00000, 0x0000000084b00000, 0x0000000084c00000|  0%| F|  |TAMS 0x0000000084b00000, 0x0000000084b00000| Untracked 
|  56|0x0000000084c00000, 0x0000000084c00000, 0x0000000084d00000|  0%| F|  |TAMS 0x0000000084c00000, 0x0000000084c00000| Untracked 
|  57|0x0000000084d00000, 0x0000000084d00000, 0x0000000084e00000|  0%| F|  |TAMS 0x0000000084d00000, 0x0000000084d00000| Untracked 
|  58|0x0000000084e00000, 0x0000000084e00000, 0x0000000084f00000|  0%| F|  |TAMS 0x0000000084e00000, 0x0000000084e00000| Untracked 
|  59|0x0000000084f00000, 0x0000000084f00000, 0x0000000085000000|  0%| F|  |TAMS 0x0000000084f00000, 0x0000000084f00000| Untracked 
|  60|0x0000000085000000, 0x0000000085000000, 0x0000000085100000|  0%| F|  |TAMS 0x0000000085000000, 0x0000000085000000| Untracked 
|  61|0x0000000085100000, 0x0000000085100000, 0x0000000085200000|  0%| F|  |TAMS 0x0000000085100000, 0x0000000085100000| Untracked 
|  62|0x0000000085200000, 0x0000000085200000, 0x0000000085300000|  0%| F|  |TAMS 0x0000000085200000, 0x0000000085200000| Untracked 
|  63|0x0000000085300000, 0x0000000085300000, 0x0000000085400000|  0%| F|  |TAMS 0x0000000085300000, 0x0000000085300000| Untracked 
|  64|0x0000000085400000, 0x0000000085400000, 0x0000000085500000|  0%| F|  |TAMS 0x0000000085400000, 0x0000000085400000| Untracked 
|  65|0x0000000085500000, 0x0000000085500000, 0x0000000085600000|  0%| F|  |TAMS 0x0000000085500000, 0x0000000085500000| Untracked 
|  66|0x0000000085600000, 0x0000000085600000, 0x0000000085700000|  0%| F|  |TAMS 0x0000000085600000, 0x0000000085600000| Untracked 
|  67|0x0000000085700000, 0x0000000085800000, 0x0000000085800000|100%| S|CS|TAMS 0x0000000085700000, 0x0000000085700000| Complete 
|  68|0x0000000085800000, 0x0000000085900000, 0x0000000085900000|100%| S|CS|TAMS 0x0000000085800000, 0x0000000085800000| Complete 
|  69|0x0000000085900000, 0x0000000085a00000, 0x0000000085a00000|100%| S|CS|TAMS 0x0000000085900000, 0x0000000085900000| Complete 
|  70|0x0000000085a00000, 0x0000000085b00000, 0x0000000085b00000|100%| S|CS|TAMS 0x0000000085a00000, 0x0000000085a00000| Complete 
|  71|0x0000000085b00000, 0x0000000085c00000, 0x0000000085c00000|100%| S|CS|TAMS 0x0000000085b00000, 0x0000000085b00000| Complete 
|  72|0x0000000085c00000, 0x0000000085d00000, 0x0000000085d00000|100%| S|CS|TAMS 0x0000000085c00000, 0x0000000085c00000| Complete 
|  73|0x0000000085d00000, 0x0000000085e00000, 0x0000000085e00000|100%| S|CS|TAMS 0x0000000085d00000, 0x0000000085d00000| Complete 
|  74|0x0000000085e00000, 0x0000000085e00000, 0x0000000085f00000|  0%| F|  |TAMS 0x0000000085e00000, 0x0000000085e00000| Untracked 
|  75|0x0000000085f00000, 0x0000000085f00000, 0x0000000086000000|  0%| F|  |TAMS 0x0000000085f00000, 0x0000000085f00000| Untracked 
|  76|0x0000000086000000, 0x0000000086000000, 0x0000000086100000|  0%| F|  |TAMS 0x0000000086000000, 0x0000000086000000| Untracked 
|  77|0x0000000086100000, 0x0000000086100000, 0x0000000086200000|  0%| F|  |TAMS 0x0000000086100000, 0x0000000086100000| Untracked 
|  78|0x0000000086200000, 0x0000000086200000, 0x0000000086300000|  0%| F|  |TAMS 0x0000000086200000, 0x0000000086200000| Untracked 
|  79|0x0000000086300000, 0x000000008634fdb0, 0x0000000086400000| 31%| E|  |TAMS 0x0000000086300000, 0x0000000086300000| Complete 
|  80|0x0000000086400000, 0x0000000086500000, 0x0000000086500000|100%| E|CS|TAMS 0x0000000086400000, 0x0000000086400000| Complete 
|  81|0x0000000086500000, 0x0000000086600000, 0x0000000086600000|100%| E|CS|TAMS 0x0000000086500000, 0x0000000086500000| Complete 
|  82|0x0000000086600000, 0x0000000086700000, 0x0000000086700000|100%| E|CS|TAMS 0x0000000086600000, 0x0000000086600000| Complete 
|  83|0x0000000086700000, 0x0000000086800000, 0x0000000086800000|100%| E|CS|TAMS 0x0000000086700000, 0x0000000086700000| Complete 
|  84|0x0000000086800000, 0x0000000086900000, 0x0000000086900000|100%| E|CS|TAMS 0x0000000086800000, 0x0000000086800000| Complete 
|  85|0x0000000086900000, 0x0000000086a00000, 0x0000000086a00000|100%| E|CS|TAMS 0x0000000086900000, 0x0000000086900000| Complete 
|  86|0x0000000086a00000, 0x0000000086b00000, 0x0000000086b00000|100%| E|CS|TAMS 0x0000000086a00000, 0x0000000086a00000| Complete 
|  87|0x0000000086b00000, 0x0000000086c00000, 0x0000000086c00000|100%| E|CS|TAMS 0x0000000086b00000, 0x0000000086b00000| Complete 
|  88|0x0000000086c00000, 0x0000000086d00000, 0x0000000086d00000|100%| E|CS|TAMS 0x0000000086c00000, 0x0000000086c00000| Complete 
|  89|0x0000000086d00000, 0x0000000086e00000, 0x0000000086e00000|100%| E|CS|TAMS 0x0000000086d00000, 0x0000000086d00000| Complete 
|  90|0x0000000086e00000, 0x0000000086f00000, 0x0000000086f00000|100%| E|CS|TAMS 0x0000000086e00000, 0x0000000086e00000| Complete 
|  91|0x0000000086f00000, 0x0000000087000000, 0x0000000087000000|100%| E|CS|TAMS 0x0000000086f00000, 0x0000000086f00000| Complete 
|  92|0x0000000087000000, 0x0000000087100000, 0x0000000087100000|100%| E|CS|TAMS 0x0000000087000000, 0x0000000087000000| Complete 
|  93|0x0000000087100000, 0x0000000087200000, 0x0000000087200000|100%| E|CS|TAMS 0x0000000087100000, 0x0000000087100000| Complete 
|  94|0x0000000087200000, 0x0000000087300000, 0x0000000087300000|100%| E|CS|TAMS 0x0000000087200000, 0x0000000087200000| Complete 
|  95|0x0000000087300000, 0x0000000087400000, 0x0000000087400000|100%| E|CS|TAMS 0x0000000087300000, 0x0000000087300000| Complete 
|  96|0x0000000087400000, 0x0000000087500000, 0x0000000087500000|100%| E|CS|TAMS 0x0000000087400000, 0x0000000087400000| Complete 
|  97|0x0000000087500000, 0x0000000087600000, 0x0000000087600000|100%| E|CS|TAMS 0x0000000087500000, 0x0000000087500000| Complete 
|  98|0x0000000087600000, 0x0000000087700000, 0x0000000087700000|100%| E|CS|TAMS 0x0000000087600000, 0x0000000087600000| Complete 
|  99|0x0000000087700000, 0x0000000087800000, 0x0000000087800000|100%| E|CS|TAMS 0x0000000087700000, 0x0000000087700000| Complete 
| 100|0x0000000087800000, 0x0000000087900000, 0x0000000087900000|100%| E|CS|TAMS 0x0000000087800000, 0x0000000087800000| Complete 
| 101|0x0000000087900000, 0x0000000087a00000, 0x0000000087a00000|100%| E|CS|TAMS 0x0000000087900000, 0x0000000087900000| Complete 
| 102|0x0000000087a00000, 0x0000000087b00000, 0x0000000087b00000|100%| E|CS|TAMS 0x0000000087a00000, 0x0000000087a00000| Complete 
| 103|0x0000000087b00000, 0x0000000087c00000, 0x0000000087c00000|100%| E|CS|TAMS 0x0000000087b00000, 0x0000000087b00000| Complete 
| 104|0x0000000087c00000, 0x0000000087d00000, 0x0000000087d00000|100%| E|CS|TAMS 0x0000000087c00000, 0x0000000087c00000| Complete 
| 105|0x0000000087d00000, 0x0000000087e00000, 0x0000000087e00000|100%| E|CS|TAMS 0x0000000087d00000, 0x0000000087d00000| Complete 
| 106|0x0000000087e00000, 0x0000000087f00000, 0x0000000087f00000|100%| E|CS|TAMS 0x0000000087e00000, 0x0000000087e00000| Complete 
| 107|0x0000000087f00000, 0x0000000088000000, 0x0000000088000000|100%| E|CS|TAMS 0x0000000087f00000, 0x0000000087f00000| Complete 
| 108|0x0000000088000000, 0x0000000088100000, 0x0000000088100000|100%| E|CS|TAMS 0x0000000088000000, 0x0000000088000000| Complete 
| 109|0x0000000088100000, 0x0000000088200000, 0x0000000088200000|100%| E|CS|TAMS 0x0000000088100000, 0x0000000088100000| Complete 
| 110|0x0000000088200000, 0x0000000088300000, 0x0000000088300000|100%| E|CS|TAMS 0x0000000088200000, 0x0000000088200000| Complete 
| 111|0x0000000088300000, 0x0000000088400000, 0x0000000088400000|100%| E|CS|TAMS 0x0000000088300000, 0x0000000088300000| Complete 
| 112|0x0000000088400000, 0x0000000088500000, 0x0000000088500000|100%| E|CS|TAMS 0x0000000088400000, 0x0000000088400000| Complete 
| 113|0x0000000088500000, 0x0000000088600000, 0x0000000088600000|100%| E|CS|TAMS 0x0000000088500000, 0x0000000088500000| Complete 
| 114|0x0000000088600000, 0x0000000088700000, 0x0000000088700000|100%| E|CS|TAMS 0x0000000088600000, 0x0000000088600000| Complete 
| 115|0x0000000088700000, 0x0000000088800000, 0x0000000088800000|100%| E|CS|TAMS 0x0000000088700000, 0x0000000088700000| Complete 
| 116|0x0000000088800000, 0x0000000088900000, 0x0000000088900000|100%| E|CS|TAMS 0x0000000088800000, 0x0000000088800000| Complete 
| 117|0x0000000088900000, 0x0000000088a00000, 0x0000000088a00000|100%| E|CS|TAMS 0x0000000088900000, 0x0000000088900000| Complete 
| 118|0x0000000088a00000, 0x0000000088b00000, 0x0000000088b00000|100%| E|CS|TAMS 0x0000000088a00000, 0x0000000088a00000| Complete 
| 119|0x0000000088b00000, 0x0000000088c00000, 0x0000000088c00000|100%| E|CS|TAMS 0x0000000088b00000, 0x0000000088b00000| Complete 
| 120|0x0000000088c00000, 0x0000000088d00000, 0x0000000088d00000|100%| E|CS|TAMS 0x0000000088c00000, 0x0000000088c00000| Complete 
| 121|0x0000000088d00000, 0x0000000088e00000, 0x0000000088e00000|100%| E|CS|TAMS 0x0000000088d00000, 0x0000000088d00000| Complete 
| 122|0x0000000088e00000, 0x0000000088f00000, 0x0000000088f00000|100%| E|CS|TAMS 0x0000000088e00000, 0x0000000088e00000| Complete 
| 123|0x0000000088f00000, 0x0000000089000000, 0x0000000089000000|100%| E|CS|TAMS 0x0000000088f00000, 0x0000000088f00000| Complete 
| 124|0x0000000089000000, 0x0000000089100000, 0x0000000089100000|100%| E|CS|TAMS 0x0000000089000000, 0x0000000089000000| Complete 
| 125|0x0000000089100000, 0x0000000089200000, 0x0000000089200000|100%| E|CS|TAMS 0x0000000089100000, 0x0000000089100000| Complete 
| 126|0x0000000089200000, 0x0000000089300000, 0x0000000089300000|100%| E|CS|TAMS 0x0000000089200000, 0x0000000089200000| Complete 
| 127|0x0000000089300000, 0x0000000089400000, 0x0000000089400000|100%| E|CS|TAMS 0x0000000089300000, 0x0000000089300000| Complete 

Card table byte_map: [0x0000026045650000,0x0000026045a50000] _byte_map_base: 0x0000026045246000

Marking Bits (Prev, Next): (CMBitMap*) 0x000002602dc79e80, (CMBitMap*) 0x000002602dc79e48
 Prev Bits: [0x0000026047e00000, 0x0000026049db0000)
 Next Bits: [0x0000026045e50000, 0x0000026047e00000)

Polling page: 0x000002602b9d0000

Metaspace:

Usage:
  Non-class:     24.03 MB capacity,    23.17 MB ( 96%) used,   823.15 KB (  3%) free+waste,    50.31 KB ( <1%) overhead. 
      Class:      5.37 MB capacity,     2.70 MB ( 50%) used,     2.64 MB ( 49%) free+waste,    26.63 KB ( <1%) overhead. 
       Both:     29.39 MB capacity,    25.88 MB ( 88%) used,     3.44 MB ( 12%) free+waste,    76.94 KB ( <1%) overhead. 

Virtual space:
  Non-class space:       26.00 MB reserved,      24.25 MB ( 93%) committed 
      Class space:        1.00 GB reserved,       5.38 MB ( <1%) committed 
             Both:        1.03 GB reserved,      29.63 MB (  3%) committed 

Chunk freelists:
   Non-Class:  0 bytes
       Class:  8.00 KB
        Both:  8.00 KB

CodeHeap 'non-profiled nmethods': size=120064Kb used=3110Kb max_used=3110Kb free=116953Kb
 bounds [0x000002603dd10000, 0x000002603e020000, 0x0000026045250000]
CodeHeap 'profiled nmethods': size=120000Kb used=9061Kb max_used=9886Kb free=110938Kb
 bounds [0x00000260367e0000, 0x00000260371a0000, 0x000002603dd10000]
CodeHeap 'non-nmethods': size=5696Kb used=1284Kb max_used=1332Kb free=4411Kb
 bounds [0x0000026036250000, 0x00000260364c0000, 0x00000260367e0000]
 total_blobs=7325 nmethods=4482 adapters=570
 compilation: enabled
              stopped_count=0, restarted_count=0
 full_count=0

Compilation events (10 events):
Event: 3807.063 Thread 0x000002604c2ca800 5165   !   3       org.apache.derby.impl.store.access.heap.HeapPostCommit::purgeCommittedDeletes (182 bytes)
Event: 3807.065 Thread 0x000002604c2ca800 nmethod 5165 0x0000026036aecc90 code [0x0000026036aecf60, 0x0000026036aee100]
Event: 3807.075 Thread 0x000002604c2ca800 5166       3       org.apache.derby.impl.store.raw.data.StoredPage::getFieldOffset (68 bytes)
Event: 3807.076 Thread 0x000002604c2ca800 nmethod 5166 0x0000026036adb010 code [0x0000026036adb280, 0x0000026036adbb60]
Event: 3807.076 Thread 0x000002604c2ca800 5167       3       org.apache.derby.impl.store.raw.data.AllocPage::isLast (17 bytes)
Event: 3807.077 Thread 0x000002604c2ca800 nmethod 5167 0x0000026036a33010 code [0x0000026036a331c0, 0x0000026036a33398]
Event: 3807.083 Thread 0x000002604c2ca800 5168       1       org.apache.derby.impl.sql.catalog.SPSNameCacheable::getIdentity (5 bytes)
Event: 3807.084 Thread 0x000002604c2ca800 nmethod 5168 0x000002603e018c10 code [0x000002603e018dc0, 0x000002603e018ed8]
Event: 3807.097 Thread 0x000002604c2ca800 5169       3       java.lang.StringBuffer::<init> (18 bytes)
Event: 3807.098 Thread 0x000002604c2ca800 nmethod 5169 0x0000026036a7c190 code [0x0000026036a7c380, 0x0000026036a7c880]

GC Heap History (10 events):
Event: 1.294 GC heap before
{Heap before GC invocations=0 (full 0):
 garbage-first heap   total 131072K, used 14336K [0x0000000081400000, 0x0000000100000000)
  region size 1024K, 14 young (14336K), 0 survivors (0K)
 Metaspace       used 14588K, capacity 14880K, committed 14976K, reserved 1062912K
  class space    used 1452K, capacity 1598K, committed 1664K, reserved 1048576K
}
Event: 1.304 GC heap after
{Heap after GC invocations=1 (full 0):
 garbage-first heap   total 131072K, used 3652K [0x0000000081400000, 0x0000000100000000)
  region size 1024K, 2 young (2048K), 2 survivors (2048K)
 Metaspace       used 14588K, capacity 14880K, committed 14976K, reserved 1062912K
  class space    used 1452K, capacity 1598K, committed 1664K, reserved 1048576K
}
Event: 2655.474 GC heap before
{Heap before GC invocations=1 (full 0):
 garbage-first heap   total 131072K, used 7748K [0x0000000081400000, 0x0000000100000000)
  region size 1024K, 6 young (6144K), 2 survivors (2048K)
 Metaspace       used 16209K, capacity 16465K, committed 16640K, reserved 1064960K
  class space    used 1634K, capacity 1765K, committed 1792K, reserved 1048576K
}
Event: 2655.484 GC heap after
{Heap after GC invocations=2 (full 0):
 garbage-first heap   total 131072K, used 4310K [0x0000000081400000, 0x0000000100000000)
  region size 1024K, 1 young (1024K), 1 survivors (1024K)
 Metaspace       used 16209K, capacity 16465K, committed 16640K, reserved 1064960K
  class space    used 1634K, capacity 1765K, committed 1792K, reserved 1048576K
}
Event: 2656.491 GC heap before
{Heap before GC invocations=2 (full 0):
 garbage-first heap   total 131072K, used 14550K [0x0000000081400000, 0x0000000100000000)
  region size 1024K, 13 young (13312K), 1 survivors (1024K)
 Metaspace       used 20926K, capacity 21209K, committed 21248K, reserved 1069056K
  class space    used 2175K, capacity 2289K, committed 2304K, reserved 1048576K
}
Event: 2656.496 GC heap after
{Heap after GC invocations=3 (full 0):
 garbage-first heap   total 131072K, used 5233K [0x0000000081400000, 0x0000000100000000)
  region size 1024K, 2 young (2048K), 2 survivors (2048K)
 Metaspace       used 20926K, capacity 21209K, committed 21248K, reserved 1069056K
  class space    used 2175K, capacity 2289K, committed 2304K, reserved 1048576K
}
Event: 2820.105 GC heap before
{Heap before GC invocations=4 (full 0):
 garbage-first heap   total 131072K, used 42097K [0x0000000081400000, 0x0000000100000000)
  region size 1024K, 39 young (39936K), 2 survivors (2048K)
 Metaspace       used 25065K, capacity 26376K, committed 26624K, reserved 1073152K
  class space    used 2493K, capacity 3325K, committed 3328K, reserved 1048576K
}
Event: 2820.117 GC heap after
{Heap after GC invocations=5 (full 0):
 garbage-first heap   total 131072K, used 10791K [0x0000000081400000, 0x0000000100000000)
  region size 1024K, 5 young (5120K), 5 survivors (5120K)
 Metaspace       used 25065K, capacity 26376K, committed 26624K, reserved 1073152K
  class space    used 2493K, capacity 3325K, committed 3328K, reserved 1048576K
}
Event: 3376.333 GC heap before
{Heap before GC invocations=5 (full 0):
 garbage-first heap   total 131072K, used 60967K [0x0000000081400000, 0x0000000100000000)
  region size 1024K, 54 young (55296K), 5 survivors (5120K)
 Metaspace       used 25899K, capacity 28444K, committed 28544K, reserved 1073152K
  class space    used 2634K, capacity 4432K, committed 4480K, reserved 1048576K
}
Event: 3376.357 GC heap after
{Heap after GC invocations=6 (full 0):
 garbage-first heap   total 131072K, used 15737K [0x0000000081400000, 0x0000000100000000)
  region size 1024K, 7 young (7168K), 7 survivors (7168K)
 Metaspace       used 25899K, capacity 28444K, committed 28544K, reserved 1073152K
  class space    used 2634K, capacity 4432K, committed 4480K, reserved 1048576K
}

Deoptimization events (10 events):
Event: 3750.070 Thread 0x000002604efef800 DEOPT PACKING pc=0x000002603df96df8 sp=0x00000097a42fee80
Event: 3750.070 Thread 0x000002604efef800 DEOPT UNPACKING pc=0x0000026036278f2f sp=0x00000097a42fee60 mode 2
Event: 3750.071 Thread 0x000002604efef800 Uncommon trap: trap_request=0xffffff4d fr.pc=0x000002603dfbd7fc relative=0x00000000000002fc
Event: 3750.071 Thread 0x000002604efef800 Uncommon trap: reason=unstable_if action=reinterpret pc=0x000002603dfbd7fc method=org.apache.derby.impl.drda.DRDAConnThread.writeFdocaVal(ILjava/lang/Object;IIIZLorg/apache/derby/impl/drda/DRDAStatement;Z)V @ 22 c2
Event: 3750.071 Thread 0x000002604efef800 DEOPT PACKING pc=0x000002603dfbd7fc sp=0x00000097a42fee80
Event: 3750.071 Thread 0x000002604efef800 DEOPT UNPACKING pc=0x0000026036278f2f sp=0x00000097a42fee30 mode 2
Event: 3750.075 Thread 0x000002604efef800 Uncommon trap: trap_request=0xffffff4d fr.pc=0x000002603dfb1454 relative=0x00000000000000b4
Event: 3750.075 Thread 0x000002604efef800 Uncommon trap: reason=unstable_if action=reinterpret pc=0x000002603dfb1454 method=org.apache.derby.impl.drda.DRDAStatement$DrdaParamState.clear(Z)V @ 26 c2
Event: 3750.075 Thread 0x000002604efef800 DEOPT PACKING pc=0x000002603dfb1454 sp=0x00000097a42ff1d0
Event: 3750.075 Thread 0x000002604efef800 DEOPT UNPACKING pc=0x0000026036278f2f sp=0x00000097a42ff178 mode 2

Classes redefined (0 events):
No events

Internal exceptions (10 events):
Event: 2743.482 Thread 0x000002604d31c000 Implicit null exception at 0x000002603de7073a to 0x000002603de70de0
Event: 2744.716 Thread 0x000002604e76f800 Exception <a 'sun/net/ConnectionResetException'{0x0000000087ef4b28}: > (0x0000000087ef4b28) thrown at [c:/cygwin64/tmp/openjdk-jdk11u-windows-x64-hotspot/workspace/build/src/src/hotspot/share/prims/jni.cpp, line 636]
Event: 2821.715 Thread 0x000002604d612800 Exception <a 'sun/net/ConnectionResetException'{0x0000000088b00028}: > (0x0000000088b00028) thrown at [c:/cygwin64/tmp/openjdk-jdk11u-windows-x64-hotspot/workspace/build/src/src/hotspot/share/prims/jni.cpp, line 636]
Event: 2846.546 Thread 0x000002604d31c000 Exception <a 'sun/net/ConnectionResetException'{0x0000000088b9b788}: > (0x0000000088b9b788) thrown at [c:/cygwin64/tmp/openjdk-jdk11u-windows-x64-hotspot/workspace/build/src/src/hotspot/share/prims/jni.cpp, line 636]
Event: 2959.338 Thread 0x000002604d31c000 Exception <a 'sun/net/ConnectionResetException'{0x0000000088ba3a80}: > (0x0000000088ba3a80) thrown at [c:/cygwin64/tmp/openjdk-jdk11u-windows-x64-hotspot/workspace/build/src/src/hotspot/share/prims/jni.cpp, line 636]
Event: 3111.665 Thread 0x000002604d31c000 Exception <a 'sun/net/ConnectionResetException'{0x0000000088babd28}: > (0x0000000088babd28) thrown at [c:/cygwin64/tmp/openjdk-jdk11u-windows-x64-hotspot/workspace/build/src/src/hotspot/share/prims/jni.cpp, line 636]
Event: 3378.352 Thread 0x000002604d31c000 Exception <a 'sun/net/ConnectionResetException'{0x0000000088a93758}: > (0x0000000088a93758) thrown at [c:/cygwin64/tmp/openjdk-jdk11u-windows-x64-hotspot/workspace/build/src/src/hotspot/share/prims/jni.cpp, line 636]
Event: 3528.249 Thread 0x000002604d31c000 Exception <a 'sun/net/ConnectionResetException'{0x0000000088a9b9a0}: > (0x0000000088a9b9a0) thrown at [c:/cygwin64/tmp/openjdk-jdk11u-windows-x64-hotspot/workspace/build/src/src/hotspot/share/prims/jni.cpp, line 636]
Event: 3554.098 Thread 0x000002604d31c000 Exception <a 'sun/net/ConnectionResetException'{0x0000000088aa3be8}: > (0x0000000088aa3be8) thrown at [c:/cygwin64/tmp/openjdk-jdk11u-windows-x64-hotspot/workspace/build/src/src/hotspot/share/prims/jni.cpp, line 636]
Event: 3750.727 Thread 0x000002604d31c000 Exception <a 'sun/net/ConnectionResetException'{0x0000000088aabe30}: > (0x0000000088aabe30) thrown at [c:/cygwin64/tmp/openjdk-jdk11u-windows-x64-hotspot/workspace/build/src/src/hotspot/share/prims/jni.cpp, line 636]

Events (10 events):
Event: 3750.049 loading class org/apache/derby/loc/m37_en
Event: 3750.049 loading class org/apache/derby/loc/m37_en done
Event: 3750.051 loading class org/apache/derby/loc/m37_en_US
Event: 3750.051 loading class org/apache/derby/loc/m37_en_US done
Event: 3750.051 loading class org/apache/derby/shared/common/error/MessageUtils
Event: 3750.051 loading class org/apache/derby/shared/common/error/MessageUtils done
Event: 3807.039 Executing VM operation: RevokeBias
Event: 3807.039 Executing VM operation: RevokeBias done
Event: 3807.039 Executing VM operation: RevokeBias
Event: 3807.039 Executing VM operation: RevokeBias done


Dynamic libraries:
0x00007ff6adeb0000 - 0x00007ff6adefa000 	C:\Program Files\AdoptOpenJDK\jdk-11.0.4.11-hotspot\bin\java.exe
0x00007ffd52020000 - 0x00007ffd52210000 	C:\WINDOWS\SYSTEM32\ntdll.dll
0x00007ffd2d610000 - 0x00007ffd2d624000 	C:\Program Files\AVAST Software\Avast\aswhook.dll
0x00007ffd501d0000 - 0x00007ffd50282000 	C:\WINDOWS\System32\KERNEL32.DLL
0x00007ffd4f4a0000 - 0x00007ffd4f743000 	C:\WINDOWS\System32\KERNELBASE.dll
0x00007ffd503a0000 - 0x00007ffd50534000 	C:\WINDOWS\System32\USER32.dll
0x00007ffd4f810000 - 0x00007ffd4f831000 	C:\WINDOWS\System32\win32u.dll
0x00007ffd51fb0000 - 0x00007ffd51fd6000 	C:\WINDOWS\System32\GDI32.dll
0x00007ffd4efb0000 - 0x00007ffd4f144000 	C:\WINDOWS\System32\gdi32full.dll
0x00007ffd4f770000 - 0x00007ffd4f80e000 	C:\WINDOWS\System32\msvcp_win.dll
0x00007ffd4f1a0000 - 0x00007ffd4f29a000 	C:\WINDOWS\System32\ucrtbase.dll
0x00007ffd350e0000 - 0x00007ffd35365000 	C:\WINDOWS\WinSxS\amd64_microsoft.windows.common-controls_6595b64144ccf1df_6.0.18362.535_none_e6c3b34713100821\COMCTL32.dll
0x00007ffd50540000 - 0x00007ffd505de000 	C:\WINDOWS\System32\msvcrt.dll
0x00007ffd50790000 - 0x00007ffd50ac6000 	C:\WINDOWS\System32\combase.dll
0x00007ffd51dc0000 - 0x00007ffd51ee0000 	C:\WINDOWS\System32\RPCRT4.dll
0x00007ffd4ffc0000 - 0x00007ffd50040000 	C:\WINDOWS\System32\bcryptPrimitives.dll
0x00007ffd51c70000 - 0x00007ffd51c9e000 	C:\WINDOWS\System32\IMM32.DLL
0x00007ffd488b0000 - 0x00007ffd488c6000 	C:\Program Files\AdoptOpenJDK\jdk-11.0.4.11-hotspot\bin\vcruntime140.dll
0x00007ffd2e330000 - 0x00007ffd2e3cb000 	C:\Program Files\AdoptOpenJDK\jdk-11.0.4.11-hotspot\bin\msvcp140.dll
0x00007ffd0fce0000 - 0x00007ffd10796000 	C:\Program Files\AdoptOpenJDK\jdk-11.0.4.11-hotspot\bin\server\jvm.dll
0x00007ffd502f0000 - 0x00007ffd50393000 	C:\WINDOWS\System32\ADVAPI32.dll
0x00007ffd50130000 - 0x00007ffd501c7000 	C:\WINDOWS\System32\sechost.dll
0x00007ffd51860000 - 0x00007ffd51868000 	C:\WINDOWS\System32\PSAPI.DLL
0x00007ffd45260000 - 0x00007ffd45269000 	C:\WINDOWS\SYSTEM32\WSOCK32.dll
0x00007ffd51d50000 - 0x00007ffd51dbf000 	C:\WINDOWS\System32\WS2_32.dll
0x00007ffd465c0000 - 0x00007ffd465e4000 	C:\WINDOWS\SYSTEM32\WINMM.dll
0x00007ffd49610000 - 0x00007ffd4961a000 	C:\WINDOWS\SYSTEM32\VERSION.dll
0x00007ffd46380000 - 0x00007ffd463ad000 	C:\WINDOWS\SYSTEM32\WINMMBASE.dll
0x00007ffd4f150000 - 0x00007ffd4f19a000 	C:\WINDOWS\System32\cfgmgr32.dll
0x00007ffd4ef90000 - 0x00007ffd4efa1000 	C:\WINDOWS\System32\kernel.appcore.dll
0x00007ffd4ab30000 - 0x00007ffd4ab40000 	C:\Program Files\AdoptOpenJDK\jdk-11.0.4.11-hotspot\bin\verify.dll
0x00007ffd4d7d0000 - 0x00007ffd4d9c4000 	C:\WINDOWS\SYSTEM32\DBGHELP.DLL
0x00007ffd48490000 - 0x00007ffd484ba000 	C:\WINDOWS\SYSTEM32\dbgcore.DLL
0x00007ffd47320000 - 0x00007ffd47348000 	C:\Program Files\AdoptOpenJDK\jdk-11.0.4.11-hotspot\bin\java.dll
0x00007ffd47070000 - 0x00007ffd47086000 	C:\Program Files\AdoptOpenJDK\jdk-11.0.4.11-hotspot\bin\zip.dll
0x00007ffd4a9c0000 - 0x00007ffd4a9ca000 	C:\Program Files\AdoptOpenJDK\jdk-11.0.4.11-hotspot\bin\jimage.dll
0x00007ffd50f50000 - 0x00007ffd51635000 	C:\WINDOWS\System32\SHELL32.dll
0x00007ffd50640000 - 0x00007ffd506e9000 	C:\WINDOWS\System32\shcore.dll
0x00007ffd4f840000 - 0x00007ffd4ffbf000 	C:\WINDOWS\System32\windows.storage.dll
0x00007ffd4ef70000 - 0x00007ffd4ef8f000 	C:\WINDOWS\System32\profapi.dll
0x00007ffd4ef20000 - 0x00007ffd4ef6a000 	C:\WINDOWS\System32\powrprof.dll
0x00007ffd4eef0000 - 0x00007ffd4ef00000 	C:\WINDOWS\System32\UMPDC.dll
0x00007ffd505e0000 - 0x00007ffd50632000 	C:\WINDOWS\System32\shlwapi.dll
0x00007ffd4f750000 - 0x00007ffd4f767000 	C:\WINDOWS\System32\cryptsp.dll
0x00007ffd46630000 - 0x00007ffd46649000 	C:\Program Files\AdoptOpenJDK\jdk-11.0.4.11-hotspot\bin\net.dll
0x00007ffd49280000 - 0x00007ffd49370000 	C:\WINDOWS\SYSTEM32\WINHTTP.dll
0x00007ffd455c0000 - 0x00007ffd45796000 	C:\WINDOWS\SYSTEM32\urlmon.dll
0x00007ffd43e10000 - 0x00007ffd440b6000 	C:\WINDOWS\SYSTEM32\iertutil.dll
0x00007ffd4e8d0000 - 0x00007ffd4e8dc000 	C:\WINDOWS\SYSTEM32\CRYPTBASE.DLL
0x00007ffd4e700000 - 0x00007ffd4e767000 	C:\WINDOWS\system32\mswsock.dll
0x00007ffd463e0000 - 0x00007ffd463f2000 	C:\Program Files\AdoptOpenJDK\jdk-11.0.4.11-hotspot\bin\nio.dll
0x00007ffd44340000 - 0x00007ffd44366000 	C:\Program Files\AdoptOpenJDK\jdk-11.0.4.11-hotspot\bin\sunec.dll
0x00007ffd4a980000 - 0x00007ffd4a98d000 	C:\Program Files\AdoptOpenJDK\jdk-11.0.4.11-hotspot\bin\sunmscapi.dll
0x00007ffd4f350000 - 0x00007ffd4f499000 	C:\WINDOWS\System32\CRYPT32.dll
0x00007ffd4ef00000 - 0x00007ffd4ef12000 	C:\WINDOWS\System32\MSASN1.dll
0x00007ffd4e9d0000 - 0x00007ffd4e9f6000 	C:\WINDOWS\SYSTEM32\ncrypt.dll
0x00007ffd50040000 - 0x00007ffd50066000 	C:\WINDOWS\System32\bcrypt.dll
0x00007ffd4e990000 - 0x00007ffd4e9cb000 	C:\WINDOWS\SYSTEM32\NTASN1.dll
0x00007ffd4a860000 - 0x00007ffd4a869000 	C:\Program Files\AdoptOpenJDK\jdk-11.0.4.11-hotspot\bin\management.dll
0x00007ffd4a5f0000 - 0x00007ffd4a5fb000 	C:\Program Files\AdoptOpenJDK\jdk-11.0.4.11-hotspot\bin\management_ext.dll
0x00007ffd4e450000 - 0x00007ffd4e51a000 	C:\WINDOWS\SYSTEM32\DNSAPI.dll
0x00007ffd519b0000 - 0x00007ffd519b8000 	C:\WINDOWS\System32\NSI.dll
0x00007ffd4e410000 - 0x00007ffd4e44a000 	C:\WINDOWS\SYSTEM32\IPHLPAPI.DLL
0x00007ffd465f0000 - 0x00007ffd465fa000 	C:\Windows\System32\rasadhlp.dll
0x00007ffd47790000 - 0x00007ffd47807000 	C:\WINDOWS\System32\fwpuclnt.dll
0x00007ffd36c50000 - 0x00007ffd36c66000 	C:\WINDOWS\system32\napinsp.dll
0x00007ffd36c30000 - 0x00007ffd36c4a000 	C:\WINDOWS\system32\pnrpnsp.dll
0x00007ffd36c20000 - 0x00007ffd36c2e000 	C:\WINDOWS\System32\winrnr.dll
0x00007ffd485e0000 - 0x00007ffd485fc000 	C:\WINDOWS\system32\NLAapi.dll
0x00007ffd36c00000 - 0x00007ffd36c15000 	C:\WINDOWS\system32\wshbth.dll

dbghelp: loaded successfully - version: 4.0.5 - missing functions: none
symbol engine: initialized successfully - sym options: 0x614 - pdb path: .;C:\Program Files\AdoptOpenJDK\jdk-11.0.4.11-hotspot\bin;C:\WINDOWS\SYSTEM32;C:\Program Files\AVAST Software\Avast;C:\WINDOWS\WinSxS\amd64_microsoft.windows.common-controls_6595b64144ccf1df_6.0.18362.535_none_e6c3b34713100821;C:\Program Files\AdoptOpenJDK\jdk-11.0.4.11-hotspot\bin\server

VM Arguments:
java_command: org.apache.derby.drda.NetworkServerControl start -noSecurityManager
java_class_path (initial): C:\opt\db-derby-10.14.2.0-bin\bin\../lib/derby.jar;C:\opt\db-derby-10.14.2.0-bin\bin\../lib/derbynet.jar;C:\opt\db-derby-10.14.2.0-bin\bin\../lib/derbyclient.jar;C:\opt\db-derby-10.14.2.0-bin\bin\../lib/derbytools.jar;C:\opt\db-derby-10.14.2.0-bin\bin\../lib/derbyoptionaltools.jar
Launcher Type: SUN_STANDARD

[Global flags]
     intx CICompilerCount                          = 3                                         {product} {ergonomic}
     uint ConcGCThreads                            = 1                                         {product} {ergonomic}
     uint G1ConcRefinementThreads                  = 4                                         {product} {ergonomic}
   size_t G1HeapRegionSize                         = 1048576                                   {product} {ergonomic}
    uintx GCDrainStackTargetSize                   = 64                                        {product} {ergonomic}
   size_t InitialHeapSize                          = 134217728                                 {product} {ergonomic}
   size_t MarkStackSize                            = 4194304                                   {product} {ergonomic}
   size_t MaxHeapSize                              = 2126512128                                {product} {ergonomic}
   size_t MaxNewSize                               = 1275068416                                {product} {ergonomic}
   size_t MinHeapDeltaBytes                        = 1048576                                   {product} {ergonomic}
    uintx NonNMethodCodeHeapSize                   = 5830092                                {pd product} {ergonomic}
    uintx NonProfiledCodeHeapSize                  = 122914074                              {pd product} {ergonomic}
    uintx ProfiledCodeHeapSize                     = 122914074                              {pd product} {ergonomic}
    uintx ReservedCodeCacheSize                    = 251658240                              {pd product} {ergonomic}
     bool SegmentedCodeCache                       = true                                      {product} {ergonomic}
     bool UseCompressedClassPointers               = true                                 {lp64_product} {ergonomic}
     bool UseCompressedOops                        = true                                 {lp64_product} {ergonomic}
     bool UseG1GC                                  = true                                      {product} {ergonomic}
     bool UseLargePagesIndividualAllocation        = false                                  {pd product} {ergonomic}

Logging:
Log output configuration:
 #0: stdout all=warning uptime,level,tags
 #1: stderr all=off uptime,level,tags

Environment Variables:
PATH=C:\Program Files\AdoptOpenJDK\jdk-11.0.4.11-hotspot\bin;C:\Program Files (x86)\Common Files\Intel\Shared Libraries\redist\intel64\compiler;C:\ProgramData\Oracle\Java\javapath;C:\Program Files (x86)\Intel\iCLS Client\;C:\Program Files\Intel\iCLS Client\;C:\WINDOWS\system32;C:\WINDOWS;C:\WINDOWS\System32\Wbem;C:\WINDOWS\System32\WindowsPowerShell\v1.0\;C:\Program Files (x86)\Intel\Intel(R) Management Engine Components\DAL;C:\Program Files\Intel\Intel(R) Management Engine Components\DAL;C:\Program Files (x86)\Intel\Intel(R) Management Engine Components\IPT;C:\Program Files\Intel\Intel(R) Management Engine Components\IPT;C:\Program Files (x86)\Common Files\Acronis\VirtualFile\;C:\Program Files (x86)\Common Files\Acronis\VirtualFile64\;C:\Program Files (x86)\Common Files\Acronis\SnapAPI\;C:\WINDOWS\System32\OpenSSH\;C:\Program Files\PuTTY\;C:\Program Files\Git\cmd;C:\xampp\php;C:\ProgramData\ComposerSetup\bin;C:\Users\jonas\AppData\Local\Microsoft\WindowsApps;;C:\Users\jonas\AppData\Roaming\Composer\vendor\bin
USERNAME=jonas
OS=Windows_NT
PROCESSOR_IDENTIFIER=Intel64 Family 6 Model 78 Stepping 3, GenuineIntel



---------------  S Y S T E M  ---------------

OS: Windows 10 , 64 bit Build 18362 (10.0.18362.329)

CPU:total 4 (initial active 4) (2 cores per cpu, 2 threads per core) family 6 model 78 stepping 3, cmov, cx8, fxsr, mmx, sse, sse2, sse3, ssse3, sse4.1, sse4.2, popcnt, avx, avx2, aes, clmul, erms, 3dnowpref, lzcnt, ht, tsc, tscinvbit, bmi1, bmi2, adx, fma

Memory: 4k page, system-wide physical 8108M (822M free)
TotalPageFile size 10028M (AvailPageFile size 10M)
current process WorkingSet (physical memory assigned to process): 145M, peak: 164M
current process commit charge ("private bytes"): 243M, peak: 262M

vm_info: OpenJDK 64-Bit Server VM (11.0.4+11) for windows-amd64 JRE (11.0.4+11), built on Jul 18 2019 06:43:34 by "" with MS VC++ 15.8 (VS2017)

END.
