#
# There is insufficient memory for the Java Runtime Environment to continue.
# Native memory allocation (malloc) failed to allocate 224496 bytes for Chunk::new
# Possible reasons:
#   The system is out of physical RAM or swap space
#   The process is running with CompressedOops enabled, and the Java Heap may be blocking the growth of the native heap
# Possible solutions:
#   Reduce memory load on the system
#   Increase physical memory or swap space
#   Check if swap backing store is full
#   Decrease Java heap size (-Xmx/-Xms)
#   Decrease number of Java threads
#   Decrease Java thread stack sizes (-Xss)
#   Set larger code cache with -XX:ReservedCodeCacheSize=
#   JVM is running with Unscaled Compressed Oops mode in which the Java heap is
#     placed in the first 4GB address space. The Java Heap base address is the
#     maximum limit for the native heap growth. Please use -XX:HeapBaseMinAddress
#     to set the Java Heap base and to place the Java Heap above 4GB virtual address.
# This output file may be truncated or incomplete.
#
#  Out of Memory Error (c:/cygwin64/tmp/openjdk-jdk11u-windows-x64-hotspot/workspace/build/src/src/hotspot/share/memory/arena.cpp:197), pid=2308, tid=16624
#
# JRE version: OpenJDK Runtime Environment (11.0.4+11) (build 11.0.4+11)
# Java VM: OpenJDK 64-Bit Server VM (11.0.4+11, mixed mode, tiered, compressed oops, g1 gc, windows-amd64)
# No core dump will be written. Minidumps are not enabled by default on client versions of Windows
#

---------------  S U M M A R Y ------------

Command Line: -ea -Didea.test.cyclic.buffer.size=1048576 -javaagent:C:\Users\jonas\AppData\Local\JetBrains\Toolbox\apps\IDEA-U\ch-0\183.5912.21\lib\idea_rt.jar=53841:C:\Users\jonas\AppData\Local\JetBrains\Toolbox\apps\IDEA-U\ch-0\183.5912.21\bin -Dfile.encoding=UTF-8 com.intellij.rt.execution.junit.JUnitStarter -ideVersion5 -junit5 at.htl.gotjdbcrepository.control.PersonRepositoryTest,test120_findByHouse

Host: Intel(R) Core(TM) i3-6006U CPU @ 2.00GHz, 4 cores, 7G,  Windows 10 , 64 bit Build 18362 (10.0.18362.329)
Time: Thu Jan 16 15:25:54 2020 Mitteleuropäische Zeit elapsed time: 4 seconds (0d 0h 0m 4s)

---------------  T H R E A D  ---------------

Current thread (0x000001e6ba58a800):  JavaThread "C2 CompilerThread0" daemon [_thread_in_native, id=16624, stack(0x000000e4a8e00000,0x000000e4a8f00000)]


Current CompileTask:
C2:   4046 1809   !   4       java.util.zip.ZipFile::getEntry (73 bytes)

Stack: [0x000000e4a8e00000,0x000000e4a8f00000]
Native frames: (J=compiled Java code, j=interpreted, Vv=VM code, C=native code)
V  [jvm.dll+0x5d700a]
V  [jvm.dll+0x70bbce]
V  [jvm.dll+0x70d25b]
V  [jvm.dll+0x70d923]
V  [jvm.dll+0x23f5f8]
V  [jvm.dll+0xb982c]
V  [jvm.dll+0xb9dbc]
V  [jvm.dll+0x3411b7]
V  [jvm.dll+0x30f2a3]
V  [jvm.dll+0x30e68a]
V  [jvm.dll+0x1f9d25]
V  [jvm.dll+0x1f8edf]
V  [jvm.dll+0x17defc]
V  [jvm.dll+0x207d07]
V  [jvm.dll+0x20626e]
V  [jvm.dll+0x6d480c]
V  [jvm.dll+0x6cd85c]
V  [jvm.dll+0x5d6286]
C  [ucrtbase.dll+0x20e72]
C  [KERNEL32.DLL+0x17bd4]
C  [ntdll.dll+0x6ced1]


---------------  P R O C E S S  ---------------

Threads class SMR info:
_java_thread_list=0x000001e6bbf53750, length=11, elements={
0x000001e69bf00000, 0x000001e6ba56d800, 0x000001e6ba570800, 0x000001e6baf12800,
0x000001e6ba588800, 0x000001e6ba58a800, 0x000001e6ba590000, 0x000001e6ba596800,
0x000001e6ba501000, 0x000001e6bb258800, 0x000001e6bb259800
}

Java Threads: ( => current thread )
  0x000001e69bf00000 JavaThread "main" [_thread_in_vm, id=19280, stack(0x000000e4a8300000,0x000000e4a8400000)]
  0x000001e6ba56d800 JavaThread "Reference Handler" daemon [_thread_blocked, id=23008, stack(0x000000e4a8a00000,0x000000e4a8b00000)]
  0x000001e6ba570800 JavaThread "Finalizer" daemon [_thread_blocked, id=22888, stack(0x000000e4a8b00000,0x000000e4a8c00000)]
  0x000001e6baf12800 JavaThread "Signal Dispatcher" daemon [_thread_blocked, id=6364, stack(0x000000e4a8c00000,0x000000e4a8d00000)]
  0x000001e6ba588800 JavaThread "Attach Listener" daemon [_thread_blocked, id=4176, stack(0x000000e4a8d00000,0x000000e4a8e00000)]
=>0x000001e6ba58a800 JavaThread "C2 CompilerThread0" daemon [_thread_in_native, id=16624, stack(0x000000e4a8e00000,0x000000e4a8f00000)]
  0x000001e6ba590000 JavaThread "C1 CompilerThread0" daemon [_thread_in_native, id=20804, stack(0x000000e4a8f00000,0x000000e4a9000000)]
  0x000001e6ba596800 JavaThread "Sweeper thread" daemon [_thread_blocked, id=13932, stack(0x000000e4a9000000,0x000000e4a9100000)]
  0x000001e6ba501000 JavaThread "Common-Cleaner" daemon [_thread_blocked, id=17268, stack(0x000000e4a9100000,0x000000e4a9200000)]
  0x000001e6bb258800 JavaThread "Monitor Ctrl-Break" daemon [_thread_in_native, id=6836, stack(0x000000e4a9200000,0x000000e4a9300000)]
  0x000001e6bb259800 JavaThread "Service Thread" daemon [_thread_blocked, id=22616, stack(0x000000e4a9300000,0x000000e4a9400000)]

Other Threads:
  0x000001e6ba546800 VMThread "VM Thread" [stack: 0x000000e4a8900000,0x000000e4a8a00000] [id=7256]
  0x000001e6bb1f4800 WatcherThread [stack: 0x000000e4a9400000,0x000000e4a9500000] [id=12016]
  0x000001e69bf15800 GCTaskThread "GC Thread#0" [stack: 0x000000e4a8400000,0x000000e4a8500000] [id=21996]
  0x000001e6bb524800 GCTaskThread "GC Thread#1" [stack: 0x000000e4a9500000,0x000000e4a9600000] [id=13156]
  0x000001e6bb538800 GCTaskThread "GC Thread#2" [stack: 0x000000e4a9600000,0x000000e4a9700000] [id=7292]
  0x000001e69bf48000 ConcurrentGCThread "G1 Main Marker" [stack: 0x000000e4a8500000,0x000000e4a8600000] [id=11076]
  0x000001e69bf49800 ConcurrentGCThread "G1 Conc#0" [stack: 0x000000e4a8600000,0x000000e4a8700000] [id=17800]
  0x000001e69bfcd800 ConcurrentGCThread "G1 Refine#0" [stack: 0x000000e4a8700000,0x000000e4a8800000] [id=9768]
  0x000001e6ba3b0800 ConcurrentGCThread "G1 Young RemSet Sampling" [stack: 0x000000e4a8800000,0x000000e4a8900000] [id=18320]

Threads with active compile tasks:
C2 CompilerThread01809   !   4       java.util.zip.ZipFile::getEntry (73 bytes)
C1 CompilerThread01823       3       java.util.stream.AbstractPipeline::wrapSink (37 bytes)

VM state:not at safepoint (normal execution)

VM Mutex/Monitor currently owned by a thread: None

Heap address: 0x0000000081400000, size: 2028 MB, Compressed Oops mode: 32-bit
Narrow klass base: 0x0000000000000000, Narrow klass shift: 3
Compressed class space size: 1073741824 Address: 0x0000000100000000

Heap:
 garbage-first heap   total 131072K, used 34560K [0x0000000081400000, 0x0000000100000000)
  region size 1024K, 35 young (35840K), 2 survivors (2048K)
 Metaspace       used 15965K, capacity 16493K, committed 16768K, reserved 1064960K
  class space    used 1685K, capacity 1895K, committed 1920K, reserved 1048576K
Heap Regions: E=young(eden), S=young(survivor), O=old, HS=humongous(starts), HC=humongous(continues), CS=collection set, F=free, A=archive, TAMS=top-at-mark-start (previous, next)
|   0|0x0000000081400000, 0x00000000814c0200, 0x0000000081500000| 75%| O|  |TAMS 0x0000000081400000, 0x0000000081400000| Untracked 
|   1|0x0000000081500000, 0x0000000081500000, 0x0000000081600000|  0%| F|  |TAMS 0x0000000081500000, 0x0000000081500000| Untracked 
|   2|0x0000000081600000, 0x0000000081600000, 0x0000000081700000|  0%| F|  |TAMS 0x0000000081600000, 0x0000000081600000| Untracked 
|   3|0x0000000081700000, 0x0000000081700000, 0x0000000081800000|  0%| F|  |TAMS 0x0000000081700000, 0x0000000081700000| Untracked 
|   4|0x0000000081800000, 0x0000000081800000, 0x0000000081900000|  0%| F|  |TAMS 0x0000000081800000, 0x0000000081800000| Untracked 
|   5|0x0000000081900000, 0x0000000081900000, 0x0000000081a00000|  0%| F|  |TAMS 0x0000000081900000, 0x0000000081900000| Untracked 
|   6|0x0000000081a00000, 0x0000000081a00000, 0x0000000081b00000|  0%| F|  |TAMS 0x0000000081a00000, 0x0000000081a00000| Untracked 
|   7|0x0000000081b00000, 0x0000000081b00000, 0x0000000081c00000|  0%| F|  |TAMS 0x0000000081b00000, 0x0000000081b00000| Untracked 
|   8|0x0000000081c00000, 0x0000000081c00000, 0x0000000081d00000|  0%| F|  |TAMS 0x0000000081c00000, 0x0000000081c00000| Untracked 
|   9|0x0000000081d00000, 0x0000000081d00000, 0x0000000081e00000|  0%| F|  |TAMS 0x0000000081d00000, 0x0000000081d00000| Untracked 
|  10|0x0000000081e00000, 0x0000000081e00000, 0x0000000081f00000|  0%| F|  |TAMS 0x0000000081e00000, 0x0000000081e00000| Untracked 
|  11|0x0000000081f00000, 0x0000000081f00000, 0x0000000082000000|  0%| F|  |TAMS 0x0000000081f00000, 0x0000000081f00000| Untracked 
|  12|0x0000000082000000, 0x0000000082000000, 0x0000000082100000|  0%| F|  |TAMS 0x0000000082000000, 0x0000000082000000| Untracked 
|  13|0x0000000082100000, 0x0000000082100000, 0x0000000082200000|  0%| F|  |TAMS 0x0000000082100000, 0x0000000082100000| Untracked 
|  14|0x0000000082200000, 0x0000000082200000, 0x0000000082300000|  0%| F|  |TAMS 0x0000000082200000, 0x0000000082200000| Untracked 
|  15|0x0000000082300000, 0x0000000082300000, 0x0000000082400000|  0%| F|  |TAMS 0x0000000082300000, 0x0000000082300000| Untracked 
|  16|0x0000000082400000, 0x0000000082400000, 0x0000000082500000|  0%| F|  |TAMS 0x0000000082400000, 0x0000000082400000| Untracked 
|  17|0x0000000082500000, 0x0000000082500000, 0x0000000082600000|  0%| F|  |TAMS 0x0000000082500000, 0x0000000082500000| Untracked 
|  18|0x0000000082600000, 0x0000000082600000, 0x0000000082700000|  0%| F|  |TAMS 0x0000000082600000, 0x0000000082600000| Untracked 
|  19|0x0000000082700000, 0x0000000082700000, 0x0000000082800000|  0%| F|  |TAMS 0x0000000082700000, 0x0000000082700000| Untracked 
|  20|0x0000000082800000, 0x0000000082800000, 0x0000000082900000|  0%| F|  |TAMS 0x0000000082800000, 0x0000000082800000| Untracked 
|  21|0x0000000082900000, 0x0000000082900000, 0x0000000082a00000|  0%| F|  |TAMS 0x0000000082900000, 0x0000000082900000| Untracked 
|  22|0x0000000082a00000, 0x0000000082a00000, 0x0000000082b00000|  0%| F|  |TAMS 0x0000000082a00000, 0x0000000082a00000| Untracked 
|  23|0x0000000082b00000, 0x0000000082b00000, 0x0000000082c00000|  0%| F|  |TAMS 0x0000000082b00000, 0x0000000082b00000| Untracked 
|  24|0x0000000082c00000, 0x0000000082c00000, 0x0000000082d00000|  0%| F|  |TAMS 0x0000000082c00000, 0x0000000082c00000| Untracked 
|  25|0x0000000082d00000, 0x0000000082d00000, 0x0000000082e00000|  0%| F|  |TAMS 0x0000000082d00000, 0x0000000082d00000| Untracked 
|  26|0x0000000082e00000, 0x0000000082e00000, 0x0000000082f00000|  0%| F|  |TAMS 0x0000000082e00000, 0x0000000082e00000| Untracked 
|  27|0x0000000082f00000, 0x0000000082f00000, 0x0000000083000000|  0%| F|  |TAMS 0x0000000082f00000, 0x0000000082f00000| Untracked 
|  28|0x0000000083000000, 0x0000000083000000, 0x0000000083100000|  0%| F|  |TAMS 0x0000000083000000, 0x0000000083000000| Untracked 
|  29|0x0000000083100000, 0x0000000083100000, 0x0000000083200000|  0%| F|  |TAMS 0x0000000083100000, 0x0000000083100000| Untracked 
|  30|0x0000000083200000, 0x0000000083200000, 0x0000000083300000|  0%| F|  |TAMS 0x0000000083200000, 0x0000000083200000| Untracked 
|  31|0x0000000083300000, 0x0000000083300000, 0x0000000083400000|  0%| F|  |TAMS 0x0000000083300000, 0x0000000083300000| Untracked 
|  32|0x0000000083400000, 0x0000000083400000, 0x0000000083500000|  0%| F|  |TAMS 0x0000000083400000, 0x0000000083400000| Untracked 
|  33|0x0000000083500000, 0x0000000083500000, 0x0000000083600000|  0%| F|  |TAMS 0x0000000083500000, 0x0000000083500000| Untracked 
|  34|0x0000000083600000, 0x0000000083600000, 0x0000000083700000|  0%| F|  |TAMS 0x0000000083600000, 0x0000000083600000| Untracked 
|  35|0x0000000083700000, 0x0000000083700000, 0x0000000083800000|  0%| F|  |TAMS 0x0000000083700000, 0x0000000083700000| Untracked 
|  36|0x0000000083800000, 0x0000000083800000, 0x0000000083900000|  0%| F|  |TAMS 0x0000000083800000, 0x0000000083800000| Untracked 
|  37|0x0000000083900000, 0x0000000083900000, 0x0000000083a00000|  0%| F|  |TAMS 0x0000000083900000, 0x0000000083900000| Untracked 
|  38|0x0000000083a00000, 0x0000000083a00000, 0x0000000083b00000|  0%| F|  |TAMS 0x0000000083a00000, 0x0000000083a00000| Untracked 
|  39|0x0000000083b00000, 0x0000000083b00000, 0x0000000083c00000|  0%| F|  |TAMS 0x0000000083b00000, 0x0000000083b00000| Untracked 
|  40|0x0000000083c00000, 0x0000000083c00000, 0x0000000083d00000|  0%| F|  |TAMS 0x0000000083c00000, 0x0000000083c00000| Untracked 
|  41|0x0000000083d00000, 0x0000000083d00000, 0x0000000083e00000|  0%| F|  |TAMS 0x0000000083d00000, 0x0000000083d00000| Untracked 
|  42|0x0000000083e00000, 0x0000000083e00000, 0x0000000083f00000|  0%| F|  |TAMS 0x0000000083e00000, 0x0000000083e00000| Untracked 
|  43|0x0000000083f00000, 0x0000000083f00000, 0x0000000084000000|  0%| F|  |TAMS 0x0000000083f00000, 0x0000000083f00000| Untracked 
|  44|0x0000000084000000, 0x0000000084000000, 0x0000000084100000|  0%| F|  |TAMS 0x0000000084000000, 0x0000000084000000| Untracked 
|  45|0x0000000084100000, 0x0000000084100000, 0x0000000084200000|  0%| F|  |TAMS 0x0000000084100000, 0x0000000084100000| Untracked 
|  46|0x0000000084200000, 0x0000000084200000, 0x0000000084300000|  0%| F|  |TAMS 0x0000000084200000, 0x0000000084200000| Untracked 
|  47|0x0000000084300000, 0x0000000084300000, 0x0000000084400000|  0%| F|  |TAMS 0x0000000084300000, 0x0000000084300000| Untracked 
|  48|0x0000000084400000, 0x0000000084400000, 0x0000000084500000|  0%| F|  |TAMS 0x0000000084400000, 0x0000000084400000| Untracked 
|  49|0x0000000084500000, 0x0000000084500000, 0x0000000084600000|  0%| F|  |TAMS 0x0000000084500000, 0x0000000084500000| Untracked 
|  50|0x0000000084600000, 0x0000000084600000, 0x0000000084700000|  0%| F|  |TAMS 0x0000000084600000, 0x0000000084600000| Untracked 
|  51|0x0000000084700000, 0x0000000084700000, 0x0000000084800000|  0%| F|  |TAMS 0x0000000084700000, 0x0000000084700000| Untracked 
|  52|0x0000000084800000, 0x0000000084800000, 0x0000000084900000|  0%| F|  |TAMS 0x0000000084800000, 0x0000000084800000| Untracked 
|  53|0x0000000084900000, 0x0000000084900000, 0x0000000084a00000|  0%| F|  |TAMS 0x0000000084900000, 0x0000000084900000| Untracked 
|  54|0x0000000084a00000, 0x0000000084a00000, 0x0000000084b00000|  0%| F|  |TAMS 0x0000000084a00000, 0x0000000084a00000| Untracked 
|  55|0x0000000084b00000, 0x0000000084b00000, 0x0000000084c00000|  0%| F|  |TAMS 0x0000000084b00000, 0x0000000084b00000| Untracked 
|  56|0x0000000084c00000, 0x0000000084c00000, 0x0000000084d00000|  0%| F|  |TAMS 0x0000000084c00000, 0x0000000084c00000| Untracked 
|  57|0x0000000084d00000, 0x0000000084d00000, 0x0000000084e00000|  0%| F|  |TAMS 0x0000000084d00000, 0x0000000084d00000| Untracked 
|  58|0x0000000084e00000, 0x0000000084e00000, 0x0000000084f00000|  0%| F|  |TAMS 0x0000000084e00000, 0x0000000084e00000| Untracked 
|  59|0x0000000084f00000, 0x0000000084f00000, 0x0000000085000000|  0%| F|  |TAMS 0x0000000084f00000, 0x0000000084f00000| Untracked 
|  60|0x0000000085000000, 0x0000000085000000, 0x0000000085100000|  0%| F|  |TAMS 0x0000000085000000, 0x0000000085000000| Untracked 
|  61|0x0000000085100000, 0x0000000085100000, 0x0000000085200000|  0%| F|  |TAMS 0x0000000085100000, 0x0000000085100000| Untracked 
|  62|0x0000000085200000, 0x0000000085200000, 0x0000000085300000|  0%| F|  |TAMS 0x0000000085200000, 0x0000000085200000| Untracked 
|  63|0x0000000085300000, 0x0000000085300000, 0x0000000085400000|  0%| F|  |TAMS 0x0000000085300000, 0x0000000085300000| Untracked 
|  64|0x0000000085400000, 0x0000000085400000, 0x0000000085500000|  0%| F|  |TAMS 0x0000000085400000, 0x0000000085400000| Untracked 
|  65|0x0000000085500000, 0x0000000085500000, 0x0000000085600000|  0%| F|  |TAMS 0x0000000085500000, 0x0000000085500000| Untracked 
|  66|0x0000000085600000, 0x0000000085600000, 0x0000000085700000|  0%| F|  |TAMS 0x0000000085600000, 0x0000000085600000| Untracked 
|  67|0x0000000085700000, 0x0000000085700000, 0x0000000085800000|  0%| F|  |TAMS 0x0000000085700000, 0x0000000085700000| Untracked 
|  68|0x0000000085800000, 0x0000000085800000, 0x0000000085900000|  0%| F|  |TAMS 0x0000000085800000, 0x0000000085800000| Untracked 
|  69|0x0000000085900000, 0x0000000085900000, 0x0000000085a00000|  0%| F|  |TAMS 0x0000000085900000, 0x0000000085900000| Untracked 
|  70|0x0000000085a00000, 0x0000000085a00000, 0x0000000085b00000|  0%| F|  |TAMS 0x0000000085a00000, 0x0000000085a00000| Untracked 
|  71|0x0000000085b00000, 0x0000000085b00000, 0x0000000085c00000|  0%| F|  |TAMS 0x0000000085b00000, 0x0000000085b00000| Untracked 
|  72|0x0000000085c00000, 0x0000000085c00000, 0x0000000085d00000|  0%| F|  |TAMS 0x0000000085c00000, 0x0000000085c00000| Untracked 
|  73|0x0000000085d00000, 0x0000000085d00000, 0x0000000085e00000|  0%| F|  |TAMS 0x0000000085d00000, 0x0000000085d00000| Untracked 
|  74|0x0000000085e00000, 0x0000000085e00000, 0x0000000085f00000|  0%| F|  |TAMS 0x0000000085e00000, 0x0000000085e00000| Untracked 
|  75|0x0000000085f00000, 0x0000000085f00000, 0x0000000086000000|  0%| F|  |TAMS 0x0000000085f00000, 0x0000000085f00000| Untracked 
|  76|0x0000000086000000, 0x0000000086000000, 0x0000000086100000|  0%| F|  |TAMS 0x0000000086000000, 0x0000000086000000| Untracked 
|  77|0x0000000086100000, 0x0000000086100000, 0x0000000086200000|  0%| F|  |TAMS 0x0000000086100000, 0x0000000086100000| Untracked 
|  78|0x0000000086200000, 0x0000000086200000, 0x0000000086300000|  0%| F|  |TAMS 0x0000000086200000, 0x0000000086200000| Untracked 
|  79|0x0000000086300000, 0x0000000086300000, 0x0000000086400000|  0%| F|  |TAMS 0x0000000086300000, 0x0000000086300000| Untracked 
|  80|0x0000000086400000, 0x0000000086400000, 0x0000000086500000|  0%| F|  |TAMS 0x0000000086400000, 0x0000000086400000| Untracked 
|  81|0x0000000086500000, 0x0000000086500000, 0x0000000086600000|  0%| F|  |TAMS 0x0000000086500000, 0x0000000086500000| Untracked 
|  82|0x0000000086600000, 0x0000000086600000, 0x0000000086700000|  0%| F|  |TAMS 0x0000000086600000, 0x0000000086600000| Untracked 
|  83|0x0000000086700000, 0x0000000086700000, 0x0000000086800000|  0%| F|  |TAMS 0x0000000086700000, 0x0000000086700000| Untracked 
|  84|0x0000000086800000, 0x0000000086800000, 0x0000000086900000|  0%| F|  |TAMS 0x0000000086800000, 0x0000000086800000| Untracked 
|  85|0x0000000086900000, 0x0000000086900000, 0x0000000086a00000|  0%| F|  |TAMS 0x0000000086900000, 0x0000000086900000| Untracked 
|  86|0x0000000086a00000, 0x0000000086a00000, 0x0000000086b00000|  0%| F|  |TAMS 0x0000000086a00000, 0x0000000086a00000| Untracked 
|  87|0x0000000086b00000, 0x0000000086b00000, 0x0000000086c00000|  0%| F|  |TAMS 0x0000000086b00000, 0x0000000086b00000| Untracked 
|  88|0x0000000086c00000, 0x0000000086c00000, 0x0000000086d00000|  0%| F|  |TAMS 0x0000000086c00000, 0x0000000086c00000| Untracked 
|  89|0x0000000086d00000, 0x0000000086d00000, 0x0000000086e00000|  0%| F|  |TAMS 0x0000000086d00000, 0x0000000086d00000| Untracked 
|  90|0x0000000086e00000, 0x0000000086e00000, 0x0000000086f00000|  0%| F|  |TAMS 0x0000000086e00000, 0x0000000086e00000| Untracked 
|  91|0x0000000086f00000, 0x0000000086f00000, 0x0000000087000000|  0%| F|  |TAMS 0x0000000086f00000, 0x0000000086f00000| Untracked 
|  92|0x0000000087000000, 0x0000000087000000, 0x0000000087100000|  0%| F|  |TAMS 0x0000000087000000, 0x0000000087000000| Untracked 
|  93|0x0000000087100000, 0x0000000087200000, 0x0000000087200000|100%| E|  |TAMS 0x0000000087100000, 0x0000000087100000| Complete 
|  94|0x0000000087200000, 0x0000000087300000, 0x0000000087300000|100%| E|CS|TAMS 0x0000000087200000, 0x0000000087200000| Complete 
|  95|0x0000000087300000, 0x0000000087400000, 0x0000000087400000|100%| E|  |TAMS 0x0000000087300000, 0x0000000087300000| Complete 
|  96|0x0000000087400000, 0x0000000087500000, 0x0000000087500000|100%| E|CS|TAMS 0x0000000087400000, 0x0000000087400000| Complete 
|  97|0x0000000087500000, 0x0000000087600000, 0x0000000087600000|100%| E|CS|TAMS 0x0000000087500000, 0x0000000087500000| Complete 
|  98|0x0000000087600000, 0x0000000087700000, 0x0000000087700000|100%| E|CS|TAMS 0x0000000087600000, 0x0000000087600000| Complete 
|  99|0x0000000087700000, 0x0000000087800000, 0x0000000087800000|100%| E|CS|TAMS 0x0000000087700000, 0x0000000087700000| Complete 
| 100|0x0000000087800000, 0x0000000087900000, 0x0000000087900000|100%| E|CS|TAMS 0x0000000087800000, 0x0000000087800000| Complete 
| 101|0x0000000087900000, 0x0000000087a00000, 0x0000000087a00000|100%| E|CS|TAMS 0x0000000087900000, 0x0000000087900000| Complete 
| 102|0x0000000087a00000, 0x0000000087b00000, 0x0000000087b00000|100%| E|CS|TAMS 0x0000000087a00000, 0x0000000087a00000| Complete 
| 103|0x0000000087b00000, 0x0000000087c00000, 0x0000000087c00000|100%| E|CS|TAMS 0x0000000087b00000, 0x0000000087b00000| Complete 
| 104|0x0000000087c00000, 0x0000000087d00000, 0x0000000087d00000|100%| E|CS|TAMS 0x0000000087c00000, 0x0000000087c00000| Complete 
| 105|0x0000000087d00000, 0x0000000087e00000, 0x0000000087e00000|100%| E|CS|TAMS 0x0000000087d00000, 0x0000000087d00000| Complete 
| 106|0x0000000087e00000, 0x0000000087f00000, 0x0000000087f00000|100%| E|CS|TAMS 0x0000000087e00000, 0x0000000087e00000| Complete 
| 107|0x0000000087f00000, 0x0000000088000000, 0x0000000088000000|100%| E|CS|TAMS 0x0000000087f00000, 0x0000000087f00000| Complete 
| 108|0x0000000088000000, 0x0000000088100000, 0x0000000088100000|100%| E|CS|TAMS 0x0000000088000000, 0x0000000088000000| Complete 
| 109|0x0000000088100000, 0x0000000088200000, 0x0000000088200000|100%| E|CS|TAMS 0x0000000088100000, 0x0000000088100000| Complete 
| 110|0x0000000088200000, 0x0000000088300000, 0x0000000088300000|100%| E|CS|TAMS 0x0000000088200000, 0x0000000088200000| Complete 
| 111|0x0000000088300000, 0x0000000088400000, 0x0000000088400000|100%| E|CS|TAMS 0x0000000088300000, 0x0000000088300000| Complete 
| 112|0x0000000088400000, 0x0000000088500000, 0x0000000088500000|100%| S|CS|TAMS 0x0000000088400000, 0x0000000088400000| Complete 
| 113|0x0000000088500000, 0x0000000088600000, 0x0000000088600000|100%| S|CS|TAMS 0x0000000088500000, 0x0000000088500000| Complete 
| 114|0x0000000088600000, 0x0000000088700000, 0x0000000088700000|100%| E|CS|TAMS 0x0000000088600000, 0x0000000088600000| Complete 
| 115|0x0000000088700000, 0x0000000088800000, 0x0000000088800000|100%| E|CS|TAMS 0x0000000088700000, 0x0000000088700000| Complete 
| 116|0x0000000088800000, 0x0000000088900000, 0x0000000088900000|100%| E|CS|TAMS 0x0000000088800000, 0x0000000088800000| Complete 
| 117|0x0000000088900000, 0x0000000088a00000, 0x0000000088a00000|100%| E|CS|TAMS 0x0000000088900000, 0x0000000088900000| Complete 
| 118|0x0000000088a00000, 0x0000000088b00000, 0x0000000088b00000|100%| E|CS|TAMS 0x0000000088a00000, 0x0000000088a00000| Complete 
| 119|0x0000000088b00000, 0x0000000088c00000, 0x0000000088c00000|100%| E|CS|TAMS 0x0000000088b00000, 0x0000000088b00000| Complete 
| 120|0x0000000088c00000, 0x0000000088d00000, 0x0000000088d00000|100%| E|CS|TAMS 0x0000000088c00000, 0x0000000088c00000| Complete 
| 121|0x0000000088d00000, 0x0000000088e00000, 0x0000000088e00000|100%| E|CS|TAMS 0x0000000088d00000, 0x0000000088d00000| Complete 
| 122|0x0000000088e00000, 0x0000000088f00000, 0x0000000088f00000|100%| E|CS|TAMS 0x0000000088e00000, 0x0000000088e00000| Complete 
| 123|0x0000000088f00000, 0x0000000089000000, 0x0000000089000000|100%| E|CS|TAMS 0x0000000088f00000, 0x0000000088f00000| Complete 
| 124|0x0000000089000000, 0x0000000089100000, 0x0000000089100000|100%| E|CS|TAMS 0x0000000089000000, 0x0000000089000000| Complete 
| 125|0x0000000089100000, 0x0000000089200000, 0x0000000089200000|100%| E|CS|TAMS 0x0000000089100000, 0x0000000089100000| Complete 
| 126|0x0000000089200000, 0x0000000089300000, 0x0000000089300000|100%| E|CS|TAMS 0x0000000089200000, 0x0000000089200000| Complete 
| 127|0x0000000089300000, 0x0000000089400000, 0x0000000089400000|100%| E|CS|TAMS 0x0000000089300000, 0x0000000089300000| Complete 

Card table byte_map: [0x000001e6b3910000,0x000001e6b3d10000] _byte_map_base: 0x000001e6b3506000

Marking Bits (Prev, Next): (CMBitMap*) 0x000001e69bf3f458, (CMBitMap*) 0x000001e69bf3f490
 Prev Bits: [0x000001e6b4110000, 0x000001e6b60c0000)
 Next Bits: [0x000001e6b60c0000, 0x000001e6b8070000)

Polling page: 0x000001e69b6d0000

Metaspace:

Usage:
  Non-class:     14.33 MB capacity,    13.97 MB ( 97%) used,   318.45 KB (  2%) free+waste,    56.25 KB ( <1%) overhead. 
      Class:      1.86 MB capacity,     1.65 MB ( 89%) used,   182.33 KB ( 10%) free+waste,    28.44 KB (  1%) overhead. 
       Both:     16.19 MB capacity,    15.62 MB ( 96%) used,   500.77 KB (  3%) free+waste,    84.69 KB ( <1%) overhead. 

Virtual space:
  Non-class space:       16.00 MB reserved,      14.50 MB ( 91%) committed 
      Class space:        1.00 GB reserved,       1.88 MB ( <1%) committed 
             Both:        1.02 GB reserved,      16.38 MB (  2%) committed 

Chunk freelists:
   Non-Class:  41.00 KB
       Class:  0 bytes
        Both:  41.00 KB

CodeHeap 'non-profiled nmethods': size=120064Kb used=510Kb max_used=510Kb free=119554Kb
 bounds [0x000001e6abfd0000, 0x000001e6ac240000, 0x000001e6b3510000]
CodeHeap 'profiled nmethods': size=120000Kb used=3640Kb max_used=3640Kb free=116359Kb
 bounds [0x000001e6a4aa0000, 0x000001e6a4e30000, 0x000001e6abfd0000]
CodeHeap 'non-nmethods': size=5696Kb used=1123Kb max_used=1134Kb free=4572Kb
 bounds [0x000001e6a4510000, 0x000001e6a4780000, 0x000001e6a4aa0000]
 total_blobs=2594 nmethods=1824 adapters=354
 compilation: enabled
              stopped_count=0, restarted_count=0
 full_count=0

Compilation events (10 events):
Event: 4.026 Thread 0x000001e6ba58a800 nmethod 1808 0x000001e6ac04ea10 code [0x000001e6ac04ebe0, 0x000001e6ac04f278]
Event: 4.027 Thread 0x000001e6ba58a800 1809   !   4       java.util.zip.ZipFile::getEntry (73 bytes)
Event: 4.030 Thread 0x000001e6ba590000 1811   !   3       jdk.internal.loader.Resource::getBytes (242 bytes)
Event: 4.033 Thread 0x000001e6ba590000 nmethod 1811 0x000001e6a4e21b10 code [0x000001e6a4e21e60, 0x000001e6a4e23830]
Event: 4.033 Thread 0x000001e6ba590000 1812       3       java.lang.ClassLoader::defineClass (43 bytes)
Event: 4.033 Thread 0x000001e6ba590000 nmethod 1812 0x000001e6a4e24210 code [0x000001e6a4e24420, 0x000001e6a4e24980]
Event: 4.033 Thread 0x000001e6ba590000 1813       3       java.util.zip.ZipFile$ZipFileInputStream::initDataOffset (109 bytes)
Event: 4.035 Thread 0x000001e6ba590000 nmethod 1813 0x000001e6a4e24c10 code [0x000001e6a4e24e40, 0x000001e6a4e25630]
Event: 4.035 Thread 0x000001e6ba590000 1814   !   3       java.util.zip.ZipFile$Source::readAt (39 bytes)
Event: 4.035 Thread 0x000001e6ba590000 nmethod 1814 0x000001e6a4e25990 code [0x000001e6a4e25ba0, 0x000001e6a4e26130]

GC Heap History (2 events):
Event: 1.640 GC heap before
{Heap before GC invocations=0 (full 0):
 garbage-first heap   total 131072K, used 13312K [0x0000000081400000, 0x0000000100000000)
  region size 1024K, 14 young (14336K), 0 survivors (0K)
 Metaspace       used 10876K, capacity 11265K, committed 11520K, reserved 1058816K
  class space    used 1087K, capacity 1209K, committed 1280K, reserved 1048576K
}
Event: 1.666 GC heap after
{Heap after GC invocations=1 (full 0):
 garbage-first heap   total 131072K, used 2816K [0x0000000081400000, 0x0000000100000000)
  region size 1024K, 2 young (2048K), 2 survivors (2048K)
 Metaspace       used 10876K, capacity 11265K, committed 11520K, reserved 1058816K
  class space    used 1087K, capacity 1209K, committed 1280K, reserved 1048576K
}

Deoptimization events (10 events):
Event: 3.229 Thread 0x000001e69bf00000 Uncommon trap: trap_request=0xffffff4d fr.pc=0x000001e6ac03c378 relative=0x0000000000000078
Event: 3.229 Thread 0x000001e69bf00000 Uncommon trap: reason=unstable_if action=reinterpret pc=0x000001e6ac03c378 method=org.apache.derby.client.net.Reply.peekCodePoint()I @ 32 c2
Event: 3.229 Thread 0x000001e69bf00000 DEOPT PACKING pc=0x000001e6ac03c378 sp=0x000000e4a83fc4a0
Event: 3.229 Thread 0x000001e69bf00000 DEOPT UNPACKING pc=0x000001e6a4538f2f sp=0x000000e4a83fc448 mode 2
Event: 3.948 Thread 0x000001e69bf00000 DEOPT PACKING pc=0x000001e6a4b916b0 sp=0x000000e4a83fa640
Event: 3.948 Thread 0x000001e69bf00000 DEOPT UNPACKING pc=0x000001e6a4538d4e sp=0x000000e4a83f9b58 mode 0
Event: 3.990 Thread 0x000001e69bf00000 Uncommon trap: trap_request=0xffffff4d fr.pc=0x000001e6ac048cdc relative=0x000000000000013c
Event: 3.990 Thread 0x000001e69bf00000 Uncommon trap: reason=unstable_if action=reinterpret pc=0x000001e6ac048cdc method=org.apache.derby.client.net.Reply.parseLengthAndMatchCodePoint(I)V @ 7 c2
Event: 3.990 Thread 0x000001e69bf00000 DEOPT PACKING pc=0x000001e6ac048cdc sp=0x000000e4a83fc160
Event: 3.990 Thread 0x000001e69bf00000 DEOPT UNPACKING pc=0x000001e6a4538f2f sp=0x000000e4a83fc100 mode 2

Classes redefined (0 events):
No events

Internal exceptions (10 events):
Event: 1.706 Thread 0x000001e69bf00000 Exception <a 'java/lang/IncompatibleClassChangeError'{0x0000000089211e80}: Found class java.lang.Object, but interface was expected> (0x0000000089211e80) thrown at [c:/cygwin64/tmp/openjdk-jdk11u-windows-x64-hotspot/workspace/build/src/src/hotspot/share/i
Event: 1.761 Thread 0x000001e69bf00000 Exception <a 'java/lang/NoSuchMethodError'{0x00000000892b6470}: 'void java.lang.invoke.DirectMethodHandle$Holder.invokeSpecial(java.lang.Object, java.lang.Object)'> (0x00000000892b6470) thrown at [c:/cygwin64/tmp/openjdk-jdk11u-windows-x64-hotspot/workspa
Event: 1.783 Thread 0x000001e69bf00000 Exception <a 'java/lang/NoSuchMethodError'{0x00000000892f6868}: 'int java.lang.invoke.DirectMethodHandle$Holder.invokeStatic(java.lang.Object, java.lang.Object, java.lang.Object, java.lang.Object, java.lang.Object)'> (0x00000000892f6868) thrown at [c:/cyg
Event: 1.857 Thread 0x000001e69bf00000 Exception <a 'java/lang/NoSuchMethodError'{0x00000000891bbc48}: 'int java.lang.invoke.DirectMethodHandle$Holder.invokeStaticInit(java.lang.Object, java.lang.Object, java.lang.Object)'> (0x00000000891bbc48) thrown at [c:/cygwin64/tmp/openjdk-jdk11u-windows
Event: 1.915 Thread 0x000001e69bf00000 Exception <a 'java/lang/NoSuchMethodError'{0x0000000089097b70}: 'int java.lang.invoke.DirectMethodHandle$Holder.invokeStaticInit(java.lang.Object, java.lang.Object)'> (0x0000000089097b70) thrown at [c:/cygwin64/tmp/openjdk-jdk11u-windows-x64-hotspot/works
Event: 1.941 Thread 0x000001e69bf00000 Exception <a 'java/lang/IncompatibleClassChangeError'{0x00000000890e2138}: Found class java.lang.Object, but interface was expected> (0x00000000890e2138) thrown at [c:/cygwin64/tmp/openjdk-jdk11u-windows-x64-hotspot/workspace/build/src/src/hotspot/share/i
Event: 2.106 Thread 0x000001e69bf00000 Exception <a 'java/lang/NoSuchMethodError'{0x0000000088ec10c0}: 'java.lang.Object java.lang.invoke.DirectMethodHandle$Holder.invokeStaticInit(java.lang.Object, int, int, int, int)'> (0x0000000088ec10c0) thrown at [c:/cygwin64/tmp/openjdk-jdk11u-windows-x6
Event: 2.126 Thread 0x000001e69bf00000 Exception <a 'java/lang/NoSuchMethodError'{0x0000000088ef1e40}: 'java.lang.Object java.lang.invoke.DirectMethodHandle$Holder.invokeInterface(java.lang.Object, java.lang.Object, java.lang.Object, java.lang.Object, java.lang.Object)'> (0x0000000088ef1e40) t
Event: 2.126 Thread 0x000001e69bf00000 Exception <a 'java/lang/IncompatibleClassChangeError'{0x0000000088ef52f0}: Found class java.lang.Object, but interface was expected> (0x0000000088ef52f0) thrown at [c:/cygwin64/tmp/openjdk-jdk11u-windows-x64-hotspot/workspace/build/src/src/hotspot/share/i
Event: 2.140 Thread 0x000001e69bf00000 Exception <a 'java/lang/IncompatibleClassChangeError'{0x0000000088d2cd58}: Found class java.lang.Object, but interface was expected> (0x0000000088d2cd58) thrown at [c:/cygwin64/tmp/openjdk-jdk11u-windows-x64-hotspot/workspace/build/src/src/hotspot/share/i

Events (10 events):
Event: 4.038 loading class java/util/concurrent/CancellationException
Event: 4.038 loading class java/util/concurrent/CancellationException done
Event: 4.038 loading class org/assertj/core/configuration/Services
Event: 4.038 loading class org/assertj/core/configuration/Services done
Event: 4.040 loading class org/assertj/core/configuration/Configuration
Event: 4.040 loading class org/assertj/core/configuration/Configuration done
Event: 4.042 loading class org/assertj/core/util/Preconditions
Event: 4.042 loading class org/assertj/core/util/Preconditions done
Event: 4.044 loading class org/assertj/db/output/impl/OutputType
Event: 4.044 loading class org/assertj/db/output/impl/OutputType done


Dynamic libraries:
0x00007ff785450000 - 0x00007ff78549a000 	C:\Program Files (x86)\Java\jdk-11.0.4+11\bin\java.exe
0x00007ffd52020000 - 0x00007ffd52210000 	C:\WINDOWS\SYSTEM32\ntdll.dll
0x00007ffd2d610000 - 0x00007ffd2d624000 	C:\Program Files\AVAST Software\Avast\aswhook.dll
0x00007ffd501d0000 - 0x00007ffd50282000 	C:\WINDOWS\System32\KERNEL32.DLL
0x00007ffd4f4a0000 - 0x00007ffd4f743000 	C:\WINDOWS\System32\KERNELBASE.dll
0x00007ffd503a0000 - 0x00007ffd50534000 	C:\WINDOWS\System32\USER32.dll
0x00007ffd4f810000 - 0x00007ffd4f831000 	C:\WINDOWS\System32\win32u.dll
0x00007ffd51fb0000 - 0x00007ffd51fd6000 	C:\WINDOWS\System32\GDI32.dll
0x00007ffd4efb0000 - 0x00007ffd4f144000 	C:\WINDOWS\System32\gdi32full.dll
0x00007ffd4f770000 - 0x00007ffd4f80e000 	C:\WINDOWS\System32\msvcp_win.dll
0x00007ffd4f1a0000 - 0x00007ffd4f29a000 	C:\WINDOWS\System32\ucrtbase.dll
0x00007ffd350e0000 - 0x00007ffd35365000 	C:\WINDOWS\WinSxS\amd64_microsoft.windows.common-controls_6595b64144ccf1df_6.0.18362.535_none_e6c3b34713100821\COMCTL32.dll
0x00007ffd50540000 - 0x00007ffd505de000 	C:\WINDOWS\System32\msvcrt.dll
0x00007ffd50790000 - 0x00007ffd50ac6000 	C:\WINDOWS\System32\combase.dll
0x00007ffd51dc0000 - 0x00007ffd51ee0000 	C:\WINDOWS\System32\RPCRT4.dll
0x00007ffd4ffc0000 - 0x00007ffd50040000 	C:\WINDOWS\System32\bcryptPrimitives.dll
0x00007ffd51c70000 - 0x00007ffd51c9e000 	C:\WINDOWS\System32\IMM32.DLL
0x00007ffd4c620000 - 0x00007ffd4c636000 	C:\Program Files (x86)\Java\jdk-11.0.4+11\bin\vcruntime140.dll
0x00007ffd3f9a0000 - 0x00007ffd3fa3b000 	C:\Program Files (x86)\Java\jdk-11.0.4+11\bin\msvcp140.dll
0x00007ffd18fc0000 - 0x00007ffd19a76000 	C:\Program Files (x86)\Java\jdk-11.0.4+11\bin\server\jvm.dll
0x00007ffd502f0000 - 0x00007ffd50393000 	C:\WINDOWS\System32\ADVAPI32.dll
0x00007ffd50130000 - 0x00007ffd501c7000 	C:\WINDOWS\System32\sechost.dll
0x00007ffd51860000 - 0x00007ffd51868000 	C:\WINDOWS\System32\PSAPI.DLL
0x00007ffd45260000 - 0x00007ffd45269000 	C:\WINDOWS\SYSTEM32\WSOCK32.dll
0x00007ffd51d50000 - 0x00007ffd51dbf000 	C:\WINDOWS\System32\WS2_32.dll
0x00007ffd465c0000 - 0x00007ffd465e4000 	C:\WINDOWS\SYSTEM32\WINMM.dll
0x00007ffd49610000 - 0x00007ffd4961a000 	C:\WINDOWS\SYSTEM32\VERSION.dll
0x00007ffd46380000 - 0x00007ffd463ad000 	C:\WINDOWS\SYSTEM32\WINMMBASE.dll
0x00007ffd4f150000 - 0x00007ffd4f19a000 	C:\WINDOWS\System32\cfgmgr32.dll
0x00007ffd4ef90000 - 0x00007ffd4efa1000 	C:\WINDOWS\System32\kernel.appcore.dll
0x00007ffd4c5d0000 - 0x00007ffd4c5e0000 	C:\Program Files (x86)\Java\jdk-11.0.4+11\bin\verify.dll
0x00007ffd4d7d0000 - 0x00007ffd4d9c4000 	C:\WINDOWS\SYSTEM32\DBGHELP.DLL
0x00007ffd48490000 - 0x00007ffd484ba000 	C:\WINDOWS\SYSTEM32\dbgcore.DLL
0x00007ffd4a6f0000 - 0x00007ffd4a718000 	C:\Program Files (x86)\Java\jdk-11.0.4+11\bin\java.dll
0x00007ffd47310000 - 0x00007ffd47343000 	C:\Program Files (x86)\Java\jdk-11.0.4+11\bin\instrument.dll
0x00007ffd4a6a0000 - 0x00007ffd4a6b6000 	C:\Program Files (x86)\Java\jdk-11.0.4+11\bin\zip.dll
0x00007ffd4c5c0000 - 0x00007ffd4c5ca000 	C:\Program Files (x86)\Java\jdk-11.0.4+11\bin\jimage.dll
0x00007ffd50f50000 - 0x00007ffd51635000 	C:\WINDOWS\System32\SHELL32.dll
0x00007ffd50640000 - 0x00007ffd506e9000 	C:\WINDOWS\System32\shcore.dll
0x00007ffd4f840000 - 0x00007ffd4ffbf000 	C:\WINDOWS\System32\windows.storage.dll
0x00007ffd4ef70000 - 0x00007ffd4ef8f000 	C:\WINDOWS\System32\profapi.dll
0x00007ffd4ef20000 - 0x00007ffd4ef6a000 	C:\WINDOWS\System32\powrprof.dll
0x00007ffd4eef0000 - 0x00007ffd4ef00000 	C:\WINDOWS\System32\UMPDC.dll
0x00007ffd505e0000 - 0x00007ffd50632000 	C:\WINDOWS\System32\shlwapi.dll
0x00007ffd4f750000 - 0x00007ffd4f767000 	C:\WINDOWS\System32\cryptsp.dll
0x00007ffd42430000 - 0x00007ffd42449000 	C:\Program Files (x86)\Java\jdk-11.0.4+11\bin\net.dll
0x00007ffd49280000 - 0x00007ffd49370000 	C:\WINDOWS\SYSTEM32\WINHTTP.dll
0x00007ffd455c0000 - 0x00007ffd45796000 	C:\WINDOWS\SYSTEM32\urlmon.dll
0x00007ffd43e10000 - 0x00007ffd440b6000 	C:\WINDOWS\SYSTEM32\iertutil.dll
0x00007ffd4e8d0000 - 0x00007ffd4e8dc000 	C:\WINDOWS\SYSTEM32\CRYPTBASE.DLL
0x00007ffd4e700000 - 0x00007ffd4e767000 	C:\WINDOWS\system32\mswsock.dll
0x00007ffd42410000 - 0x00007ffd42422000 	C:\Program Files (x86)\Java\jdk-11.0.4+11\bin\nio.dll
0x00007ffd413d0000 - 0x00007ffd413ea000 	C:\Users\jonas\AppData\Local\JetBrains\Toolbox\apps\IDEA-U\ch-0\183.5912.21\bin\breakgen64.dll
0x00007ffd49a40000 - 0x00007ffd49a4d000 	C:\Program Files (x86)\Java\jdk-11.0.4+11\bin\sunmscapi.dll
0x00007ffd4f350000 - 0x00007ffd4f499000 	C:\WINDOWS\System32\CRYPT32.dll
0x00007ffd4ef00000 - 0x00007ffd4ef12000 	C:\WINDOWS\System32\MSASN1.dll
0x00007ffd4e9d0000 - 0x00007ffd4e9f6000 	C:\WINDOWS\SYSTEM32\ncrypt.dll
0x00007ffd50040000 - 0x00007ffd50066000 	C:\WINDOWS\System32\bcrypt.dll
0x00007ffd4e990000 - 0x00007ffd4e9cb000 	C:\WINDOWS\SYSTEM32\NTASN1.dll
0x00007ffd413a0000 - 0x00007ffd413c6000 	C:\Program Files (x86)\Java\jdk-11.0.4+11\bin\sunec.dll
0x00007ffd4e450000 - 0x00007ffd4e51a000 	C:\WINDOWS\SYSTEM32\DNSAPI.dll
0x00007ffd519b0000 - 0x00007ffd519b8000 	C:\WINDOWS\System32\NSI.dll
0x00007ffd4e410000 - 0x00007ffd4e44a000 	C:\WINDOWS\SYSTEM32\IPHLPAPI.DLL
0x00007ffd465f0000 - 0x00007ffd465fa000 	C:\Windows\System32\rasadhlp.dll
0x00007ffd47790000 - 0x00007ffd47807000 	C:\WINDOWS\System32\fwpuclnt.dll

dbghelp: loaded successfully - version: 4.0.5 - missing functions: none
symbol engine: initialized successfully - sym options: 0x614 - pdb path: .;C:\Program Files (x86)\Java\jdk-11.0.4+11\bin;C:\WINDOWS\SYSTEM32;C:\Program Files\AVAST Software\Avast;C:\WINDOWS\WinSxS\amd64_microsoft.windows.common-controls_6595b64144ccf1df_6.0.18362.535_none_e6c3b34713100821;C:\Program Files (x86)\Java\jdk-11.0.4+11\bin\server;C:\Users\jonas\AppData\Local\JetBrains\Toolbox\apps\IDEA-U\ch-0\183.5912.21\bin

VM Arguments:
jvm_args: -ea -Didea.test.cyclic.buffer.size=1048576 -javaagent:C:\Users\jonas\AppData\Local\JetBrains\Toolbox\apps\IDEA-U\ch-0\183.5912.21\lib\idea_rt.jar=53841:C:\Users\jonas\AppData\Local\JetBrains\Toolbox\apps\IDEA-U\ch-0\183.5912.21\bin -Dfile.encoding=UTF-8 
java_command: com.intellij.rt.execution.junit.JUnitStarter -ideVersion5 -junit5 at.htl.gotjdbcrepository.control.PersonRepositoryTest,test120_findByHouse
java_class_path (initial): C:\Users\jonas\AppData\Local\JetBrains\Toolbox\apps\IDEA-U\ch-0\183.5912.21\lib\idea_rt.jar;C:\Users\jonas\AppData\Local\JetBrains\Toolbox\apps\IDEA-U\ch-0\183.5912.21\plugins\junit\lib\junit-rt.jar;C:\Users\jonas\AppData\Local\JetBrains\Toolbox\apps\IDEA-U\ch-0\183.5912.21\plugins\junit\lib\junit5-rt.jar;C:\Users\jonas\.m2\repository\org\junit\platform\junit-platform-launcher\1.5.2\junit-platform-launcher-1.5.2.jar;C:\Users\jonas\.m2\repository\org\apiguardian\apiguardian-api\1.1.0\apiguardian-api-1.1.0.jar;C:\Users\jonas\.m2\repository\org\junit\platform\junit-platform-engine\1.5.2\junit-platform-engine-1.5.2.jar;C:\Users\jonas\.m2\repository\org\opentest4j\opentest4j\1.2.0\opentest4j-1.2.0.jar;C:\Users\jonas\.m2\repository\org\junit\platform\junit-platform-commons\1.5.2\junit-platform-commons-1.5.2.jar;C:\Users\jonas\HTL Leonding\SEW\assignment10-got-jdbc-repository-jonasoirer\target\test-classes;C:\Users\jonas\HTL Leonding\SEW\assignment10-got-jdbc-repository-jonasoirer\target\classes;C:\Users\jonas\.m2\repository\org\apache\derby\derbyclient\10.14.2.0\derbyclient-10.14.2.0.jar;C:\Users\jonas\.m2\repository\org\junit\jupiter\junit-jupiter\5.5.2\junit-jupiter-5.5.2.jar;C:\Users\jonas\.m2\repository\org\junit\jupiter\junit-jupiter-api\5.5.2\junit-jupiter-api-5.5.2.jar;C:\Users\jonas\.m2\repository\org\junit\jupiter\junit-jupiter-params\5.5.2\junit-jupiter-params-5.5.2.jar;C:\Users\jonas\.m2\repository\org\junit\jupiter\junit-jupiter-engine\5.5.2\junit-jupiter-engine-5.5.2.jar;C:\Users\jonas\.m2\repository\org\assertj\assertj-core\3.13.2\assertj-core-3.13.2.jar;C:\Users\jonas\.m2\repository\org\assertj\assertj-db\1.2.0\assertj-db-1.2.0.jar
Launcher Type: SUN_STANDARD

[Global flags]
     intx CICompilerCount                          = 3                                         {product} {ergonomic}
     uint ConcGCThreads                            = 1                                         {product} {ergonomic}
     uint G1ConcRefinementThreads                  = 4                                         {product} {ergonomic}
   size_t G1HeapRegionSize                         = 1048576                                   {product} {ergonomic}
    uintx GCDrainStackTargetSize                   = 64                                        {product} {ergonomic}
   size_t InitialHeapSize                          = 134217728                                 {product} {ergonomic}
   size_t MarkStackSize                            = 4194304                                   {product} {ergonomic}
   size_t MaxHeapSize                              = 2126512128                                {product} {ergonomic}
   size_t MaxNewSize                               = 1275068416                                {product} {ergonomic}
   size_t MinHeapDeltaBytes                        = 1048576                                   {product} {ergonomic}
    uintx NonNMethodCodeHeapSize                   = 5830092                                {pd product} {ergonomic}
    uintx NonProfiledCodeHeapSize                  = 122914074                              {pd product} {ergonomic}
    uintx ProfiledCodeHeapSize                     = 122914074                              {pd product} {ergonomic}
    uintx ReservedCodeCacheSize                    = 251658240                              {pd product} {ergonomic}
     bool SegmentedCodeCache                       = true                                      {product} {ergonomic}
     bool UseCompressedClassPointers               = true                                 {lp64_product} {ergonomic}
     bool UseCompressedOops                        = true                                 {lp64_product} {ergonomic}
     bool UseG1GC                                  = true                                      {product} {ergonomic}
     bool UseLargePagesIndividualAllocation        = false                                  {pd product} {ergonomic}

Logging:
Log output configuration:
 #0: stdout all=warning uptime,level,tags
 #1: stderr all=off uptime,level,tags

Environment Variables:
PATH=C:\Program Files\AdoptOpenJDK\jdk-11.0.4.11-hotspot\bin;C:\Program Files (x86)\Common Files\Intel\Shared Libraries\redist\intel64\compiler;C:\ProgramData\Oracle\Java\javapath;C:\Program Files (x86)\Intel\iCLS Client\;C:\Program Files\Intel\iCLS Client\;C:\WINDOWS\system32;C:\WINDOWS;C:\WINDOWS\System32\Wbem;C:\WINDOWS\System32\WindowsPowerShell\v1.0\;C:\Program Files (x86)\Intel\Intel(R) Management Engine Components\DAL;C:\Program Files\Intel\Intel(R) Management Engine Components\DAL;C:\Program Files (x86)\Intel\Intel(R) Management Engine Components\IPT;C:\Program Files\Intel\Intel(R) Management Engine Components\IPT;C:\Program Files (x86)\Common Files\Acronis\VirtualFile\;C:\Program Files (x86)\Common Files\Acronis\VirtualFile64\;C:\Program Files (x86)\Common Files\Acronis\SnapAPI\;C:\WINDOWS\System32\OpenSSH\;C:\Program Files\PuTTY\;C:\Program Files\Git\cmd;C:\xampp\php;C:\ProgramData\ComposerSetup\bin;C:\Users\jonas\AppData\Local\Microsoft\WindowsApps;;C:\Users\jonas\AppData\Roaming\Composer\vendor\bin
USERNAME=jonas
OS=Windows_NT
PROCESSOR_IDENTIFIER=Intel64 Family 6 Model 78 Stepping 3, GenuineIntel



---------------  S Y S T E M  ---------------

OS: Windows 10 , 64 bit Build 18362 (10.0.18362.329)

CPU:total 4 (initial active 4) (2 cores per cpu, 2 threads per core) family 6 model 78 stepping 3, cmov, cx8, fxsr, mmx, sse, sse2, sse3, ssse3, sse4.1, sse4.2, popcnt, avx, avx2, aes, clmul, erms, 3dnowpref, lzcnt, ht, tsc, tscinvbit, bmi1, bmi2, adx, fma

Memory: 4k page, system-wide physical 8108M (984M free)
TotalPageFile size 10028M (AvailPageFile size 397M)
current process WorkingSet (physical memory assigned to process): 96M, peak: 96M
current process commit charge ("private bytes"): 220M, peak: 220M

vm_info: OpenJDK 64-Bit Server VM (11.0.4+11) for windows-amd64 JRE (11.0.4+11), built on Jul 18 2019 06:43:34 by "" with MS VC++ 15.8 (VS2017)

END.
