#
# There is insufficient memory for the Java Runtime Environment to continue.
# Native memory allocation (malloc) failed to allocate 517216 bytes for Chunk::new
# Possible reasons:
#   The system is out of physical RAM or swap space
#   The process is running with CompressedOops enabled, and the Java Heap may be blocking the growth of the native heap
# Possible solutions:
#   Reduce memory load on the system
#   Increase physical memory or swap space
#   Check if swap backing store is full
#   Decrease Java heap size (-Xmx/-Xms)
#   Decrease number of Java threads
#   Decrease Java thread stack sizes (-Xss)
#   Set larger code cache with -XX:ReservedCodeCacheSize=
#   JVM is running with Unscaled Compressed Oops mode in which the Java heap is
#     placed in the first 4GB address space. The Java Heap base address is the
#     maximum limit for the native heap growth. Please use -XX:HeapBaseMinAddress
#     to set the Java Heap base and to place the Java Heap above 4GB virtual address.
# This output file may be truncated or incomplete.
#
#  Out of Memory Error (c:/cygwin64/tmp/openjdk-jdk11u-windows-x64-hotspot/workspace/build/src/src/hotspot/share/memory/arena.cpp:197), pid=15204, tid=9312
#
# JRE version: OpenJDK Runtime Environment (11.0.4+11) (build 11.0.4+11)
# Java VM: OpenJDK 64-Bit Server VM (11.0.4+11, mixed mode, tiered, compressed oops, g1 gc, windows-amd64)
# No core dump will be written. Minidumps are not enabled by default on client versions of Windows
#

---------------  S U M M A R Y ------------

Command Line: org.apache.derby.drda.NetworkServerControl start -noSecurityManager

Host: Intel(R) Core(TM) i3-6006U CPU @ 2.00GHz, 4 cores, 7G,  Windows 10 , 64 bit Build 18362 (10.0.18362.329)
Time: Thu Jan 16 15:27:55 2020 Mitteleuropäische Zeit elapsed time: 14 seconds (0d 0h 0m 14s)

---------------  T H R E A D  ---------------

Current thread (0x0000021c96934800):  JavaThread "C2 CompilerThread1" daemon [_thread_in_native, id=9312, stack(0x000000ee60d00000,0x000000ee60e00000)]


Current CompileTask:
C2:  14602 2078       4       jdk.internal.org.objectweb.asm.Frame::execute (2264 bytes)

Stack: [0x000000ee60d00000,0x000000ee60e00000]
Native frames: (J=compiled Java code, j=interpreted, Vv=VM code, C=native code)
V  [jvm.dll+0x5d700a]
V  [jvm.dll+0x70bbce]
V  [jvm.dll+0x70d25b]
V  [jvm.dll+0x70d923]
V  [jvm.dll+0x23f5f8]
V  [jvm.dll+0xb982c]
V  [jvm.dll+0xb9dbc]
V  [jvm.dll+0x2aefa4]
V  [jvm.dll+0x4f92af]
V  [jvm.dll+0x1fb7f1]
V  [jvm.dll+0x1f8dbf]
V  [jvm.dll+0x17defc]
V  [jvm.dll+0x207d07]
V  [jvm.dll+0x20626e]
V  [jvm.dll+0x6d480c]
V  [jvm.dll+0x6cd85c]
V  [jvm.dll+0x5d6286]
C  [ucrtbase.dll+0x20e72]
C  [KERNEL32.DLL+0x17bd4]
C  [ntdll.dll+0x6ced1]


---------------  P R O C E S S  ---------------

Threads class SMR info:
_java_thread_list=0x0000021c97864a40, length=16, elements={
0x0000021cf68dd800, 0x0000021c95736800, 0x0000021c95762800, 0x0000021c96103000,
0x0000021c95775800, 0x0000021c9577a000, 0x0000021c95781000, 0x0000021c95783800,
0x0000021c9626a800, 0x0000021c96271800, 0x0000021c966cb000, 0x0000021c96296000,
0x0000021c96971800, 0x0000021c96703000, 0x0000021c96934800, 0x0000021c96aa7800
}

Java Threads: ( => current thread )
  0x0000021cf68dd800 JavaThread "main" [_thread_blocked, id=22740, stack(0x000000ee5f400000,0x000000ee5f500000)]
  0x0000021c95736800 JavaThread "Reference Handler" daemon [_thread_blocked, id=21820, stack(0x000000ee5fb00000,0x000000ee5fc00000)]
  0x0000021c95762800 JavaThread "Finalizer" daemon [_thread_blocked, id=884, stack(0x000000ee5fc00000,0x000000ee5fd00000)]
  0x0000021c96103000 JavaThread "Signal Dispatcher" daemon [_thread_blocked, id=2140, stack(0x000000ee5fd00000,0x000000ee5fe00000)]
  0x0000021c95775800 JavaThread "Attach Listener" daemon [_thread_blocked, id=19680, stack(0x000000ee5fe00000,0x000000ee5ff00000)]
  0x0000021c9577a000 JavaThread "C2 CompilerThread0" daemon [_thread_in_native, id=12860, stack(0x000000ee5ff00000,0x000000ee60000000)]
  0x0000021c95781000 JavaThread "C1 CompilerThread0" daemon [_thread_in_vm, id=5132, stack(0x000000ee60000000,0x000000ee60100000)]
  0x0000021c95783800 JavaThread "Sweeper thread" daemon [_thread_blocked, id=15016, stack(0x000000ee60100000,0x000000ee60200000)]
  0x0000021c9626a800 JavaThread "Service Thread" daemon [_thread_blocked, id=23352, stack(0x000000ee60200000,0x000000ee60300000)]
  0x0000021c96271800 JavaThread "Common-Cleaner" daemon [_thread_blocked, id=10280, stack(0x000000ee60400000,0x000000ee60500000)]
  0x0000021c966cb000 JavaThread "Timer-0" daemon [_thread_blocked, id=2192, stack(0x000000ee60500000,0x000000ee60600000)]
  0x0000021c96296000 JavaThread "NetworkServerThread_1" [_thread_in_native, id=12352, stack(0x000000ee60a00000,0x000000ee60b00000)]
  0x0000021c96971800 JavaThread "DRDAConnThread_2" [_thread_in_vm, id=15116, stack(0x000000ee60600000,0x000000ee60700000)]
  0x0000021c96703000 JavaThread "derby.rawStoreDaemon" daemon [_thread_blocked, id=21892, stack(0x000000ee60b00000,0x000000ee60c00000)]
=>0x0000021c96934800 JavaThread "C2 CompilerThread1" daemon [_thread_in_native, id=9312, stack(0x000000ee60d00000,0x000000ee60e00000)]
  0x0000021c96aa7800 JavaThread "DRDAConnThread_3" [_thread_in_native, id=22216, stack(0x000000ee60e00000,0x000000ee60f00000)]

Other Threads:
  0x0000021c95732800 VMThread "VM Thread" [stack: 0x000000ee5fa00000,0x000000ee5fb00000] [id=3164]
  0x0000021c9626d000 WatcherThread [stack: 0x000000ee60300000,0x000000ee60400000] [id=18424]
  0x0000021cf68f1800 GCTaskThread "GC Thread#0" [stack: 0x000000ee5f500000,0x000000ee5f600000] [id=16832]
  0x0000021c969a7000 GCTaskThread "GC Thread#1" [stack: 0x000000ee60700000,0x000000ee60800000] [id=22268]
  0x0000021c969ba000 GCTaskThread "GC Thread#2" [stack: 0x000000ee60800000,0x000000ee60900000] [id=18020]
  0x0000021c96989000 GCTaskThread "GC Thread#3" [stack: 0x000000ee60c00000,0x000000ee60d00000] [id=13748]
  0x0000021cf6923000 ConcurrentGCThread "G1 Main Marker" [stack: 0x000000ee5f600000,0x000000ee5f700000] [id=21236]
  0x0000021cf6924000 ConcurrentGCThread "G1 Conc#0" [stack: 0x000000ee5f700000,0x000000ee5f800000] [id=1360]
  0x0000021c955a0800 ConcurrentGCThread "G1 Refine#0" [stack: 0x000000ee5f800000,0x000000ee5f900000] [id=21216]
  0x0000021c963dc000 ConcurrentGCThread "G1 Refine#1" [stack: 0x000000ee60900000,0x000000ee60a00000] [id=22016]
  0x0000021c955a1000 ConcurrentGCThread "G1 Young RemSet Sampling" [stack: 0x000000ee5f900000,0x000000ee5fa00000] [id=5728]

Threads with active compile tasks:
C2 CompilerThread02138       4       org.apache.derby.iapi.services.io.CompressedNumber::readInt (74 bytes)
C1 CompilerThread02159       1       sun.nio.fs.NativeBuffer::size (5 bytes)
C2 CompilerThread12078       4       jdk.internal.org.objectweb.asm.Frame::execute (2264 bytes)

VM state:not at safepoint (normal execution)

VM Mutex/Monitor currently owned by a thread: None

Heap address: 0x0000000081400000, size: 2028 MB, Compressed Oops mode: 32-bit
Narrow klass base: 0x0000000000000000, Narrow klass shift: 3
Compressed class space size: 1073741824 Address: 0x0000000100000000

Heap:
 garbage-first heap   total 131072K, used 12606K [0x0000000081400000, 0x0000000100000000)
  region size 1024K, 10 young (10240K), 2 survivors (2048K)
 Metaspace       used 22968K, capacity 23540K, committed 23680K, reserved 1071104K
  class space    used 2412K, capacity 2671K, committed 2688K, reserved 1048576K
Heap Regions: E=young(eden), S=young(survivor), O=old, HS=humongous(starts), HC=humongous(continues), CS=collection set, F=free, A=archive, TAMS=top-at-mark-start (previous, next)
|   0|0x0000000081400000, 0x0000000081500000, 0x0000000081500000|100%| O|  |TAMS 0x0000000081500000, 0x0000000081400000| Untracked 
|   1|0x0000000081500000, 0x0000000081600000, 0x0000000081600000|100%| O|  |TAMS 0x0000000081600000, 0x0000000081500000| Untracked 
|   2|0x0000000081600000, 0x0000000081700000, 0x0000000081700000|100%| O|  |TAMS 0x0000000081700000, 0x0000000081600000| Untracked 
|   3|0x0000000081700000, 0x00000000817ae400, 0x0000000081800000| 68%| O|  |TAMS 0x00000000817ae400, 0x0000000081700000| Untracked 
|   4|0x0000000081800000, 0x0000000081800000, 0x0000000081900000|  0%| F|  |TAMS 0x0000000081800000, 0x0000000081800000| Untracked 
|   5|0x0000000081900000, 0x0000000081900000, 0x0000000081a00000|  0%| F|  |TAMS 0x0000000081900000, 0x0000000081900000| Untracked 
|   6|0x0000000081a00000, 0x0000000081a00000, 0x0000000081b00000|  0%| F|  |TAMS 0x0000000081a00000, 0x0000000081a00000| Untracked 
|   7|0x0000000081b00000, 0x0000000081b00000, 0x0000000081c00000|  0%| F|  |TAMS 0x0000000081b00000, 0x0000000081b00000| Untracked 
|   8|0x0000000081c00000, 0x0000000081c00000, 0x0000000081d00000|  0%| F|  |TAMS 0x0000000081c00000, 0x0000000081c00000| Untracked 
|   9|0x0000000081d00000, 0x0000000081d00000, 0x0000000081e00000|  0%| F|  |TAMS 0x0000000081d00000, 0x0000000081d00000| Untracked 
|  10|0x0000000081e00000, 0x0000000081e00000, 0x0000000081f00000|  0%| F|  |TAMS 0x0000000081e00000, 0x0000000081e00000| Untracked 
|  11|0x0000000081f00000, 0x0000000081f00000, 0x0000000082000000|  0%| F|  |TAMS 0x0000000081f00000, 0x0000000081f00000| Untracked 
|  12|0x0000000082000000, 0x0000000082000000, 0x0000000082100000|  0%| F|  |TAMS 0x0000000082000000, 0x0000000082000000| Untracked 
|  13|0x0000000082100000, 0x0000000082100000, 0x0000000082200000|  0%| F|  |TAMS 0x0000000082100000, 0x0000000082100000| Untracked 
|  14|0x0000000082200000, 0x0000000082200000, 0x0000000082300000|  0%| F|  |TAMS 0x0000000082200000, 0x0000000082200000| Untracked 
|  15|0x0000000082300000, 0x0000000082300000, 0x0000000082400000|  0%| F|  |TAMS 0x0000000082300000, 0x0000000082300000| Untracked 
|  16|0x0000000082400000, 0x0000000082400000, 0x0000000082500000|  0%| F|  |TAMS 0x0000000082400000, 0x0000000082400000| Untracked 
|  17|0x0000000082500000, 0x0000000082500000, 0x0000000082600000|  0%| F|  |TAMS 0x0000000082500000, 0x0000000082500000| Untracked 
|  18|0x0000000082600000, 0x0000000082600000, 0x0000000082700000|  0%| F|  |TAMS 0x0000000082600000, 0x0000000082600000| Untracked 
|  19|0x0000000082700000, 0x0000000082700000, 0x0000000082800000|  0%| F|  |TAMS 0x0000000082700000, 0x0000000082700000| Untracked 
|  20|0x0000000082800000, 0x0000000082800000, 0x0000000082900000|  0%| F|  |TAMS 0x0000000082800000, 0x0000000082800000| Untracked 
|  21|0x0000000082900000, 0x0000000082900000, 0x0000000082a00000|  0%| F|  |TAMS 0x0000000082900000, 0x0000000082900000| Untracked 
|  22|0x0000000082a00000, 0x0000000082a00000, 0x0000000082b00000|  0%| F|  |TAMS 0x0000000082a00000, 0x0000000082a00000| Untracked 
|  23|0x0000000082b00000, 0x0000000082b00000, 0x0000000082c00000|  0%| F|  |TAMS 0x0000000082b00000, 0x0000000082b00000| Untracked 
|  24|0x0000000082c00000, 0x0000000082c00000, 0x0000000082d00000|  0%| F|  |TAMS 0x0000000082c00000, 0x0000000082c00000| Untracked 
|  25|0x0000000082d00000, 0x0000000082d00000, 0x0000000082e00000|  0%| F|  |TAMS 0x0000000082d00000, 0x0000000082d00000| Untracked 
|  26|0x0000000082e00000, 0x0000000082e00000, 0x0000000082f00000|  0%| F|  |TAMS 0x0000000082e00000, 0x0000000082e00000| Untracked 
|  27|0x0000000082f00000, 0x0000000082f00000, 0x0000000083000000|  0%| F|  |TAMS 0x0000000082f00000, 0x0000000082f00000| Untracked 
|  28|0x0000000083000000, 0x0000000083000000, 0x0000000083100000|  0%| F|  |TAMS 0x0000000083000000, 0x0000000083000000| Untracked 
|  29|0x0000000083100000, 0x0000000083100000, 0x0000000083200000|  0%| F|  |TAMS 0x0000000083100000, 0x0000000083100000| Untracked 
|  30|0x0000000083200000, 0x0000000083200000, 0x0000000083300000|  0%| F|  |TAMS 0x0000000083200000, 0x0000000083200000| Untracked 
|  31|0x0000000083300000, 0x0000000083300000, 0x0000000083400000|  0%| F|  |TAMS 0x0000000083300000, 0x0000000083300000| Untracked 
|  32|0x0000000083400000, 0x0000000083400000, 0x0000000083500000|  0%| F|  |TAMS 0x0000000083400000, 0x0000000083400000| Untracked 
|  33|0x0000000083500000, 0x0000000083500000, 0x0000000083600000|  0%| F|  |TAMS 0x0000000083500000, 0x0000000083500000| Untracked 
|  34|0x0000000083600000, 0x0000000083600000, 0x0000000083700000|  0%| F|  |TAMS 0x0000000083600000, 0x0000000083600000| Untracked 
|  35|0x0000000083700000, 0x0000000083700000, 0x0000000083800000|  0%| F|  |TAMS 0x0000000083700000, 0x0000000083700000| Untracked 
|  36|0x0000000083800000, 0x0000000083800000, 0x0000000083900000|  0%| F|  |TAMS 0x0000000083800000, 0x0000000083800000| Untracked 
|  37|0x0000000083900000, 0x0000000083900000, 0x0000000083a00000|  0%| F|  |TAMS 0x0000000083900000, 0x0000000083900000| Untracked 
|  38|0x0000000083a00000, 0x0000000083a00000, 0x0000000083b00000|  0%| F|  |TAMS 0x0000000083a00000, 0x0000000083a00000| Untracked 
|  39|0x0000000083b00000, 0x0000000083b00000, 0x0000000083c00000|  0%| F|  |TAMS 0x0000000083b00000, 0x0000000083b00000| Untracked 
|  40|0x0000000083c00000, 0x0000000083c00000, 0x0000000083d00000|  0%| F|  |TAMS 0x0000000083c00000, 0x0000000083c00000| Untracked 
|  41|0x0000000083d00000, 0x0000000083d00000, 0x0000000083e00000|  0%| F|  |TAMS 0x0000000083d00000, 0x0000000083d00000| Untracked 
|  42|0x0000000083e00000, 0x0000000083e00000, 0x0000000083f00000|  0%| F|  |TAMS 0x0000000083e00000, 0x0000000083e00000| Untracked 
|  43|0x0000000083f00000, 0x0000000083f00000, 0x0000000084000000|  0%| F|  |TAMS 0x0000000083f00000, 0x0000000083f00000| Untracked 
|  44|0x0000000084000000, 0x0000000084000000, 0x0000000084100000|  0%| F|  |TAMS 0x0000000084000000, 0x0000000084000000| Untracked 
|  45|0x0000000084100000, 0x0000000084100000, 0x0000000084200000|  0%| F|  |TAMS 0x0000000084100000, 0x0000000084100000| Untracked 
|  46|0x0000000084200000, 0x0000000084200000, 0x0000000084300000|  0%| F|  |TAMS 0x0000000084200000, 0x0000000084200000| Untracked 
|  47|0x0000000084300000, 0x0000000084300000, 0x0000000084400000|  0%| F|  |TAMS 0x0000000084300000, 0x0000000084300000| Untracked 
|  48|0x0000000084400000, 0x0000000084400000, 0x0000000084500000|  0%| F|  |TAMS 0x0000000084400000, 0x0000000084400000| Untracked 
|  49|0x0000000084500000, 0x0000000084500000, 0x0000000084600000|  0%| F|  |TAMS 0x0000000084500000, 0x0000000084500000| Untracked 
|  50|0x0000000084600000, 0x0000000084600000, 0x0000000084700000|  0%| F|  |TAMS 0x0000000084600000, 0x0000000084600000| Untracked 
|  51|0x0000000084700000, 0x0000000084700000, 0x0000000084800000|  0%| F|  |TAMS 0x0000000084700000, 0x0000000084700000| Untracked 
|  52|0x0000000084800000, 0x0000000084800000, 0x0000000084900000|  0%| F|  |TAMS 0x0000000084800000, 0x0000000084800000| Untracked 
|  53|0x0000000084900000, 0x0000000084900000, 0x0000000084a00000|  0%| F|  |TAMS 0x0000000084900000, 0x0000000084900000| Untracked 
|  54|0x0000000084a00000, 0x0000000084a00000, 0x0000000084b00000|  0%| F|  |TAMS 0x0000000084a00000, 0x0000000084a00000| Untracked 
|  55|0x0000000084b00000, 0x0000000084b00000, 0x0000000084c00000|  0%| F|  |TAMS 0x0000000084b00000, 0x0000000084b00000| Untracked 
|  56|0x0000000084c00000, 0x0000000084c00000, 0x0000000084d00000|  0%| F|  |TAMS 0x0000000084c00000, 0x0000000084c00000| Untracked 
|  57|0x0000000084d00000, 0x0000000084d00000, 0x0000000084e00000|  0%| F|  |TAMS 0x0000000084d00000, 0x0000000084d00000| Untracked 
|  58|0x0000000084e00000, 0x0000000084e00000, 0x0000000084f00000|  0%| F|  |TAMS 0x0000000084e00000, 0x0000000084e00000| Untracked 
|  59|0x0000000084f00000, 0x0000000084f00000, 0x0000000085000000|  0%| F|  |TAMS 0x0000000084f00000, 0x0000000084f00000| Untracked 
|  60|0x0000000085000000, 0x0000000085000000, 0x0000000085100000|  0%| F|  |TAMS 0x0000000085000000, 0x0000000085000000| Untracked 
|  61|0x0000000085100000, 0x0000000085100000, 0x0000000085200000|  0%| F|  |TAMS 0x0000000085100000, 0x0000000085100000| Untracked 
|  62|0x0000000085200000, 0x0000000085200000, 0x0000000085300000|  0%| F|  |TAMS 0x0000000085200000, 0x0000000085200000| Untracked 
|  63|0x0000000085300000, 0x0000000085300000, 0x0000000085400000|  0%| F|  |TAMS 0x0000000085300000, 0x0000000085300000| Untracked 
|  64|0x0000000085400000, 0x0000000085400000, 0x0000000085500000|  0%| F|  |TAMS 0x0000000085400000, 0x0000000085400000| Untracked 
|  65|0x0000000085500000, 0x0000000085500000, 0x0000000085600000|  0%| F|  |TAMS 0x0000000085500000, 0x0000000085500000| Untracked 
|  66|0x0000000085600000, 0x0000000085600000, 0x0000000085700000|  0%| F|  |TAMS 0x0000000085600000, 0x0000000085600000| Untracked 
|  67|0x0000000085700000, 0x0000000085700000, 0x0000000085800000|  0%| F|  |TAMS 0x0000000085700000, 0x0000000085700000| Untracked 
|  68|0x0000000085800000, 0x0000000085800000, 0x0000000085900000|  0%| F|  |TAMS 0x0000000085800000, 0x0000000085800000| Untracked 
|  69|0x0000000085900000, 0x0000000085900000, 0x0000000085a00000|  0%| F|  |TAMS 0x0000000085900000, 0x0000000085900000| Untracked 
|  70|0x0000000085a00000, 0x0000000085a00000, 0x0000000085b00000|  0%| F|  |TAMS 0x0000000085a00000, 0x0000000085a00000| Untracked 
|  71|0x0000000085b00000, 0x0000000085b00000, 0x0000000085c00000|  0%| F|  |TAMS 0x0000000085b00000, 0x0000000085b00000| Untracked 
|  72|0x0000000085c00000, 0x0000000085c00000, 0x0000000085d00000|  0%| F|  |TAMS 0x0000000085c00000, 0x0000000085c00000| Untracked 
|  73|0x0000000085d00000, 0x0000000085d00000, 0x0000000085e00000|  0%| F|  |TAMS 0x0000000085d00000, 0x0000000085d00000| Untracked 
|  74|0x0000000085e00000, 0x0000000085e00000, 0x0000000085f00000|  0%| F|  |TAMS 0x0000000085e00000, 0x0000000085e00000| Untracked 
|  75|0x0000000085f00000, 0x0000000085f00000, 0x0000000086000000|  0%| F|  |TAMS 0x0000000085f00000, 0x0000000085f00000| Untracked 
|  76|0x0000000086000000, 0x0000000086000000, 0x0000000086100000|  0%| F|  |TAMS 0x0000000086000000, 0x0000000086000000| Untracked 
|  77|0x0000000086100000, 0x0000000086100000, 0x0000000086200000|  0%| F|  |TAMS 0x0000000086100000, 0x0000000086100000| Untracked 
|  78|0x0000000086200000, 0x0000000086200000, 0x0000000086300000|  0%| F|  |TAMS 0x0000000086200000, 0x0000000086200000| Untracked 
|  79|0x0000000086300000, 0x0000000086300000, 0x0000000086400000|  0%| F|  |TAMS 0x0000000086300000, 0x0000000086300000| Untracked 
|  80|0x0000000086400000, 0x0000000086400000, 0x0000000086500000|  0%| F|  |TAMS 0x0000000086400000, 0x0000000086400000| Untracked 
|  81|0x0000000086500000, 0x0000000086500000, 0x0000000086600000|  0%| F|  |TAMS 0x0000000086500000, 0x0000000086500000| Untracked 
|  82|0x0000000086600000, 0x0000000086600000, 0x0000000086700000|  0%| F|  |TAMS 0x0000000086600000, 0x0000000086600000| Untracked 
|  83|0x0000000086700000, 0x0000000086700000, 0x0000000086800000|  0%| F|  |TAMS 0x0000000086700000, 0x0000000086700000| Untracked 
|  84|0x0000000086800000, 0x0000000086800000, 0x0000000086900000|  0%| F|  |TAMS 0x0000000086800000, 0x0000000086800000| Untracked 
|  85|0x0000000086900000, 0x0000000086900000, 0x0000000086a00000|  0%| F|  |TAMS 0x0000000086900000, 0x0000000086900000| Untracked 
|  86|0x0000000086a00000, 0x0000000086a00000, 0x0000000086b00000|  0%| F|  |TAMS 0x0000000086a00000, 0x0000000086a00000| Untracked 
|  87|0x0000000086b00000, 0x0000000086b00000, 0x0000000086c00000|  0%| F|  |TAMS 0x0000000086b00000, 0x0000000086b00000| Untracked 
|  88|0x0000000086c00000, 0x0000000086c00000, 0x0000000086d00000|  0%| F|  |TAMS 0x0000000086c00000, 0x0000000086c00000| Untracked 
|  89|0x0000000086d00000, 0x0000000086d00000, 0x0000000086e00000|  0%| F|  |TAMS 0x0000000086d00000, 0x0000000086d00000| Untracked 
|  90|0x0000000086e00000, 0x0000000086e00000, 0x0000000086f00000|  0%| F|  |TAMS 0x0000000086e00000, 0x0000000086e00000| Untracked 
|  91|0x0000000086f00000, 0x0000000086f00000, 0x0000000087000000|  0%| F|  |TAMS 0x0000000086f00000, 0x0000000086f00000| Untracked 
|  92|0x0000000087000000, 0x0000000087000000, 0x0000000087100000|  0%| F|  |TAMS 0x0000000087000000, 0x0000000087000000| Untracked 
|  93|0x0000000087100000, 0x0000000087100000, 0x0000000087200000|  0%| F|  |TAMS 0x0000000087100000, 0x0000000087100000| Untracked 
|  94|0x0000000087200000, 0x0000000087200000, 0x0000000087300000|  0%| F|  |TAMS 0x0000000087200000, 0x0000000087200000| Untracked 
|  95|0x0000000087300000, 0x0000000087300000, 0x0000000087400000|  0%| F|  |TAMS 0x0000000087300000, 0x0000000087300000| Untracked 
|  96|0x0000000087400000, 0x0000000087400000, 0x0000000087500000|  0%| F|  |TAMS 0x0000000087400000, 0x0000000087400000| Untracked 
|  97|0x0000000087500000, 0x0000000087500000, 0x0000000087600000|  0%| F|  |TAMS 0x0000000087500000, 0x0000000087500000| Untracked 
|  98|0x0000000087600000, 0x0000000087600000, 0x0000000087700000|  0%| F|  |TAMS 0x0000000087600000, 0x0000000087600000| Untracked 
|  99|0x0000000087700000, 0x0000000087700000, 0x0000000087800000|  0%| F|  |TAMS 0x0000000087700000, 0x0000000087700000| Untracked 
| 100|0x0000000087800000, 0x0000000087800000, 0x0000000087900000|  0%| F|  |TAMS 0x0000000087800000, 0x0000000087800000| Untracked 
| 101|0x0000000087900000, 0x0000000087900000, 0x0000000087a00000|  0%| F|  |TAMS 0x0000000087900000, 0x0000000087900000| Untracked 
| 102|0x0000000087a00000, 0x0000000087a00000, 0x0000000087b00000|  0%| F|  |TAMS 0x0000000087a00000, 0x0000000087a00000| Untracked 
| 103|0x0000000087b00000, 0x0000000087b00000, 0x0000000087c00000|  0%| F|  |TAMS 0x0000000087b00000, 0x0000000087b00000| Untracked 
| 104|0x0000000087c00000, 0x0000000087c00000, 0x0000000087d00000|  0%| F|  |TAMS 0x0000000087c00000, 0x0000000087c00000| Untracked 
| 105|0x0000000087d00000, 0x0000000087d00000, 0x0000000087e00000|  0%| F|  |TAMS 0x0000000087d00000, 0x0000000087d00000| Untracked 
| 106|0x0000000087e00000, 0x0000000087e00000, 0x0000000087f00000|  0%| F|  |TAMS 0x0000000087e00000, 0x0000000087e00000| Untracked 
| 107|0x0000000087f00000, 0x0000000087f00000, 0x0000000088000000|  0%| F|  |TAMS 0x0000000087f00000, 0x0000000087f00000| Untracked 
| 108|0x0000000088000000, 0x0000000088000000, 0x0000000088100000|  0%| F|  |TAMS 0x0000000088000000, 0x0000000088000000| Untracked 
| 109|0x0000000088100000, 0x0000000088100000, 0x0000000088200000|  0%| F|  |TAMS 0x0000000088100000, 0x0000000088100000| Untracked 
| 110|0x0000000088200000, 0x0000000088200000, 0x0000000088300000|  0%| F|  |TAMS 0x0000000088200000, 0x0000000088200000| Untracked 
| 111|0x0000000088300000, 0x0000000088300000, 0x0000000088400000|  0%| F|  |TAMS 0x0000000088300000, 0x0000000088300000| Untracked 
| 112|0x0000000088400000, 0x00000000884a15a0, 0x0000000088500000| 63%| S|CS|TAMS 0x0000000088400000, 0x0000000088400000| Complete 
| 113|0x0000000088500000, 0x0000000088600000, 0x0000000088600000|100%| S|CS|TAMS 0x0000000088500000, 0x0000000088500000| Complete 
| 114|0x0000000088600000, 0x0000000088600000, 0x0000000088700000|  0%| F|  |TAMS 0x0000000088600000, 0x0000000088600000| Untracked 
| 115|0x0000000088700000, 0x0000000088700000, 0x0000000088800000|  0%| F|  |TAMS 0x0000000088700000, 0x0000000088700000| Untracked 
| 116|0x0000000088800000, 0x0000000088800000, 0x0000000088900000|  0%| F|  |TAMS 0x0000000088800000, 0x0000000088800000| Untracked 
| 117|0x0000000088900000, 0x0000000088900000, 0x0000000088a00000|  0%| F|  |TAMS 0x0000000088900000, 0x0000000088900000| Untracked 
| 118|0x0000000088a00000, 0x0000000088a00000, 0x0000000088b00000|  0%| F|  |TAMS 0x0000000088a00000, 0x0000000088a00000| Untracked 
| 119|0x0000000088b00000, 0x0000000088b00000, 0x0000000088c00000|  0%| F|  |TAMS 0x0000000088b00000, 0x0000000088b00000| Untracked 
| 120|0x0000000088c00000, 0x0000000088c76d08, 0x0000000088d00000| 46%| E|  |TAMS 0x0000000088c00000, 0x0000000088c00000| Complete 
| 121|0x0000000088d00000, 0x0000000088e00000, 0x0000000088e00000|100%| E|CS|TAMS 0x0000000088d00000, 0x0000000088d00000| Complete 
| 122|0x0000000088e00000, 0x0000000088f00000, 0x0000000088f00000|100%| E|CS|TAMS 0x0000000088e00000, 0x0000000088e00000| Complete 
| 123|0x0000000088f00000, 0x0000000089000000, 0x0000000089000000|100%| E|CS|TAMS 0x0000000088f00000, 0x0000000088f00000| Complete 
| 124|0x0000000089000000, 0x0000000089100000, 0x0000000089100000|100%| E|CS|TAMS 0x0000000089000000, 0x0000000089000000| Complete 
| 125|0x0000000089100000, 0x0000000089200000, 0x0000000089200000|100%| E|CS|TAMS 0x0000000089100000, 0x0000000089100000| Complete 
| 126|0x0000000089200000, 0x0000000089300000, 0x0000000089300000|100%| E|CS|TAMS 0x0000000089200000, 0x0000000089200000| Complete 
| 127|0x0000000089300000, 0x0000000089400000, 0x0000000089400000|100%| E|CS|TAMS 0x0000000089300000, 0x0000000089300000| Complete 

Card table byte_map: [0x0000021cff9c0000,0x0000021cffdc0000] _byte_map_base: 0x0000021cff5b6000

Marking Bits (Prev, Next): (CMBitMap*) 0x0000021cf691a1c0, (CMBitMap*) 0x0000021cf691a188
 Prev Bits: [0x0000021c913b0000, 0x0000021c93360000)
 Next Bits: [0x0000021c8f400000, 0x0000021c913b0000)

Polling page: 0x0000021cf69b0000

Metaspace:

Usage:
  Non-class:     20.38 MB capacity,    20.07 MB ( 98%) used,   273.07 KB (  1%) free+waste,    40.00 KB ( <1%) overhead. 
      Class:      2.61 MB capacity,     2.36 MB ( 90%) used,   240.81 KB (  9%) free+waste,    18.00 KB ( <1%) overhead. 
       Both:     22.99 MB capacity,    22.43 MB ( 98%) used,   513.88 KB (  2%) free+waste,    58.00 KB ( <1%) overhead. 

Virtual space:
  Non-class space:       22.00 MB reserved,      20.50 MB ( 93%) committed 
      Class space:        1.00 GB reserved,       2.63 MB ( <1%) committed 
             Both:        1.02 GB reserved,      23.13 MB (  2%) committed 

Chunk freelists:
   Non-Class:  59.00 KB
       Class:  17.00 KB
        Both:  76.00 KB

CodeHeap 'non-profiled nmethods': size=120064Kb used=750Kb max_used=750Kb free=119313Kb
 bounds [0x0000021c87ac0000, 0x0000021c87d30000, 0x0000021c8f000000]
CodeHeap 'profiled nmethods': size=120000Kb used=3849Kb max_used=3849Kb free=116150Kb
 bounds [0x0000021c80590000, 0x0000021c80960000, 0x0000021c87ac0000]
CodeHeap 'non-nmethods': size=5696Kb used=1272Kb max_used=1301Kb free=4423Kb
 bounds [0x0000021c80000000, 0x0000021c80270000, 0x0000021c80590000]
 total_blobs=3204 nmethods=2075 adapters=563
 compilation: enabled
              stopped_count=0, restarted_count=0
 full_count=0

Compilation events (10 events):
Event: 14.589 Thread 0x0000021c95781000 2154       3       org.apache.derby.impl.store.access.conglomerate.GenericConglomerateController::close (35 bytes)
Event: 14.589 Thread 0x0000021c95781000 nmethod 2154 0x0000021c80953390 code [0x0000021c809535a0, 0x0000021c80953ba0]
Event: 14.589 Thread 0x0000021c95781000 2155       3       org.apache.derby.impl.store.raw.xact.RowLocking3::lockContainer (130 bytes)
Event: 14.591 Thread 0x0000021c95781000 nmethod 2155 0x0000021c80953e10 code [0x0000021c80954060, 0x0000021c80954aa0]
Event: 14.591 Thread 0x0000021c95781000 2156       3       java.io.StringReader::<init> (28 bytes)
Event: 14.592 Thread 0x0000021c95781000 nmethod 2156 0x0000021c80954d90 code [0x0000021c80954f80, 0x0000021c80955398]
Event: 14.592 Thread 0x0000021c95781000 2157       3       java.lang.Class::getMethodsRecursive (99 bytes)
Event: 14.593 Thread 0x0000021c95781000 nmethod 2157 0x0000021c80955510 code [0x0000021c80955740, 0x0000021c80955d30]
Event: 14.593 Thread 0x0000021c95781000 2158       3       org.apache.derby.impl.store.raw.xact.Xact::newLockingPolicy (11 bytes)
Event: 14.593 Thread 0x0000021c95781000 nmethod 2158 0x0000021c805b4c10 code [0x0000021c805b4dc0, 0x0000021c805b4f50]

GC Heap History (6 events):
Event: 0.900 GC heap before
{Heap before GC invocations=0 (full 0):
 garbage-first heap   total 131072K, used 14336K [0x0000000081400000, 0x0000000100000000)
  region size 1024K, 14 young (14336K), 0 survivors (0K)
 Metaspace       used 14582K, capacity 14880K, committed 14976K, reserved 1062912K
  class space    used 1455K, capacity 1598K, committed 1664K, reserved 1048576K
}
Event: 0.908 GC heap after
{Heap after GC invocations=1 (full 0):
 garbage-first heap   total 131072K, used 3664K [0x0000000081400000, 0x0000000100000000)
  region size 1024K, 2 young (2048K), 2 survivors (2048K)
 Metaspace       used 14582K, capacity 14880K, committed 14976K, reserved 1062912K
  class space    used 1455K, capacity 1598K, committed 1664K, reserved 1048576K
}
Event: 11.943 GC heap before
{Heap before GC invocations=1 (full 0):
 garbage-first heap   total 131072K, used 7760K [0x0000000081400000, 0x0000000100000000)
  region size 1024K, 6 young (6144K), 2 survivors (2048K)
 Metaspace       used 16194K, capacity 16465K, committed 16640K, reserved 1064960K
  class space    used 1636K, capacity 1765K, committed 1792K, reserved 1048576K
}
Event: 11.967 GC heap after
{Heap after GC invocations=2 (full 0):
 garbage-first heap   total 131072K, used 4342K [0x0000000081400000, 0x0000000100000000)
  region size 1024K, 1 young (1024K), 1 survivors (1024K)
 Metaspace       used 16194K, capacity 16465K, committed 16640K, reserved 1064960K
  class space    used 1636K, capacity 1765K, committed 1792K, reserved 1048576K
}
Event: 13.825 GC heap before
{Heap before GC invocations=2 (full 0):
 garbage-first heap   total 131072K, used 16630K [0x0000000081400000, 0x0000000100000000)
  region size 1024K, 14 young (14336K), 1 survivors (1024K)
 Metaspace       used 20924K, capacity 21233K, committed 21248K, reserved 1069056K
  class space    used 2169K, capacity 2293K, committed 2304K, reserved 1048576K
}
Event: 13.830 GC heap after
{Heap after GC invocations=3 (full 0):
 garbage-first heap   total 131072K, used 5438K [0x0000000081400000, 0x0000000100000000)
  region size 1024K, 2 young (2048K), 2 survivors (2048K)
 Metaspace       used 20924K, capacity 21233K, committed 21248K, reserved 1069056K
  class space    used 2169K, capacity 2293K, committed 2304K, reserved 1048576K
}

Deoptimization events (10 events):
Event: 14.346 Thread 0x0000021c96aa7800 Uncommon trap: trap_request=0xffffffde fr.pc=0x0000021c87b150b8 relative=0x0000000000000098
Event: 14.346 Thread 0x0000021c96aa7800 Uncommon trap: reason=class_check action=maybe_recompile pc=0x0000021c87b150b8 method=java.io.DataInputStream.readUnsignedByte()I @ 4 c2
Event: 14.346 Thread 0x0000021c96aa7800 DEOPT PACKING pc=0x0000021c87b150b8 sp=0x000000ee60efcad0
Event: 14.346 Thread 0x0000021c96aa7800 DEOPT UNPACKING pc=0x0000021c80028f2f sp=0x000000ee60efca68 mode 2
Event: 14.347 Thread 0x0000021c96aa7800 Uncommon trap: trap_request=0xffffffde fr.pc=0x0000021c87b1c850 relative=0x0000000000000310
Event: 14.347 Thread 0x0000021c96aa7800 Uncommon trap: reason=class_check action=maybe_recompile pc=0x0000021c87b1c850 method=java.io.DataInputStream.readUnsignedByte()I @ 4 c2
Event: 14.347 Thread 0x0000021c96aa7800 DEOPT PACKING pc=0x0000021c87b1c850 sp=0x000000ee60efc9e0
Event: 14.347 Thread 0x0000021c96aa7800 DEOPT UNPACKING pc=0x0000021c80028f2f sp=0x000000ee60efc920 mode 2
Event: 14.397 Thread 0x0000021c96aa7800 DEOPT PACKING pc=0x0000021c8092829c sp=0x000000ee60efcbd0
Event: 14.397 Thread 0x0000021c96aa7800 DEOPT UNPACKING pc=0x0000021c80028d4e sp=0x000000ee60efc0d8 mode 0

Classes redefined (0 events):
No events

Internal exceptions (10 events):
Event: 0.756 Thread 0x0000021cf68dd800 Exception <a 'java/lang/NoSuchMethodError'{0x00000000888ab388}: 'java.lang.Object java.lang.invoke.DirectMethodHandle$Holder.invokeStatic(java.lang.Object, java.lang.Object, java.lang.Object, java.lang.Object, java.lang.Object, java.lang.Object, java.lang
Event: 0.760 Thread 0x0000021cf68dd800 Exception <a 'java/lang/NoSuchMethodError'{0x00000000888cbe20}: 'java.lang.Object java.lang.invoke.DirectMethodHandle$Holder.invokeStatic(java.lang.Object, java.lang.Object, java.lang.Object, java.lang.Object, java.lang.Object, java.lang.Object, java.lang
Event: 11.881 Thread 0x0000021c96971800 Implicit null exception at 0x0000021c87ae68f7 to 0x0000021c87ae6e12
Event: 14.498 Thread 0x0000021c96aa7800 Exception <a 'java/lang/NoSuchMethodError'{0x0000000088d545a0}: 'java.lang.Object java.lang.invoke.DirectMethodHandle$Holder.invokeStatic(java.lang.Object, java.lang.Object, java.lang.Object, java.lang.Object, java.lang.Object, java.lang.Object, java.lang
Event: 14.500 Thread 0x0000021c96aa7800 Exception <a 'java/lang/NoSuchMethodError'{0x0000000088d62310}: 'java.lang.Object java.lang.invoke.DirectMethodHandle$Holder.invokeStatic(java.lang.Object, java.lang.Object, java.lang.Object, java.lang.Object, java.lang.Object, java.lang.Object, java.lang
Event: 14.502 Thread 0x0000021c96aa7800 Exception <a 'java/lang/NoSuchMethodError'{0x0000000088d70050}: 'java.lang.Object java.lang.invoke.DirectMethodHandle$Holder.invokeSpecial(java.lang.Object, java.lang.Object, int, int, java.lang.Object, java.lang.Object, int)'> (0x0000000088d70050) thrown
Event: 14.503 Thread 0x0000021c96aa7800 Exception <a 'java/lang/NoSuchMethodError'{0x0000000088d734e0}: 'java.lang.Object java.lang.invoke.DelegatingMethodHandle$Holder.reinvoke_L(java.lang.Object, int, int, java.lang.Object, java.lang.Object, int)'> (0x0000000088d734e0) thrown at [c:/cygwin64/
Event: 14.505 Thread 0x0000021c96aa7800 Exception <a 'java/lang/NoSuchMethodError'{0x0000000088d814e8}: 'java.lang.Object java.lang.invoke.DirectMethodHandle$Holder.invokeStatic(java.lang.Object, java.lang.Object, java.lang.Object, java.lang.Object, java.lang.Object, java.lang.Object, int)'> (0
Event: 14.515 Thread 0x0000021c96aa7800 Exception <a 'java/lang/NoSuchMethodError'{0x0000000088dd4068}: 'java.lang.Object java.lang.invoke.DirectMethodHandle$Holder.invokeSpecial(java.lang.Object, java.lang.Object, java.lang.Object, java.lang.Object, int)'> (0x0000000088dd4068) thrown at [c:/cy
Event: 14.515 Thread 0x0000021c96aa7800 Exception <a 'java/lang/NoSuchMethodError'{0x0000000088dd7500}: 'java.lang.Object java.lang.invoke.Invokers$Holder.linkToTargetMethod(java.lang.Object, java.lang.Object, int, java.lang.Object)'> (0x0000000088dd7500) thrown at [c:/cygwin64/tmp/openjdk-jdk1

Events (10 events):
Event: 14.590 Executing VM operation: RevokeBias
Event: 14.590 Executing VM operation: RevokeBias done
Event: 14.590 Executing VM operation: RevokeBias
Event: 14.590 Executing VM operation: RevokeBias done
Event: 14.590 Executing VM operation: RevokeBias
Event: 14.591 Executing VM operation: RevokeBias done
Event: 14.591 Executing VM operation: RevokeBias
Event: 14.591 Executing VM operation: RevokeBias done
Event: 14.591 Executing VM operation: RevokeBias
Event: 14.591 Executing VM operation: RevokeBias done


Dynamic libraries:
0x00007ff6adeb0000 - 0x00007ff6adefa000 	C:\Program Files\AdoptOpenJDK\jdk-11.0.4.11-hotspot\bin\java.exe
0x00007ffd52020000 - 0x00007ffd52210000 	C:\WINDOWS\SYSTEM32\ntdll.dll
0x00007ffd2d610000 - 0x00007ffd2d624000 	C:\Program Files\AVAST Software\Avast\aswhook.dll
0x00007ffd501d0000 - 0x00007ffd50282000 	C:\WINDOWS\System32\KERNEL32.DLL
0x00007ffd4f4a0000 - 0x00007ffd4f743000 	C:\WINDOWS\System32\KERNELBASE.dll
0x00007ffd503a0000 - 0x00007ffd50534000 	C:\WINDOWS\System32\USER32.dll
0x00007ffd4f810000 - 0x00007ffd4f831000 	C:\WINDOWS\System32\win32u.dll
0x00007ffd51fb0000 - 0x00007ffd51fd6000 	C:\WINDOWS\System32\GDI32.dll
0x00007ffd4efb0000 - 0x00007ffd4f144000 	C:\WINDOWS\System32\gdi32full.dll
0x00007ffd4f770000 - 0x00007ffd4f80e000 	C:\WINDOWS\System32\msvcp_win.dll
0x00007ffd4f1a0000 - 0x00007ffd4f29a000 	C:\WINDOWS\System32\ucrtbase.dll
0x00007ffd350e0000 - 0x00007ffd35365000 	C:\WINDOWS\WinSxS\amd64_microsoft.windows.common-controls_6595b64144ccf1df_6.0.18362.535_none_e6c3b34713100821\COMCTL32.dll
0x00007ffd50540000 - 0x00007ffd505de000 	C:\WINDOWS\System32\msvcrt.dll
0x00007ffd50790000 - 0x00007ffd50ac6000 	C:\WINDOWS\System32\combase.dll
0x00007ffd51dc0000 - 0x00007ffd51ee0000 	C:\WINDOWS\System32\RPCRT4.dll
0x00007ffd4ffc0000 - 0x00007ffd50040000 	C:\WINDOWS\System32\bcryptPrimitives.dll
0x00007ffd51c70000 - 0x00007ffd51c9e000 	C:\WINDOWS\System32\IMM32.DLL
0x00007ffd4a610000 - 0x00007ffd4a626000 	C:\Program Files\AdoptOpenJDK\jdk-11.0.4.11-hotspot\bin\vcruntime140.dll
0x00007ffd38b70000 - 0x00007ffd38c0b000 	C:\Program Files\AdoptOpenJDK\jdk-11.0.4.11-hotspot\bin\msvcp140.dll
0x00007ffd161f0000 - 0x00007ffd16ca6000 	C:\Program Files\AdoptOpenJDK\jdk-11.0.4.11-hotspot\bin\server\jvm.dll
0x00007ffd502f0000 - 0x00007ffd50393000 	C:\WINDOWS\System32\ADVAPI32.dll
0x00007ffd50130000 - 0x00007ffd501c7000 	C:\WINDOWS\System32\sechost.dll
0x00007ffd51860000 - 0x00007ffd51868000 	C:\WINDOWS\System32\PSAPI.DLL
0x00007ffd45260000 - 0x00007ffd45269000 	C:\WINDOWS\SYSTEM32\WSOCK32.dll
0x00007ffd51d50000 - 0x00007ffd51dbf000 	C:\WINDOWS\System32\WS2_32.dll
0x00007ffd465c0000 - 0x00007ffd465e4000 	C:\WINDOWS\SYSTEM32\WINMM.dll
0x00007ffd49610000 - 0x00007ffd4961a000 	C:\WINDOWS\SYSTEM32\VERSION.dll
0x00007ffd46380000 - 0x00007ffd463ad000 	C:\WINDOWS\SYSTEM32\WINMMBASE.dll
0x00007ffd4f150000 - 0x00007ffd4f19a000 	C:\WINDOWS\System32\cfgmgr32.dll
0x00007ffd4ef90000 - 0x00007ffd4efa1000 	C:\WINDOWS\System32\kernel.appcore.dll
0x00007ffd4ab30000 - 0x00007ffd4ab40000 	C:\Program Files\AdoptOpenJDK\jdk-11.0.4.11-hotspot\bin\verify.dll
0x00007ffd4d7d0000 - 0x00007ffd4d9c4000 	C:\WINDOWS\SYSTEM32\DBGHELP.DLL
0x00007ffd48490000 - 0x00007ffd484ba000 	C:\WINDOWS\SYSTEM32\dbgcore.DLL
0x00007ffd47060000 - 0x00007ffd47088000 	C:\Program Files\AdoptOpenJDK\jdk-11.0.4.11-hotspot\bin\java.dll
0x00007ffd4a5f0000 - 0x00007ffd4a606000 	C:\Program Files\AdoptOpenJDK\jdk-11.0.4.11-hotspot\bin\zip.dll
0x00007ffd4a980000 - 0x00007ffd4a98a000 	C:\Program Files\AdoptOpenJDK\jdk-11.0.4.11-hotspot\bin\jimage.dll
0x00007ffd50f50000 - 0x00007ffd51635000 	C:\WINDOWS\System32\SHELL32.dll
0x00007ffd50640000 - 0x00007ffd506e9000 	C:\WINDOWS\System32\shcore.dll
0x00007ffd4f840000 - 0x00007ffd4ffbf000 	C:\WINDOWS\System32\windows.storage.dll
0x00007ffd4ef70000 - 0x00007ffd4ef8f000 	C:\WINDOWS\System32\profapi.dll
0x00007ffd4ef20000 - 0x00007ffd4ef6a000 	C:\WINDOWS\System32\powrprof.dll
0x00007ffd4eef0000 - 0x00007ffd4ef00000 	C:\WINDOWS\System32\UMPDC.dll
0x00007ffd505e0000 - 0x00007ffd50632000 	C:\WINDOWS\System32\shlwapi.dll
0x00007ffd4f750000 - 0x00007ffd4f767000 	C:\WINDOWS\System32\cryptsp.dll
0x00007ffd47310000 - 0x00007ffd47329000 	C:\Program Files\AdoptOpenJDK\jdk-11.0.4.11-hotspot\bin\net.dll
0x00007ffd49280000 - 0x00007ffd49370000 	C:\WINDOWS\SYSTEM32\WINHTTP.dll
0x00007ffd455c0000 - 0x00007ffd45796000 	C:\WINDOWS\SYSTEM32\urlmon.dll
0x00007ffd43e10000 - 0x00007ffd440b6000 	C:\WINDOWS\SYSTEM32\iertutil.dll
0x00007ffd4e8d0000 - 0x00007ffd4e8dc000 	C:\WINDOWS\SYSTEM32\CRYPTBASE.DLL
0x00007ffd4e700000 - 0x00007ffd4e767000 	C:\WINDOWS\system32\mswsock.dll
0x00007ffd46630000 - 0x00007ffd46642000 	C:\Program Files\AdoptOpenJDK\jdk-11.0.4.11-hotspot\bin\nio.dll
0x00007ffd4a860000 - 0x00007ffd4a86d000 	C:\Program Files\AdoptOpenJDK\jdk-11.0.4.11-hotspot\bin\sunmscapi.dll
0x00007ffd4f350000 - 0x00007ffd4f499000 	C:\WINDOWS\System32\CRYPT32.dll
0x00007ffd4ef00000 - 0x00007ffd4ef12000 	C:\WINDOWS\System32\MSASN1.dll
0x00007ffd4e9d0000 - 0x00007ffd4e9f6000 	C:\WINDOWS\SYSTEM32\ncrypt.dll
0x00007ffd50040000 - 0x00007ffd50066000 	C:\WINDOWS\System32\bcrypt.dll
0x00007ffd4e990000 - 0x00007ffd4e9cb000 	C:\WINDOWS\SYSTEM32\NTASN1.dll
0x00007ffd463e0000 - 0x00007ffd46406000 	C:\Program Files\AdoptOpenJDK\jdk-11.0.4.11-hotspot\bin\sunec.dll
0x00007ffd4a4f0000 - 0x00007ffd4a4f9000 	C:\Program Files\AdoptOpenJDK\jdk-11.0.4.11-hotspot\bin\management.dll
0x00007ffd4a020000 - 0x00007ffd4a02b000 	C:\Program Files\AdoptOpenJDK\jdk-11.0.4.11-hotspot\bin\management_ext.dll
0x00007ffd4e450000 - 0x00007ffd4e51a000 	C:\WINDOWS\SYSTEM32\DNSAPI.dll
0x00007ffd519b0000 - 0x00007ffd519b8000 	C:\WINDOWS\System32\NSI.dll
0x00007ffd4e410000 - 0x00007ffd4e44a000 	C:\WINDOWS\SYSTEM32\IPHLPAPI.DLL
0x00007ffd465f0000 - 0x00007ffd465fa000 	C:\Windows\System32\rasadhlp.dll
0x00007ffd47790000 - 0x00007ffd47807000 	C:\WINDOWS\System32\fwpuclnt.dll
0x00007ffd36c50000 - 0x00007ffd36c66000 	C:\WINDOWS\system32\napinsp.dll
0x00007ffd36c30000 - 0x00007ffd36c4a000 	C:\WINDOWS\system32\pnrpnsp.dll
0x00007ffd36c20000 - 0x00007ffd36c2e000 	C:\WINDOWS\System32\winrnr.dll
0x00007ffd485e0000 - 0x00007ffd485fc000 	C:\WINDOWS\system32\NLAapi.dll
0x00007ffd36c00000 - 0x00007ffd36c15000 	C:\WINDOWS\system32\wshbth.dll

dbghelp: loaded successfully - version: 4.0.5 - missing functions: none
symbol engine: initialized successfully - sym options: 0x614 - pdb path: .;C:\Program Files\AdoptOpenJDK\jdk-11.0.4.11-hotspot\bin;C:\WINDOWS\SYSTEM32;C:\Program Files\AVAST Software\Avast;C:\WINDOWS\WinSxS\amd64_microsoft.windows.common-controls_6595b64144ccf1df_6.0.18362.535_none_e6c3b34713100821;C:\Program Files\AdoptOpenJDK\jdk-11.0.4.11-hotspot\bin\server

VM Arguments:
java_command: org.apache.derby.drda.NetworkServerControl start -noSecurityManager
java_class_path (initial): C:\opt\db-derby-10.14.2.0-bin\bin\../lib/derby.jar;C:\opt\db-derby-10.14.2.0-bin\bin\../lib/derbynet.jar;C:\opt\db-derby-10.14.2.0-bin\bin\../lib/derbyclient.jar;C:\opt\db-derby-10.14.2.0-bin\bin\../lib/derbytools.jar;C:\opt\db-derby-10.14.2.0-bin\bin\../lib/derbyoptionaltools.jar
Launcher Type: SUN_STANDARD

[Global flags]
     intx CICompilerCount                          = 3                                         {product} {ergonomic}
     uint ConcGCThreads                            = 1                                         {product} {ergonomic}
     uint G1ConcRefinementThreads                  = 4                                         {product} {ergonomic}
   size_t G1HeapRegionSize                         = 1048576                                   {product} {ergonomic}
    uintx GCDrainStackTargetSize                   = 64                                        {product} {ergonomic}
   size_t InitialHeapSize                          = 134217728                                 {product} {ergonomic}
   size_t MarkStackSize                            = 4194304                                   {product} {ergonomic}
   size_t MaxHeapSize                              = 2126512128                                {product} {ergonomic}
   size_t MaxNewSize                               = 1275068416                                {product} {ergonomic}
   size_t MinHeapDeltaBytes                        = 1048576                                   {product} {ergonomic}
    uintx NonNMethodCodeHeapSize                   = 5830092                                {pd product} {ergonomic}
    uintx NonProfiledCodeHeapSize                  = 122914074                              {pd product} {ergonomic}
    uintx ProfiledCodeHeapSize                     = 122914074                              {pd product} {ergonomic}
    uintx ReservedCodeCacheSize                    = 251658240                              {pd product} {ergonomic}
     bool SegmentedCodeCache                       = true                                      {product} {ergonomic}
     bool UseCompressedClassPointers               = true                                 {lp64_product} {ergonomic}
     bool UseCompressedOops                        = true                                 {lp64_product} {ergonomic}
     bool UseG1GC                                  = true                                      {product} {ergonomic}
     bool UseLargePagesIndividualAllocation        = false                                  {pd product} {ergonomic}

Logging:
Log output configuration:
 #0: stdout all=warning uptime,level,tags
 #1: stderr all=off uptime,level,tags

Environment Variables:
PATH=C:\Program Files\AdoptOpenJDK\jdk-11.0.4.11-hotspot\bin;C:\Program Files (x86)\Common Files\Intel\Shared Libraries\redist\intel64\compiler;C:\ProgramData\Oracle\Java\javapath;C:\Program Files (x86)\Intel\iCLS Client\;C:\Program Files\Intel\iCLS Client\;C:\WINDOWS\system32;C:\WINDOWS;C:\WINDOWS\System32\Wbem;C:\WINDOWS\System32\WindowsPowerShell\v1.0\;C:\Program Files (x86)\Intel\Intel(R) Management Engine Components\DAL;C:\Program Files\Intel\Intel(R) Management Engine Components\DAL;C:\Program Files (x86)\Intel\Intel(R) Management Engine Components\IPT;C:\Program Files\Intel\Intel(R) Management Engine Components\IPT;C:\Program Files (x86)\Common Files\Acronis\VirtualFile\;C:\Program Files (x86)\Common Files\Acronis\VirtualFile64\;C:\Program Files (x86)\Common Files\Acronis\SnapAPI\;C:\WINDOWS\System32\OpenSSH\;C:\Program Files\PuTTY\;C:\Program Files\Git\cmd;C:\xampp\php;C:\ProgramData\ComposerSetup\bin;C:\Users\jonas\AppData\Local\Microsoft\WindowsApps;;C:\Users\jonas\AppData\Roaming\Composer\vendor\bin
USERNAME=jonas
OS=Windows_NT
PROCESSOR_IDENTIFIER=Intel64 Family 6 Model 78 Stepping 3, GenuineIntel



---------------  S Y S T E M  ---------------

OS: Windows 10 , 64 bit Build 18362 (10.0.18362.329)

CPU:total 4 (initial active 4) (2 cores per cpu, 2 threads per core) family 6 model 78 stepping 3, cmov, cx8, fxsr, mmx, sse, sse2, sse3, ssse3, sse4.1, sse4.2, popcnt, avx, avx2, aes, clmul, erms, 3dnowpref, lzcnt, ht, tsc, tscinvbit, bmi1, bmi2, adx, fma

Memory: 4k page, system-wide physical 8108M (848M free)
TotalPageFile size 10028M (AvailPageFile size 3M)
current process WorkingSet (physical memory assigned to process): 92M, peak: 92M
current process commit charge ("private bytes"): 231M, peak: 231M

vm_info: OpenJDK 64-Bit Server VM (11.0.4+11) for windows-amd64 JRE (11.0.4+11), built on Jul 18 2019 06:43:34 by "" with MS VC++ 15.8 (VS2017)

END.
