#
# There is insufficient memory for the Java Runtime Environment to continue.
# Native memory allocation (malloc) failed to allocate 1647856 bytes for Chunk::new
# Possible reasons:
#   The system is out of physical RAM or swap space
#   The process is running with CompressedOops enabled, and the Java Heap may be blocking the growth of the native heap
# Possible solutions:
#   Reduce memory load on the system
#   Increase physical memory or swap space
#   Check if swap backing store is full
#   Decrease Java heap size (-Xmx/-Xms)
#   Decrease number of Java threads
#   Decrease Java thread stack sizes (-Xss)
#   Set larger code cache with -XX:ReservedCodeCacheSize=
#   JVM is running with Unscaled Compressed Oops mode in which the Java heap is
#     placed in the first 4GB address space. The Java Heap base address is the
#     maximum limit for the native heap growth. Please use -XX:HeapBaseMinAddress
#     to set the Java Heap base and to place the Java Heap above 4GB virtual address.
# This output file may be truncated or incomplete.
#
#  Out of Memory Error (c:/cygwin64/tmp/openjdk-jdk11u-windows-x64-hotspot/workspace/build/src/src/hotspot/share/memory/arena.cpp:197), pid=1856, tid=17532
#
# JRE version: OpenJDK Runtime Environment (11.0.4+11) (build 11.0.4+11)
# Java VM: OpenJDK 64-Bit Server VM (11.0.4+11, mixed mode, tiered, compressed oops, g1 gc, windows-amd64)
# No core dump will be written. Minidumps are not enabled by default on client versions of Windows
#

---------------  S U M M A R Y ------------

Command Line: org.apache.derby.drda.NetworkServerControl start -noSecurityManager

Host: Intel(R) Core(TM) i3-6006U CPU @ 2.00GHz, 4 cores, 7G,  Windows 10 , 64 bit Build 18362 (10.0.18362.329)
Time: Wed Jan 15 19:21:11 2020 Mitteleuropäische Zeit elapsed time: 11957 seconds (0d 3h 19m 17s)

---------------  T H R E A D  ---------------

Current thread (0x0000016e7f0a5000):  JavaThread "C2 CompilerThread1" daemon [_thread_in_native, id=17532, stack(0x0000001ac5300000,0x0000001ac5400000)]


Current CompileTask:
C2:11957582 2896   !   4       org.apache.derby.impl.store.raw.data.StoredPage::readRecordFromArray (775 bytes)

Stack: [0x0000001ac5300000,0x0000001ac5400000]
Native frames: (J=compiled Java code, j=interpreted, Vv=VM code, C=native code)
V  [jvm.dll+0x5d700a]
V  [jvm.dll+0x70bbce]
V  [jvm.dll+0x70d25b]
V  [jvm.dll+0x70d923]
V  [jvm.dll+0x23f5f8]
V  [jvm.dll+0xb982c]
V  [jvm.dll+0xb9dbc]
V  [jvm.dll+0x341172]
V  [jvm.dll+0x30f2a3]
V  [jvm.dll+0x30e68a]
V  [jvm.dll+0x1f9d25]
V  [jvm.dll+0x1f8edf]
V  [jvm.dll+0x17defc]
V  [jvm.dll+0x207d07]
V  [jvm.dll+0x20626e]
V  [jvm.dll+0x6d480c]
V  [jvm.dll+0x6cd85c]
V  [jvm.dll+0x5d6286]
C  [ucrtbase.dll+0x20e72]
C  [KERNEL32.DLL+0x17bd4]
C  [ntdll.dll+0x6ced1]


---------------  P R O C E S S  ---------------

Threads class SMR info:
_java_thread_list=0x0000016e7f8ff680, length=17, elements={
0x0000016e6e5a9800, 0x0000016e7e413800, 0x0000016e7e41d000, 0x0000016e7edc3000,
0x0000016e7e431000, 0x0000016e7e435800, 0x0000016e7e440000, 0x0000016e7e442000,
0x0000016e7ef22800, 0x0000016e7ef2c800, 0x0000016e7f39a000, 0x0000016e7f685800,
0x0000016e7f0b9800, 0x0000016e7f34a800, 0x0000016e7f716800, 0x0000016e0fa66000,
0x0000016e7f0a5000
}

Java Threads: ( => current thread )
  0x0000016e6e5a9800 JavaThread "main" [_thread_blocked, id=1796, stack(0x0000001ac3600000,0x0000001ac3700000)]
  0x0000016e7e413800 JavaThread "Reference Handler" daemon [_thread_blocked, id=10768, stack(0x0000001ac3d00000,0x0000001ac3e00000)]
  0x0000016e7e41d000 JavaThread "Finalizer" daemon [_thread_blocked, id=11736, stack(0x0000001ac3e00000,0x0000001ac3f00000)]
  0x0000016e7edc3000 JavaThread "Signal Dispatcher" daemon [_thread_blocked, id=20040, stack(0x0000001ac3f00000,0x0000001ac4000000)]
  0x0000016e7e431000 JavaThread "Attach Listener" daemon [_thread_blocked, id=5396, stack(0x0000001ac4000000,0x0000001ac4100000)]
  0x0000016e7e435800 JavaThread "C2 CompilerThread0" daemon [_thread_blocked, id=16928, stack(0x0000001ac4100000,0x0000001ac4200000)]
  0x0000016e7e440000 JavaThread "C1 CompilerThread0" daemon [_thread_blocked, id=496, stack(0x0000001ac4200000,0x0000001ac4300000)]
  0x0000016e7e442000 JavaThread "Sweeper thread" daemon [_thread_blocked, id=21856, stack(0x0000001ac4300000,0x0000001ac4400000)]
  0x0000016e7ef22800 JavaThread "Service Thread" daemon [_thread_blocked, id=16804, stack(0x0000001ac4400000,0x0000001ac4500000)]
  0x0000016e7ef2c800 JavaThread "Common-Cleaner" daemon [_thread_blocked, id=23308, stack(0x0000001ac4600000,0x0000001ac4700000)]
  0x0000016e7f39a000 JavaThread "Timer-0" daemon [_thread_blocked, id=3988, stack(0x0000001ac4700000,0x0000001ac4800000)]
  0x0000016e7f685800 JavaThread "NetworkServerThread_1" [_thread_in_native, id=2736, stack(0x0000001ac4b00000,0x0000001ac4c00000)]
  0x0000016e7f0b9800 JavaThread "DRDAConnThread_2" [_thread_in_native, id=20616, stack(0x0000001ac4c00000,0x0000001ac4d00000)]
  0x0000016e7f34a800 JavaThread "derby.rawStoreDaemon" daemon [_thread_blocked, id=20228, stack(0x0000001ac4d00000,0x0000001ac4e00000)]
  0x0000016e7f716800 JavaThread "DRDAConnThread_3" [_thread_blocked, id=23464, stack(0x0000001ac4f00000,0x0000001ac5000000)]
  0x0000016e0fa66000 JavaThread "DRDAConnThread_4" [_thread_blocked, id=20180, stack(0x0000001ac5100000,0x0000001ac5200000)]
=>0x0000016e7f0a5000 JavaThread "C2 CompilerThread1" daemon [_thread_in_native, id=17532, stack(0x0000001ac5300000,0x0000001ac5400000)]

Other Threads:
  0x0000016e7e3ec800 VMThread "VM Thread" [stack: 0x0000001ac3c00000,0x0000001ac3d00000] [id=13468]
  0x0000016e7ef28000 WatcherThread [stack: 0x0000001ac4500000,0x0000001ac4600000] [id=23104]
  0x0000016e6e5c2800 GCTaskThread "GC Thread#0" [stack: 0x0000001ac3700000,0x0000001ac3800000] [id=19344]
  0x0000016e7f666000 GCTaskThread "GC Thread#1" [stack: 0x0000001ac4800000,0x0000001ac4900000] [id=11368]
  0x0000016e7f666800 GCTaskThread "GC Thread#2" [stack: 0x0000001ac4900000,0x0000001ac4a00000] [id=21944]
  0x0000016e7f2c0000 GCTaskThread "GC Thread#3" [stack: 0x0000001ac4e00000,0x0000001ac4f00000] [id=16380]
  0x0000016e6e5f3800 ConcurrentGCThread "G1 Main Marker" [stack: 0x0000001ac3800000,0x0000001ac3900000] [id=2440]
  0x0000016e6e5f5000 ConcurrentGCThread "G1 Conc#0" [stack: 0x0000001ac3900000,0x0000001ac3a00000] [id=20796]
  0x0000016e6e676800 ConcurrentGCThread "G1 Refine#0" [stack: 0x0000001ac3a00000,0x0000001ac3b00000] [id=4476]
  0x0000016e7f023000 ConcurrentGCThread "G1 Refine#1" [stack: 0x0000001ac4a00000,0x0000001ac4b00000] [id=7256]
  0x0000016e6e677800 ConcurrentGCThread "G1 Young RemSet Sampling" [stack: 0x0000001ac3b00000,0x0000001ac3c00000] [id=20652]

Threads with active compile tasks:
C2 CompilerThread12896   !   4       org.apache.derby.impl.store.raw.data.StoredPage::readRecordFromArray (775 bytes)

VM state:not at safepoint (normal execution)

VM Mutex/Monitor currently owned by a thread: None

Heap address: 0x0000000081400000, size: 2028 MB, Compressed Oops mode: 32-bit
Narrow klass base: 0x0000000000000000, Narrow klass shift: 3
Compressed class space size: 1073741824 Address: 0x0000000100000000

Heap:
 garbage-first heap   total 131072K, used 20783K [0x0000000081400000, 0x0000000100000000)
  region size 1024K, 18 young (18432K), 2 survivors (2048K)
 Metaspace       used 24219K, capacity 25301K, committed 25468K, reserved 1071104K
  class space    used 2471K, capacity 3122K, committed 3196K, reserved 1048576K
Heap Regions: E=young(eden), S=young(survivor), O=old, HS=humongous(starts), HC=humongous(continues), CS=collection set, F=free, A=archive, TAMS=top-at-mark-start (previous, next)
|   0|0x0000000081400000, 0x0000000081500000, 0x0000000081500000|100%| O|  |TAMS 0x0000000081500000, 0x0000000081400000| Untracked 
|   1|0x0000000081500000, 0x0000000081600000, 0x0000000081600000|100%| O|  |TAMS 0x0000000081600000, 0x0000000081500000| Untracked 
|   2|0x0000000081600000, 0x0000000081700000, 0x0000000081700000|100%| O|  |TAMS 0x0000000081700000, 0x0000000081600000| Untracked 
|   3|0x0000000081700000, 0x00000000817d3e00, 0x0000000081800000| 82%| O|  |TAMS 0x00000000817d3e00, 0x0000000081700000| Untracked 
|   4|0x0000000081800000, 0x0000000081800000, 0x0000000081900000|  0%| F|  |TAMS 0x0000000081800000, 0x0000000081800000| Untracked 
|   5|0x0000000081900000, 0x0000000081900000, 0x0000000081a00000|  0%| F|  |TAMS 0x0000000081900000, 0x0000000081900000| Untracked 
|   6|0x0000000081a00000, 0x0000000081a00000, 0x0000000081b00000|  0%| F|  |TAMS 0x0000000081a00000, 0x0000000081a00000| Untracked 
|   7|0x0000000081b00000, 0x0000000081b00000, 0x0000000081c00000|  0%| F|  |TAMS 0x0000000081b00000, 0x0000000081b00000| Untracked 
|   8|0x0000000081c00000, 0x0000000081c00000, 0x0000000081d00000|  0%| F|  |TAMS 0x0000000081c00000, 0x0000000081c00000| Untracked 
|   9|0x0000000081d00000, 0x0000000081d00000, 0x0000000081e00000|  0%| F|  |TAMS 0x0000000081d00000, 0x0000000081d00000| Untracked 
|  10|0x0000000081e00000, 0x0000000081e00000, 0x0000000081f00000|  0%| F|  |TAMS 0x0000000081e00000, 0x0000000081e00000| Untracked 
|  11|0x0000000081f00000, 0x0000000081f00000, 0x0000000082000000|  0%| F|  |TAMS 0x0000000081f00000, 0x0000000081f00000| Untracked 
|  12|0x0000000082000000, 0x0000000082000000, 0x0000000082100000|  0%| F|  |TAMS 0x0000000082000000, 0x0000000082000000| Untracked 
|  13|0x0000000082100000, 0x0000000082100000, 0x0000000082200000|  0%| F|  |TAMS 0x0000000082100000, 0x0000000082100000| Untracked 
|  14|0x0000000082200000, 0x0000000082200000, 0x0000000082300000|  0%| F|  |TAMS 0x0000000082200000, 0x0000000082200000| Untracked 
|  15|0x0000000082300000, 0x0000000082300000, 0x0000000082400000|  0%| F|  |TAMS 0x0000000082300000, 0x0000000082300000| Untracked 
|  16|0x0000000082400000, 0x0000000082400000, 0x0000000082500000|  0%| F|  |TAMS 0x0000000082400000, 0x0000000082400000| Untracked 
|  17|0x0000000082500000, 0x0000000082500000, 0x0000000082600000|  0%| F|  |TAMS 0x0000000082500000, 0x0000000082500000| Untracked 
|  18|0x0000000082600000, 0x0000000082600000, 0x0000000082700000|  0%| F|  |TAMS 0x0000000082600000, 0x0000000082600000| Untracked 
|  19|0x0000000082700000, 0x0000000082700000, 0x0000000082800000|  0%| F|  |TAMS 0x0000000082700000, 0x0000000082700000| Untracked 
|  20|0x0000000082800000, 0x0000000082800000, 0x0000000082900000|  0%| F|  |TAMS 0x0000000082800000, 0x0000000082800000| Untracked 
|  21|0x0000000082900000, 0x0000000082900000, 0x0000000082a00000|  0%| F|  |TAMS 0x0000000082900000, 0x0000000082900000| Untracked 
|  22|0x0000000082a00000, 0x0000000082a00000, 0x0000000082b00000|  0%| F|  |TAMS 0x0000000082a00000, 0x0000000082a00000| Untracked 
|  23|0x0000000082b00000, 0x0000000082b00000, 0x0000000082c00000|  0%| F|  |TAMS 0x0000000082b00000, 0x0000000082b00000| Untracked 
|  24|0x0000000082c00000, 0x0000000082c00000, 0x0000000082d00000|  0%| F|  |TAMS 0x0000000082c00000, 0x0000000082c00000| Untracked 
|  25|0x0000000082d00000, 0x0000000082d00000, 0x0000000082e00000|  0%| F|  |TAMS 0x0000000082d00000, 0x0000000082d00000| Untracked 
|  26|0x0000000082e00000, 0x0000000082e00000, 0x0000000082f00000|  0%| F|  |TAMS 0x0000000082e00000, 0x0000000082e00000| Untracked 
|  27|0x0000000082f00000, 0x0000000082f00000, 0x0000000083000000|  0%| F|  |TAMS 0x0000000082f00000, 0x0000000082f00000| Untracked 
|  28|0x0000000083000000, 0x0000000083000000, 0x0000000083100000|  0%| F|  |TAMS 0x0000000083000000, 0x0000000083000000| Untracked 
|  29|0x0000000083100000, 0x0000000083100000, 0x0000000083200000|  0%| F|  |TAMS 0x0000000083100000, 0x0000000083100000| Untracked 
|  30|0x0000000083200000, 0x0000000083200000, 0x0000000083300000|  0%| F|  |TAMS 0x0000000083200000, 0x0000000083200000| Untracked 
|  31|0x0000000083300000, 0x0000000083300000, 0x0000000083400000|  0%| F|  |TAMS 0x0000000083300000, 0x0000000083300000| Untracked 
|  32|0x0000000083400000, 0x0000000083400000, 0x0000000083500000|  0%| F|  |TAMS 0x0000000083400000, 0x0000000083400000| Untracked 
|  33|0x0000000083500000, 0x0000000083500000, 0x0000000083600000|  0%| F|  |TAMS 0x0000000083500000, 0x0000000083500000| Untracked 
|  34|0x0000000083600000, 0x0000000083600000, 0x0000000083700000|  0%| F|  |TAMS 0x0000000083600000, 0x0000000083600000| Untracked 
|  35|0x0000000083700000, 0x0000000083700000, 0x0000000083800000|  0%| F|  |TAMS 0x0000000083700000, 0x0000000083700000| Untracked 
|  36|0x0000000083800000, 0x0000000083800000, 0x0000000083900000|  0%| F|  |TAMS 0x0000000083800000, 0x0000000083800000| Untracked 
|  37|0x0000000083900000, 0x0000000083900000, 0x0000000083a00000|  0%| F|  |TAMS 0x0000000083900000, 0x0000000083900000| Untracked 
|  38|0x0000000083a00000, 0x0000000083a00000, 0x0000000083b00000|  0%| F|  |TAMS 0x0000000083a00000, 0x0000000083a00000| Untracked 
|  39|0x0000000083b00000, 0x0000000083b00000, 0x0000000083c00000|  0%| F|  |TAMS 0x0000000083b00000, 0x0000000083b00000| Untracked 
|  40|0x0000000083c00000, 0x0000000083c00000, 0x0000000083d00000|  0%| F|  |TAMS 0x0000000083c00000, 0x0000000083c00000| Untracked 
|  41|0x0000000083d00000, 0x0000000083d00000, 0x0000000083e00000|  0%| F|  |TAMS 0x0000000083d00000, 0x0000000083d00000| Untracked 
|  42|0x0000000083e00000, 0x0000000083e00000, 0x0000000083f00000|  0%| F|  |TAMS 0x0000000083e00000, 0x0000000083e00000| Untracked 
|  43|0x0000000083f00000, 0x0000000083f00000, 0x0000000084000000|  0%| F|  |TAMS 0x0000000083f00000, 0x0000000083f00000| Untracked 
|  44|0x0000000084000000, 0x0000000084000000, 0x0000000084100000|  0%| F|  |TAMS 0x0000000084000000, 0x0000000084000000| Untracked 
|  45|0x0000000084100000, 0x0000000084100000, 0x0000000084200000|  0%| F|  |TAMS 0x0000000084100000, 0x0000000084100000| Untracked 
|  46|0x0000000084200000, 0x0000000084200000, 0x0000000084300000|  0%| F|  |TAMS 0x0000000084200000, 0x0000000084200000| Untracked 
|  47|0x0000000084300000, 0x0000000084300000, 0x0000000084400000|  0%| F|  |TAMS 0x0000000084300000, 0x0000000084300000| Untracked 
|  48|0x0000000084400000, 0x0000000084400000, 0x0000000084500000|  0%| F|  |TAMS 0x0000000084400000, 0x0000000084400000| Untracked 
|  49|0x0000000084500000, 0x0000000084500000, 0x0000000084600000|  0%| F|  |TAMS 0x0000000084500000, 0x0000000084500000| Untracked 
|  50|0x0000000084600000, 0x0000000084600000, 0x0000000084700000|  0%| F|  |TAMS 0x0000000084600000, 0x0000000084600000| Untracked 
|  51|0x0000000084700000, 0x0000000084700000, 0x0000000084800000|  0%| F|  |TAMS 0x0000000084700000, 0x0000000084700000| Untracked 
|  52|0x0000000084800000, 0x0000000084800000, 0x0000000084900000|  0%| F|  |TAMS 0x0000000084800000, 0x0000000084800000| Untracked 
|  53|0x0000000084900000, 0x0000000084900000, 0x0000000084a00000|  0%| F|  |TAMS 0x0000000084900000, 0x0000000084900000| Untracked 
|  54|0x0000000084a00000, 0x0000000084a00000, 0x0000000084b00000|  0%| F|  |TAMS 0x0000000084a00000, 0x0000000084a00000| Untracked 
|  55|0x0000000084b00000, 0x0000000084b00000, 0x0000000084c00000|  0%| F|  |TAMS 0x0000000084b00000, 0x0000000084b00000| Untracked 
|  56|0x0000000084c00000, 0x0000000084c00000, 0x0000000084d00000|  0%| F|  |TAMS 0x0000000084c00000, 0x0000000084c00000| Untracked 
|  57|0x0000000084d00000, 0x0000000084d00000, 0x0000000084e00000|  0%| F|  |TAMS 0x0000000084d00000, 0x0000000084d00000| Untracked 
|  58|0x0000000084e00000, 0x0000000084e00000, 0x0000000084f00000|  0%| F|  |TAMS 0x0000000084e00000, 0x0000000084e00000| Untracked 
|  59|0x0000000084f00000, 0x0000000084f00000, 0x0000000085000000|  0%| F|  |TAMS 0x0000000084f00000, 0x0000000084f00000| Untracked 
|  60|0x0000000085000000, 0x0000000085000000, 0x0000000085100000|  0%| F|  |TAMS 0x0000000085000000, 0x0000000085000000| Untracked 
|  61|0x0000000085100000, 0x0000000085100000, 0x0000000085200000|  0%| F|  |TAMS 0x0000000085100000, 0x0000000085100000| Untracked 
|  62|0x0000000085200000, 0x0000000085200000, 0x0000000085300000|  0%| F|  |TAMS 0x0000000085200000, 0x0000000085200000| Untracked 
|  63|0x0000000085300000, 0x0000000085300000, 0x0000000085400000|  0%| F|  |TAMS 0x0000000085300000, 0x0000000085300000| Untracked 
|  64|0x0000000085400000, 0x0000000085400000, 0x0000000085500000|  0%| F|  |TAMS 0x0000000085400000, 0x0000000085400000| Untracked 
|  65|0x0000000085500000, 0x0000000085500000, 0x0000000085600000|  0%| F|  |TAMS 0x0000000085500000, 0x0000000085500000| Untracked 
|  66|0x0000000085600000, 0x0000000085600000, 0x0000000085700000|  0%| F|  |TAMS 0x0000000085600000, 0x0000000085600000| Untracked 
|  67|0x0000000085700000, 0x0000000085700000, 0x0000000085800000|  0%| F|  |TAMS 0x0000000085700000, 0x0000000085700000| Untracked 
|  68|0x0000000085800000, 0x0000000085800000, 0x0000000085900000|  0%| F|  |TAMS 0x0000000085800000, 0x0000000085800000| Untracked 
|  69|0x0000000085900000, 0x0000000085900000, 0x0000000085a00000|  0%| F|  |TAMS 0x0000000085900000, 0x0000000085900000| Untracked 
|  70|0x0000000085a00000, 0x0000000085a00000, 0x0000000085b00000|  0%| F|  |TAMS 0x0000000085a00000, 0x0000000085a00000| Untracked 
|  71|0x0000000085b00000, 0x0000000085b00000, 0x0000000085c00000|  0%| F|  |TAMS 0x0000000085b00000, 0x0000000085b00000| Untracked 
|  72|0x0000000085c00000, 0x0000000085c00000, 0x0000000085d00000|  0%| F|  |TAMS 0x0000000085c00000, 0x0000000085c00000| Untracked 
|  73|0x0000000085d00000, 0x0000000085d00000, 0x0000000085e00000|  0%| F|  |TAMS 0x0000000085d00000, 0x0000000085d00000| Untracked 
|  74|0x0000000085e00000, 0x0000000085e00000, 0x0000000085f00000|  0%| F|  |TAMS 0x0000000085e00000, 0x0000000085e00000| Untracked 
|  75|0x0000000085f00000, 0x0000000085f00000, 0x0000000086000000|  0%| F|  |TAMS 0x0000000085f00000, 0x0000000085f00000| Untracked 
|  76|0x0000000086000000, 0x0000000086000000, 0x0000000086100000|  0%| F|  |TAMS 0x0000000086000000, 0x0000000086000000| Untracked 
|  77|0x0000000086100000, 0x0000000086100000, 0x0000000086200000|  0%| F|  |TAMS 0x0000000086100000, 0x0000000086100000| Untracked 
|  78|0x0000000086200000, 0x0000000086200000, 0x0000000086300000|  0%| F|  |TAMS 0x0000000086200000, 0x0000000086200000| Untracked 
|  79|0x0000000086300000, 0x0000000086300000, 0x0000000086400000|  0%| F|  |TAMS 0x0000000086300000, 0x0000000086300000| Untracked 
|  80|0x0000000086400000, 0x0000000086400000, 0x0000000086500000|  0%| F|  |TAMS 0x0000000086400000, 0x0000000086400000| Untracked 
|  81|0x0000000086500000, 0x0000000086500000, 0x0000000086600000|  0%| F|  |TAMS 0x0000000086500000, 0x0000000086500000| Untracked 
|  82|0x0000000086600000, 0x0000000086600000, 0x0000000086700000|  0%| F|  |TAMS 0x0000000086600000, 0x0000000086600000| Untracked 
|  83|0x0000000086700000, 0x0000000086700000, 0x0000000086800000|  0%| F|  |TAMS 0x0000000086700000, 0x0000000086700000| Untracked 
|  84|0x0000000086800000, 0x0000000086800000, 0x0000000086900000|  0%| F|  |TAMS 0x0000000086800000, 0x0000000086800000| Untracked 
|  85|0x0000000086900000, 0x0000000086900000, 0x0000000086a00000|  0%| F|  |TAMS 0x0000000086900000, 0x0000000086900000| Untracked 
|  86|0x0000000086a00000, 0x0000000086a00000, 0x0000000086b00000|  0%| F|  |TAMS 0x0000000086a00000, 0x0000000086a00000| Untracked 
|  87|0x0000000086b00000, 0x0000000086b00000, 0x0000000086c00000|  0%| F|  |TAMS 0x0000000086b00000, 0x0000000086b00000| Untracked 
|  88|0x0000000086c00000, 0x0000000086c00000, 0x0000000086d00000|  0%| F|  |TAMS 0x0000000086c00000, 0x0000000086c00000| Untracked 
|  89|0x0000000086d00000, 0x0000000086d00000, 0x0000000086e00000|  0%| F|  |TAMS 0x0000000086d00000, 0x0000000086d00000| Untracked 
|  90|0x0000000086e00000, 0x0000000086e00000, 0x0000000086f00000|  0%| F|  |TAMS 0x0000000086e00000, 0x0000000086e00000| Untracked 
|  91|0x0000000086f00000, 0x0000000086f00000, 0x0000000087000000|  0%| F|  |TAMS 0x0000000086f00000, 0x0000000086f00000| Untracked 
|  92|0x0000000087000000, 0x0000000087000000, 0x0000000087100000|  0%| F|  |TAMS 0x0000000087000000, 0x0000000087000000| Untracked 
|  93|0x0000000087100000, 0x0000000087100000, 0x0000000087200000|  0%| F|  |TAMS 0x0000000087100000, 0x0000000087100000| Untracked 
|  94|0x0000000087200000, 0x0000000087200000, 0x0000000087300000|  0%| F|  |TAMS 0x0000000087200000, 0x0000000087200000| Untracked 
|  95|0x0000000087300000, 0x0000000087300000, 0x0000000087400000|  0%| F|  |TAMS 0x0000000087300000, 0x0000000087300000| Untracked 
|  96|0x0000000087400000, 0x0000000087400000, 0x0000000087500000|  0%| F|  |TAMS 0x0000000087400000, 0x0000000087400000| Untracked 
|  97|0x0000000087500000, 0x0000000087500000, 0x0000000087600000|  0%| F|  |TAMS 0x0000000087500000, 0x0000000087500000| Untracked 
|  98|0x0000000087600000, 0x0000000087600000, 0x0000000087700000|  0%| F|  |TAMS 0x0000000087600000, 0x0000000087600000| Untracked 
|  99|0x0000000087700000, 0x0000000087700000, 0x0000000087800000|  0%| F|  |TAMS 0x0000000087700000, 0x0000000087700000| Untracked 
| 100|0x0000000087800000, 0x0000000087800000, 0x0000000087900000|  0%| F|  |TAMS 0x0000000087800000, 0x0000000087800000| Untracked 
| 101|0x0000000087900000, 0x0000000087900000, 0x0000000087a00000|  0%| F|  |TAMS 0x0000000087900000, 0x0000000087900000| Untracked 
| 102|0x0000000087a00000, 0x0000000087a00000, 0x0000000087b00000|  0%| F|  |TAMS 0x0000000087a00000, 0x0000000087a00000| Untracked 
| 103|0x0000000087b00000, 0x0000000087b00000, 0x0000000087c00000|  0%| F|  |TAMS 0x0000000087b00000, 0x0000000087b00000| Untracked 
| 104|0x0000000087c00000, 0x0000000087c00000, 0x0000000087d00000|  0%| F|  |TAMS 0x0000000087c00000, 0x0000000087c00000| Untracked 
| 105|0x0000000087d00000, 0x0000000087d00000, 0x0000000087e00000|  0%| F|  |TAMS 0x0000000087d00000, 0x0000000087d00000| Untracked 
| 106|0x0000000087e00000, 0x0000000087e00000, 0x0000000087f00000|  0%| F|  |TAMS 0x0000000087e00000, 0x0000000087e00000| Untracked 
| 107|0x0000000087f00000, 0x0000000087f00000, 0x0000000088000000|  0%| F|  |TAMS 0x0000000087f00000, 0x0000000087f00000| Untracked 
| 108|0x0000000088000000, 0x0000000088000000, 0x0000000088100000|  0%| F|  |TAMS 0x0000000088000000, 0x0000000088000000| Untracked 
| 109|0x0000000088100000, 0x0000000088100000, 0x0000000088200000|  0%| F|  |TAMS 0x0000000088100000, 0x0000000088100000| Untracked 
| 110|0x0000000088200000, 0x000000008823a8b0, 0x0000000088300000| 22%| E|  |TAMS 0x0000000088200000, 0x0000000088200000| Complete 
| 111|0x0000000088300000, 0x0000000088400000, 0x0000000088400000|100%| E|CS|TAMS 0x0000000088300000, 0x0000000088300000| Complete 
| 112|0x0000000088400000, 0x0000000088500000, 0x0000000088500000|100%| E|CS|TAMS 0x0000000088400000, 0x0000000088400000| Complete 
| 113|0x0000000088500000, 0x0000000088577e78, 0x0000000088600000| 46%| S|CS|TAMS 0x0000000088500000, 0x0000000088500000| Complete 
| 114|0x0000000088600000, 0x0000000088700000, 0x0000000088700000|100%| S|CS|TAMS 0x0000000088600000, 0x0000000088600000| Complete 
| 115|0x0000000088700000, 0x0000000088800000, 0x0000000088800000|100%| E|CS|TAMS 0x0000000088700000, 0x0000000088700000| Complete 
| 116|0x0000000088800000, 0x0000000088900000, 0x0000000088900000|100%| E|CS|TAMS 0x0000000088800000, 0x0000000088800000| Complete 
| 117|0x0000000088900000, 0x0000000088a00000, 0x0000000088a00000|100%| E|CS|TAMS 0x0000000088900000, 0x0000000088900000| Complete 
| 118|0x0000000088a00000, 0x0000000088b00000, 0x0000000088b00000|100%| E|CS|TAMS 0x0000000088a00000, 0x0000000088a00000| Complete 
| 119|0x0000000088b00000, 0x0000000088c00000, 0x0000000088c00000|100%| E|CS|TAMS 0x0000000088b00000, 0x0000000088b00000| Complete 
| 120|0x0000000088c00000, 0x0000000088d00000, 0x0000000088d00000|100%| E|CS|TAMS 0x0000000088c00000, 0x0000000088c00000| Complete 
| 121|0x0000000088d00000, 0x0000000088e00000, 0x0000000088e00000|100%| E|CS|TAMS 0x0000000088d00000, 0x0000000088d00000| Complete 
| 122|0x0000000088e00000, 0x0000000088f00000, 0x0000000088f00000|100%| E|CS|TAMS 0x0000000088e00000, 0x0000000088e00000| Complete 
| 123|0x0000000088f00000, 0x0000000089000000, 0x0000000089000000|100%| E|CS|TAMS 0x0000000088f00000, 0x0000000088f00000| Complete 
| 124|0x0000000089000000, 0x0000000089100000, 0x0000000089100000|100%| E|CS|TAMS 0x0000000089000000, 0x0000000089000000| Complete 
| 125|0x0000000089100000, 0x0000000089200000, 0x0000000089200000|100%| E|CS|TAMS 0x0000000089100000, 0x0000000089100000| Complete 
| 126|0x0000000089200000, 0x0000000089300000, 0x0000000089300000|100%| E|CS|TAMS 0x0000000089200000, 0x0000000089200000| Complete 
| 127|0x0000000089300000, 0x0000000089400000, 0x0000000089400000|100%| E|CS|TAMS 0x0000000089300000, 0x0000000089300000| Complete 

Card table byte_map: [0x0000016e77650000,0x0000016e77a50000] _byte_map_base: 0x0000016e77246000

Marking Bits (Prev, Next): (CMBitMap*) 0x0000016e6e5eadf0, (CMBitMap*) 0x0000016e6e5eadb8
 Prev Bits: [0x0000016e79e00000, 0x0000016e7bdb0000)
 Next Bits: [0x0000016e77e50000, 0x0000016e79e00000)

Polling page: 0x0000016e6e680000

Metaspace:

Usage:
  Non-class:     21.66 MB capacity,    21.24 MB ( 98%) used,   393.97 KB (  2%) free+waste,    36.75 KB ( <1%) overhead. 
      Class:      3.05 MB capacity,     2.41 MB ( 79%) used,   634.75 KB ( 20%) free+waste,    16.25 KB ( <1%) overhead. 
       Both:     24.71 MB capacity,    23.65 MB ( 96%) used,     1.00 MB (  4%) free+waste,    53.00 KB ( <1%) overhead. 

Virtual space:
  Non-class space:       22.00 MB reserved,      21.75 MB ( 99%) committed 
      Class space:        1.00 GB reserved,       3.12 MB ( <1%) committed 
             Both:        1.02 GB reserved,      24.87 MB (  2%) committed 

Chunk freelists:
   Non-Class:  29.00 KB
       Class:  14.00 KB
        Both:  43.00 KB

CodeHeap 'non-profiled nmethods': size=120064Kb used=1021Kb max_used=1021Kb free=119042Kb
 bounds [0x0000016e07ac0000, 0x0000016e07d30000, 0x0000016e0f000000]
CodeHeap 'profiled nmethods': size=120000Kb used=5825Kb max_used=5825Kb free=114174Kb
 bounds [0x0000016e00590000, 0x0000016e00b50000, 0x0000016e07ac0000]
CodeHeap 'non-nmethods': size=5696Kb used=1278Kb max_used=1315Kb free=4417Kb
 bounds [0x0000016e00000000, 0x0000016e00270000, 0x0000016e00590000]
 total_blobs=4169 nmethods=2956 adapters=571
 compilation: enabled
              stopped_count=0, restarted_count=0
 full_count=0

Compilation events (10 events):
Event: 11957.381 Thread 0x0000016e7e440000 2964       3       org.apache.derby.impl.jdbc.EmbedResultSet::wasNull (11 bytes)
Event: 11957.381 Thread 0x0000016e7e440000 nmethod 2964 0x0000016e00b05190 code [0x0000016e00b05340, 0x0000016e00b054f0]
Event: 11957.381 Thread 0x0000016e7e440000 2962   !   3       org.apache.derby.impl.jdbc.EmbedResultSet::getString (108 bytes)
Event: 11957.382 Thread 0x0000016e7e440000 nmethod 2962 0x0000016e00b05590 code [0x0000016e00b05800, 0x0000016e00b05fb0]
Event: 11957.382 Thread 0x0000016e7e440000 2965       3       org.apache.derby.impl.jdbc.EmbedResultSet::getColumnType (65 bytes)
Event: 11957.384 Thread 0x0000016e7e440000 nmethod 2965 0x0000016e00b06310 code [0x0000016e00b06600, 0x0000016e00b076a0]
Event: 11957.384 Thread 0x0000016e7e440000 2961       3       org.apache.derby.iapi.types.DataTypeUtilities::getDigitPrecision (47 bytes)
Event: 11957.385 Thread 0x0000016e7e440000 nmethod 2961 0x0000016e00b07d10 code [0x0000016e00b07f00, 0x0000016e00b08260]
Event: 11957.385 Thread 0x0000016e7e440000 2966       3       org.apache.derby.impl.sql.conn.GenericLanguageConnectionContext::decrementStatementDepth (11 bytes)
Event: 11957.385 Thread 0x0000016e7e440000 nmethod 2966 0x0000016e00b08390 code [0x0000016e00b08540, 0x0000016e00b08698]

GC Heap History (6 events):
Event: 0.924 GC heap before
{Heap before GC invocations=0 (full 0):
 garbage-first heap   total 131072K, used 14336K [0x0000000081400000, 0x0000000100000000)
  region size 1024K, 14 young (14336K), 0 survivors (0K)
 Metaspace       used 14581K, capacity 14880K, committed 14976K, reserved 1062912K
  class space    used 1452K, capacity 1598K, committed 1664K, reserved 1048576K
}
Event: 0.935 GC heap after
{Heap after GC invocations=1 (full 0):
 garbage-first heap   total 131072K, used 3651K [0x0000000081400000, 0x0000000100000000)
  region size 1024K, 2 young (2048K), 2 survivors (2048K)
 Metaspace       used 14581K, capacity 14880K, committed 14976K, reserved 1062912K
  class space    used 1452K, capacity 1598K, committed 1664K, reserved 1048576K
}
Event: 11849.238 GC heap before
{Heap before GC invocations=1 (full 0):
 garbage-first heap   total 131072K, used 7747K [0x0000000081400000, 0x0000000100000000)
  region size 1024K, 6 young (6144K), 2 survivors (2048K)
 Metaspace       used 16203K, capacity 16465K, committed 16640K, reserved 1064960K
  class space    used 1636K, capacity 1765K, committed 1792K, reserved 1048576K
}
Event: 11849.260 GC heap after
{Heap after GC invocations=2 (full 0):
 garbage-first heap   total 131072K, used 4533K [0x0000000081400000, 0x0000000100000000)
  region size 1024K, 1 young (1024K), 1 survivors (1024K)
 Metaspace       used 16203K, capacity 16465K, committed 16640K, reserved 1064960K
  class space    used 1636K, capacity 1765K, committed 1792K, reserved 1048576K
}
Event: 11850.363 GC heap before
{Heap before GC invocations=2 (full 0):
 garbage-first heap   total 131072K, used 14773K [0x0000000081400000, 0x0000000100000000)
  region size 1024K, 13 young (13312K), 1 survivors (1024K)
 Metaspace       used 20931K, capacity 21227K, committed 21248K, reserved 1069056K
  class space    used 2182K, capacity 2292K, committed 2304K, reserved 1048576K
}
Event: 11850.385 GC heap after
{Heap after GC invocations=3 (full 0):
 garbage-first heap   total 131072K, used 5423K [0x0000000081400000, 0x0000000100000000)
  region size 1024K, 2 young (2048K), 2 survivors (2048K)
 Metaspace       used 20931K, capacity 21227K, committed 21248K, reserved 1069056K
  class space    used 2182K, capacity 2292K, committed 2304K, reserved 1048576K
}

Deoptimization events (10 events):
Event: 11850.924 Thread 0x0000016e7f716800 DEOPT PACKING pc=0x0000016e07b05ff8 sp=0x0000001ac4ffd660
Event: 11850.924 Thread 0x0000016e7f716800 DEOPT UNPACKING pc=0x0000016e00028f2f sp=0x0000001ac4ffd5f0 mode 2
Event: 11850.940 Thread 0x0000016e7f716800 DEOPT PACKING pc=0x0000016e0088a21c sp=0x0000001ac4ffd2f0
Event: 11850.941 Thread 0x0000016e7f716800 DEOPT UNPACKING pc=0x0000016e00028d4e sp=0x0000001ac4ffc7f8 mode 0
Event: 11852.113 Thread 0x0000016e7f0b9800 Uncommon trap: trap_request=0xffffffcc fr.pc=0x0000016e07b665f4 relative=0x00000000000001b4
Event: 11852.113 Thread 0x0000016e7f0b9800 Uncommon trap: reason=intrinsic_or_type_checked_inlining action=make_not_entrant pc=0x0000016e07b665f4 method=java.util.Arrays.copyOf([Ljava/lang/Object;ILjava/lang/Class;)[Ljava/lang/Object; @ 35 c2
Event: 11852.113 Thread 0x0000016e7f0b9800 DEOPT PACKING pc=0x0000016e07b665f4 sp=0x0000001ac4cfd710
Event: 11852.113 Thread 0x0000016e7f0b9800 DEOPT UNPACKING pc=0x0000016e00028f2f sp=0x0000001ac4cfd6b8 mode 2
Event: 11852.281 Thread 0x0000016e0fa66000 DEOPT PACKING pc=0x0000016e006fc3e3 sp=0x0000001ac51fd200
Event: 11852.281 Thread 0x0000016e0fa66000 DEOPT UNPACKING pc=0x0000016e00028d4e sp=0x0000001ac51fc6b0 mode 0

Classes redefined (0 events):
No events

Internal exceptions (10 events):
Event: 0.759 Thread 0x0000016e6e5a9800 Exception <a 'java/lang/NoSuchMethodError'{0x00000000888cade0}: 'java.lang.Object java.lang.invoke.DirectMethodHandle$Holder.invokeStatic(java.lang.Object, java.lang.Object, java.lang.Object, java.lang.Object, java.lang.Object, java.lang.Object, java.lang
Event: 11849.122 Thread 0x0000016e7f0b9800 Implicit null exception at 0x0000016e07ae5ff7 to 0x0000016e07ae651a
Event: 11851.106 Thread 0x0000016e7f716800 Exception <a 'java/lang/NoSuchMethodError'{0x0000000088e5a120}: 'java.lang.Object java.lang.invoke.DirectMethodHandle$Holder.invokeStatic(java.lang.Object, java.lang.Object, java.lang.Object, java.lang.Object, java.lang.Object, java.lang.Object, java.lang
Event: 11851.110 Thread 0x0000016e7f716800 Exception <a 'java/lang/NoSuchMethodError'{0x0000000088e67e90}: 'java.lang.Object java.lang.invoke.DirectMethodHandle$Holder.invokeStatic(java.lang.Object, java.lang.Object, java.lang.Object, java.lang.Object, java.lang.Object, java.lang.Object, java.lang
Event: 11851.114 Thread 0x0000016e7f716800 Exception <a 'java/lang/NoSuchMethodError'{0x0000000088e75e20}: 'java.lang.Object java.lang.invoke.DirectMethodHandle$Holder.invokeSpecial(java.lang.Object, java.lang.Object, int, int, java.lang.Object, java.lang.Object, int)'> (0x0000000088e75e20) thrown
Event: 11851.115 Thread 0x0000016e7f716800 Exception <a 'java/lang/NoSuchMethodError'{0x0000000088e792b0}: 'java.lang.Object java.lang.invoke.DelegatingMethodHandle$Holder.reinvoke_L(java.lang.Object, int, int, java.lang.Object, java.lang.Object, int)'> (0x0000000088e792b0) thrown at [c:/cygwin64/
Event: 11851.124 Thread 0x0000016e7f716800 Exception <a 'java/lang/NoSuchMethodError'{0x0000000088e87068}: 'java.lang.Object java.lang.invoke.DirectMethodHandle$Holder.invokeStatic(java.lang.Object, java.lang.Object, java.lang.Object, java.lang.Object, java.lang.Object, java.lang.Object, int)'> (0
Event: 11851.150 Thread 0x0000016e7f716800 Exception <a 'java/lang/NoSuchMethodError'{0x0000000088ed9b78}: 'java.lang.Object java.lang.invoke.DirectMethodHandle$Holder.invokeSpecial(java.lang.Object, java.lang.Object, java.lang.Object, java.lang.Object, int)'> (0x0000000088ed9b78) thrown at [c:/cy
Event: 11851.150 Thread 0x0000016e7f716800 Exception <a 'java/lang/NoSuchMethodError'{0x0000000088edd010}: 'java.lang.Object java.lang.invoke.Invokers$Holder.linkToTargetMethod(java.lang.Object, java.lang.Object, int, java.lang.Object)'> (0x0000000088edd010) thrown at [c:/cygwin64/tmp/openjdk-jdk1
Event: 11853.254 Thread 0x0000016e7f716800 Exception <a 'sun/net/ConnectionResetException'{0x0000000088eed948}: > (0x0000000088eed948) thrown at [c:/cygwin64/tmp/openjdk-jdk11u-windows-x64-hotspot/workspace/build/src/src/hotspot/share/prims/jni.cpp, line 636]

Events (10 events):
Event: 11957.329 Executing VM operation: RevokeBias
Event: 11957.330 Executing VM operation: RevokeBias done
Event: 11957.358 Executing VM operation: RevokeBias
Event: 11957.358 Executing VM operation: RevokeBias done
Event: 11957.361 Executing VM operation: RevokeBias
Event: 11957.361 Executing VM operation: RevokeBias done
Event: 11957.371 Executing VM operation: RevokeBias
Event: 11957.371 Executing VM operation: RevokeBias done
Event: 11957.376 Executing VM operation: RevokeBias
Event: 11957.376 Executing VM operation: RevokeBias done


Dynamic libraries:
0x00007ff7a8d50000 - 0x00007ff7a8d9a000 	C:\Program Files\AdoptOpenJDK\jdk-11.0.4.11-hotspot\bin\java.exe
0x00007ffd52020000 - 0x00007ffd52210000 	C:\WINDOWS\SYSTEM32\ntdll.dll
0x00007ffd2d610000 - 0x00007ffd2d624000 	C:\Program Files\AVAST Software\Avast\aswhook.dll
0x00007ffd501d0000 - 0x00007ffd50282000 	C:\WINDOWS\System32\KERNEL32.DLL
0x00007ffd4f4a0000 - 0x00007ffd4f743000 	C:\WINDOWS\System32\KERNELBASE.dll
0x00007ffd503a0000 - 0x00007ffd50534000 	C:\WINDOWS\System32\USER32.dll
0x00007ffd4f810000 - 0x00007ffd4f831000 	C:\WINDOWS\System32\win32u.dll
0x00007ffd51fb0000 - 0x00007ffd51fd6000 	C:\WINDOWS\System32\GDI32.dll
0x00007ffd4efb0000 - 0x00007ffd4f144000 	C:\WINDOWS\System32\gdi32full.dll
0x00007ffd4f770000 - 0x00007ffd4f80e000 	C:\WINDOWS\System32\msvcp_win.dll
0x00007ffd4f1a0000 - 0x00007ffd4f29a000 	C:\WINDOWS\System32\ucrtbase.dll
0x00007ffd350e0000 - 0x00007ffd35365000 	C:\WINDOWS\WinSxS\amd64_microsoft.windows.common-controls_6595b64144ccf1df_6.0.18362.535_none_e6c3b34713100821\COMCTL32.dll
0x00007ffd50540000 - 0x00007ffd505de000 	C:\WINDOWS\System32\msvcrt.dll
0x00007ffd50790000 - 0x00007ffd50ac6000 	C:\WINDOWS\System32\combase.dll
0x00007ffd51dc0000 - 0x00007ffd51ee0000 	C:\WINDOWS\System32\RPCRT4.dll
0x00007ffd4ffc0000 - 0x00007ffd50040000 	C:\WINDOWS\System32\bcryptPrimitives.dll
0x00007ffd51c70000 - 0x00007ffd51c9e000 	C:\WINDOWS\System32\IMM32.DLL
0x00007ffd408f0000 - 0x00007ffd40906000 	C:\Program Files\AdoptOpenJDK\jdk-11.0.4.11-hotspot\bin\vcruntime140.dll
0x00007ffd235d0000 - 0x00007ffd2366b000 	C:\Program Files\AdoptOpenJDK\jdk-11.0.4.11-hotspot\bin\msvcp140.dll
0x00007ffd11500000 - 0x00007ffd11fb6000 	C:\Program Files\AdoptOpenJDK\jdk-11.0.4.11-hotspot\bin\server\jvm.dll
0x00007ffd502f0000 - 0x00007ffd50393000 	C:\WINDOWS\System32\ADVAPI32.dll
0x00007ffd50130000 - 0x00007ffd501c7000 	C:\WINDOWS\System32\sechost.dll
0x00007ffd51860000 - 0x00007ffd51868000 	C:\WINDOWS\System32\PSAPI.DLL
0x00007ffd45260000 - 0x00007ffd45269000 	C:\WINDOWS\SYSTEM32\WSOCK32.dll
0x00007ffd51d50000 - 0x00007ffd51dbf000 	C:\WINDOWS\System32\WS2_32.dll
0x00007ffd465c0000 - 0x00007ffd465e4000 	C:\WINDOWS\SYSTEM32\WINMM.dll
0x00007ffd49610000 - 0x00007ffd4961a000 	C:\WINDOWS\SYSTEM32\VERSION.dll
0x00007ffd46380000 - 0x00007ffd463ad000 	C:\WINDOWS\SYSTEM32\WINMMBASE.dll
0x00007ffd4f150000 - 0x00007ffd4f19a000 	C:\WINDOWS\System32\cfgmgr32.dll
0x00007ffd4ef90000 - 0x00007ffd4efa1000 	C:\WINDOWS\System32\kernel.appcore.dll
0x00007ffd413c0000 - 0x00007ffd413d0000 	C:\Program Files\AdoptOpenJDK\jdk-11.0.4.11-hotspot\bin\verify.dll
0x00007ffd4d7d0000 - 0x00007ffd4d9c4000 	C:\WINDOWS\SYSTEM32\DBGHELP.DLL
0x00007ffd48490000 - 0x00007ffd484ba000 	C:\WINDOWS\SYSTEM32\dbgcore.DLL
0x00007ffd3e170000 - 0x00007ffd3e198000 	C:\Program Files\AdoptOpenJDK\jdk-11.0.4.11-hotspot\bin\java.dll
0x00007ffd3e730000 - 0x00007ffd3e746000 	C:\Program Files\AdoptOpenJDK\jdk-11.0.4.11-hotspot\bin\zip.dll
0x00007ffd41310000 - 0x00007ffd4131a000 	C:\Program Files\AdoptOpenJDK\jdk-11.0.4.11-hotspot\bin\jimage.dll
0x00007ffd50f50000 - 0x00007ffd51635000 	C:\WINDOWS\System32\SHELL32.dll
0x00007ffd50640000 - 0x00007ffd506e9000 	C:\WINDOWS\System32\shcore.dll
0x00007ffd4f840000 - 0x00007ffd4ffbf000 	C:\WINDOWS\System32\windows.storage.dll
0x00007ffd4ef70000 - 0x00007ffd4ef8f000 	C:\WINDOWS\System32\profapi.dll
0x00007ffd4ef20000 - 0x00007ffd4ef6a000 	C:\WINDOWS\System32\powrprof.dll
0x00007ffd4eef0000 - 0x00007ffd4ef00000 	C:\WINDOWS\System32\UMPDC.dll
0x00007ffd505e0000 - 0x00007ffd50632000 	C:\WINDOWS\System32\shlwapi.dll
0x00007ffd4f750000 - 0x00007ffd4f767000 	C:\WINDOWS\System32\cryptsp.dll
0x00007ffd3d730000 - 0x00007ffd3d749000 	C:\Program Files\AdoptOpenJDK\jdk-11.0.4.11-hotspot\bin\net.dll
0x00007ffd49280000 - 0x00007ffd49370000 	C:\WINDOWS\SYSTEM32\WINHTTP.dll
0x00007ffd455c0000 - 0x00007ffd45796000 	C:\WINDOWS\SYSTEM32\urlmon.dll
0x00007ffd43e10000 - 0x00007ffd440b6000 	C:\WINDOWS\SYSTEM32\iertutil.dll
0x00007ffd4e8d0000 - 0x00007ffd4e8dc000 	C:\WINDOWS\SYSTEM32\CRYPTBASE.DLL
0x00007ffd4e700000 - 0x00007ffd4e767000 	C:\WINDOWS\system32\mswsock.dll
0x00007ffd38190000 - 0x00007ffd381a2000 	C:\Program Files\AdoptOpenJDK\jdk-11.0.4.11-hotspot\bin\nio.dll
0x00007ffd36490000 - 0x00007ffd364b6000 	C:\Program Files\AdoptOpenJDK\jdk-11.0.4.11-hotspot\bin\sunec.dll
0x00007ffd411d0000 - 0x00007ffd411dd000 	C:\Program Files\AdoptOpenJDK\jdk-11.0.4.11-hotspot\bin\sunmscapi.dll
0x00007ffd4f350000 - 0x00007ffd4f499000 	C:\WINDOWS\System32\CRYPT32.dll
0x00007ffd4ef00000 - 0x00007ffd4ef12000 	C:\WINDOWS\System32\MSASN1.dll
0x00007ffd4e9d0000 - 0x00007ffd4e9f6000 	C:\WINDOWS\SYSTEM32\ncrypt.dll
0x00007ffd50040000 - 0x00007ffd50066000 	C:\WINDOWS\System32\bcrypt.dll
0x00007ffd4e990000 - 0x00007ffd4e9cb000 	C:\WINDOWS\SYSTEM32\NTASN1.dll
0x00007ffd41050000 - 0x00007ffd41059000 	C:\Program Files\AdoptOpenJDK\jdk-11.0.4.11-hotspot\bin\management.dll
0x00007ffd40f70000 - 0x00007ffd40f7b000 	C:\Program Files\AdoptOpenJDK\jdk-11.0.4.11-hotspot\bin\management_ext.dll
0x00007ffd4e450000 - 0x00007ffd4e51a000 	C:\WINDOWS\SYSTEM32\DNSAPI.dll
0x00007ffd519b0000 - 0x00007ffd519b8000 	C:\WINDOWS\System32\NSI.dll
0x00007ffd4e410000 - 0x00007ffd4e44a000 	C:\WINDOWS\SYSTEM32\IPHLPAPI.DLL
0x00007ffd465f0000 - 0x00007ffd465fa000 	C:\Windows\System32\rasadhlp.dll
0x00007ffd47790000 - 0x00007ffd47807000 	C:\WINDOWS\System32\fwpuclnt.dll
0x00007ffd36c50000 - 0x00007ffd36c66000 	C:\WINDOWS\system32\napinsp.dll
0x00007ffd36c30000 - 0x00007ffd36c4a000 	C:\WINDOWS\system32\pnrpnsp.dll
0x00007ffd36c20000 - 0x00007ffd36c2e000 	C:\WINDOWS\System32\winrnr.dll
0x00007ffd485e0000 - 0x00007ffd485fc000 	C:\WINDOWS\system32\NLAapi.dll
0x00007ffd36c00000 - 0x00007ffd36c15000 	C:\WINDOWS\system32\wshbth.dll

dbghelp: loaded successfully - version: 4.0.5 - missing functions: none
symbol engine: initialized successfully - sym options: 0x614 - pdb path: .;C:\Program Files\AdoptOpenJDK\jdk-11.0.4.11-hotspot\bin;C:\WINDOWS\SYSTEM32;C:\Program Files\AVAST Software\Avast;C:\WINDOWS\WinSxS\amd64_microsoft.windows.common-controls_6595b64144ccf1df_6.0.18362.535_none_e6c3b34713100821;C:\Program Files\AdoptOpenJDK\jdk-11.0.4.11-hotspot\bin\server

VM Arguments:
java_command: org.apache.derby.drda.NetworkServerControl start -noSecurityManager
java_class_path (initial): C:\opt\db-derby-10.14.2.0-bin\bin\../lib/derby.jar;C:\opt\db-derby-10.14.2.0-bin\bin\../lib/derbynet.jar;C:\opt\db-derby-10.14.2.0-bin\bin\../lib/derbyclient.jar;C:\opt\db-derby-10.14.2.0-bin\bin\../lib/derbytools.jar;C:\opt\db-derby-10.14.2.0-bin\bin\../lib/derbyoptionaltools.jar
Launcher Type: SUN_STANDARD

[Global flags]
     intx CICompilerCount                          = 3                                         {product} {ergonomic}
     uint ConcGCThreads                            = 1                                         {product} {ergonomic}
     uint G1ConcRefinementThreads                  = 4                                         {product} {ergonomic}
   size_t G1HeapRegionSize                         = 1048576                                   {product} {ergonomic}
    uintx GCDrainStackTargetSize                   = 64                                        {product} {ergonomic}
   size_t InitialHeapSize                          = 134217728                                 {product} {ergonomic}
   size_t MarkStackSize                            = 4194304                                   {product} {ergonomic}
   size_t MaxHeapSize                              = 2126512128                                {product} {ergonomic}
   size_t MaxNewSize                               = 1275068416                                {product} {ergonomic}
   size_t MinHeapDeltaBytes                        = 1048576                                   {product} {ergonomic}
    uintx NonNMethodCodeHeapSize                   = 5830092                                {pd product} {ergonomic}
    uintx NonProfiledCodeHeapSize                  = 122914074                              {pd product} {ergonomic}
    uintx ProfiledCodeHeapSize                     = 122914074                              {pd product} {ergonomic}
    uintx ReservedCodeCacheSize                    = 251658240                              {pd product} {ergonomic}
     bool SegmentedCodeCache                       = true                                      {product} {ergonomic}
     bool UseCompressedClassPointers               = true                                 {lp64_product} {ergonomic}
     bool UseCompressedOops                        = true                                 {lp64_product} {ergonomic}
     bool UseG1GC                                  = true                                      {product} {ergonomic}
     bool UseLargePagesIndividualAllocation        = false                                  {pd product} {ergonomic}

Logging:
Log output configuration:
 #0: stdout all=warning uptime,level,tags
 #1: stderr all=off uptime,level,tags

Environment Variables:
PATH=C:\Program Files\AdoptOpenJDK\jdk-11.0.4.11-hotspot\bin;C:\Program Files (x86)\Common Files\Intel\Shared Libraries\redist\intel64\compiler;C:\ProgramData\Oracle\Java\javapath;C:\Program Files (x86)\Intel\iCLS Client\;C:\Program Files\Intel\iCLS Client\;C:\WINDOWS\system32;C:\WINDOWS;C:\WINDOWS\System32\Wbem;C:\WINDOWS\System32\WindowsPowerShell\v1.0\;C:\Program Files (x86)\Intel\Intel(R) Management Engine Components\DAL;C:\Program Files\Intel\Intel(R) Management Engine Components\DAL;C:\Program Files (x86)\Intel\Intel(R) Management Engine Components\IPT;C:\Program Files\Intel\Intel(R) Management Engine Components\IPT;C:\Program Files (x86)\Common Files\Acronis\VirtualFile\;C:\Program Files (x86)\Common Files\Acronis\VirtualFile64\;C:\Program Files (x86)\Common Files\Acronis\SnapAPI\;C:\WINDOWS\System32\OpenSSH\;C:\Program Files\PuTTY\;C:\Program Files\Git\cmd;C:\xampp\php;C:\ProgramData\ComposerSetup\bin;C:\Users\jonas\AppData\Local\Microsoft\WindowsApps;;C:\Users\jonas\AppData\Roaming\Composer\vendor\bin
USERNAME=jonas
OS=Windows_NT
PROCESSOR_IDENTIFIER=Intel64 Family 6 Model 78 Stepping 3, GenuineIntel



---------------  S Y S T E M  ---------------

OS: Windows 10 , 64 bit Build 18362 (10.0.18362.329)

CPU:total 4 (initial active 4) (2 cores per cpu, 2 threads per core) family 6 model 78 stepping 3, cmov, cx8, fxsr, mmx, sse, sse2, sse3, ssse3, sse4.1, sse4.2, popcnt, avx, avx2, aes, clmul, erms, 3dnowpref, lzcnt, ht, tsc, tscinvbit, bmi1, bmi2, adx, fma

Memory: 4k page, system-wide physical 8108M (1510M free)
TotalPageFile size 10028M (AvailPageFile size 8M)
current process WorkingSet (physical memory assigned to process): 102M, peak: 102M
current process commit charge ("private bytes"): 248M, peak: 249M

vm_info: OpenJDK 64-Bit Server VM (11.0.4+11) for windows-amd64 JRE (11.0.4+11), built on Jul 18 2019 06:43:34 by "" with MS VC++ 15.8 (VS2017)

END.
