#
# There is insufficient memory for the Java Runtime Environment to continue.
# Native memory allocation (malloc) failed to allocate 900976 bytes for Chunk::new
# Possible reasons:
#   The system is out of physical RAM or swap space
#   The process is running with CompressedOops enabled, and the Java Heap may be blocking the growth of the native heap
# Possible solutions:
#   Reduce memory load on the system
#   Increase physical memory or swap space
#   Check if swap backing store is full
#   Decrease Java heap size (-Xmx/-Xms)
#   Decrease number of Java threads
#   Decrease Java thread stack sizes (-Xss)
#   Set larger code cache with -XX:ReservedCodeCacheSize=
#   JVM is running with Unscaled Compressed Oops mode in which the Java heap is
#     placed in the first 4GB address space. The Java Heap base address is the
#     maximum limit for the native heap growth. Please use -XX:HeapBaseMinAddress
#     to set the Java Heap base and to place the Java Heap above 4GB virtual address.
# This output file may be truncated or incomplete.
#
#  Out of Memory Error (c:/cygwin64/tmp/openjdk-jdk11u-windows-x64-hotspot/workspace/build/src/src/hotspot/share/memory/arena.cpp:197), pid=17256, tid=2236
#
# JRE version: OpenJDK Runtime Environment (11.0.4+11) (build 11.0.4+11)
# Java VM: OpenJDK 64-Bit Server VM (11.0.4+11, mixed mode, tiered, compressed oops, g1 gc, windows-amd64)
# No core dump will be written. Minidumps are not enabled by default on client versions of Windows
#

---------------  S U M M A R Y ------------

Command Line: org.apache.derby.drda.NetworkServerControl start -noSecurityManager

Host: Intel(R) Core(TM) i3-6006U CPU @ 2.00GHz, 4 cores, 7G,  Windows 10 , 64 bit Build 18362 (10.0.18362.329)
Time: Thu Jan 16 15:25:54 2020 Mitteleuropäische Zeit elapsed time: 196 seconds (0d 0h 3m 16s)

---------------  T H R E A D  ---------------

Current thread (0x00000226ddd96000):  JavaThread "C2 CompilerThread0" daemon [_thread_in_native, id=2236, stack(0x000000fb32b00000,0x000000fb32c00000)]


Current CompileTask:
C2: 196725 4304  s!   4       org.apache.derby.impl.store.raw.log.FileLogger::logAndDo (611 bytes)

Stack: [0x000000fb32b00000,0x000000fb32c00000]
Native frames: (J=compiled Java code, j=interpreted, Vv=VM code, C=native code)
V  [jvm.dll+0x5d700a]
V  [jvm.dll+0x70bbce]
V  [jvm.dll+0x70d25b]
V  [jvm.dll+0x70d923]
V  [jvm.dll+0x23f5f8]
V  [jvm.dll+0xb982c]
V  [jvm.dll+0xb9dbc]
V  [jvm.dll+0x341172]
V  [jvm.dll+0x30f2a3]
V  [jvm.dll+0x30e68a]
V  [jvm.dll+0x1f9d25]
V  [jvm.dll+0x1f8edf]
V  [jvm.dll+0x17defc]
V  [jvm.dll+0x207d07]
V  [jvm.dll+0x20626e]
V  [jvm.dll+0x6d480c]
V  [jvm.dll+0x6cd85c]
V  [jvm.dll+0x5d6286]
C  [ucrtbase.dll+0x20e72]
C  [KERNEL32.DLL+0x17bd4]
C  [ntdll.dll+0x6ced1]


---------------  P R O C E S S  ---------------

Threads class SMR info:
_java_thread_list=0x00000226e04c4180, length=16, elements={
0x00000226bf70d800, 0x00000226ddd73800, 0x00000226ddd7d000, 0x00000226de723000,
0x00000226ddd91000, 0x00000226ddd96000, 0x00000226ddd9e000, 0x00000226ddda1000,
0x00000226de870800, 0x00000226de89a800, 0x00000226dede1000, 0x00000226def77000,
0x00000226def79800, 0x00000226deea2000, 0x00000226e013f000, 0x00000226de81b800
}

Java Threads: ( => current thread )
  0x00000226bf70d800 JavaThread "main" [_thread_blocked, id=15580, stack(0x000000fb32000000,0x000000fb32100000)]
  0x00000226ddd73800 JavaThread "Reference Handler" daemon [_thread_blocked, id=2208, stack(0x000000fb32700000,0x000000fb32800000)]
  0x00000226ddd7d000 JavaThread "Finalizer" daemon [_thread_blocked, id=12104, stack(0x000000fb32800000,0x000000fb32900000)]
  0x00000226de723000 JavaThread "Signal Dispatcher" daemon [_thread_blocked, id=22836, stack(0x000000fb32900000,0x000000fb32a00000)]
  0x00000226ddd91000 JavaThread "Attach Listener" daemon [_thread_blocked, id=8296, stack(0x000000fb32a00000,0x000000fb32b00000)]
=>0x00000226ddd96000 JavaThread "C2 CompilerThread0" daemon [_thread_in_native, id=2236, stack(0x000000fb32b00000,0x000000fb32c00000)]
  0x00000226ddd9e000 JavaThread "C1 CompilerThread0" daemon [_thread_in_native, id=13496, stack(0x000000fb32c00000,0x000000fb32d00000)]
  0x00000226ddda1000 JavaThread "Sweeper thread" daemon [_thread_blocked, id=17512, stack(0x000000fb32d00000,0x000000fb32e00000)]
  0x00000226de870800 JavaThread "Service Thread" daemon [_thread_blocked, id=22260, stack(0x000000fb32e00000,0x000000fb32f00000)]
  0x00000226de89a800 JavaThread "Common-Cleaner" daemon [_thread_blocked, id=1204, stack(0x000000fb33000000,0x000000fb33100000)]
  0x00000226dede1000 JavaThread "Timer-0" daemon [_thread_blocked, id=19128, stack(0x000000fb33100000,0x000000fb33200000)]
  0x00000226def77000 JavaThread "NetworkServerThread_1" [_thread_in_native, id=11672, stack(0x000000fb33700000,0x000000fb33800000)]
  0x00000226def79800 JavaThread "DRDAConnThread_2" [_thread_in_native, id=20040, stack(0x000000fb33200000,0x000000fb33300000)]
  0x00000226deea2000 JavaThread "derby.rawStoreDaemon" daemon [_thread_blocked, id=1780, stack(0x000000fb33800000,0x000000fb33900000)]
  0x00000226e013f000 JavaThread "DRDAConnThread_3" [_thread_in_Java, id=20872, stack(0x000000fb33b00000,0x000000fb33c00000)]
  0x00000226de81b800 JavaThread "DRDAConnThread_4" [_thread_blocked, id=13920, stack(0x000000fb33c00000,0x000000fb33d00000)]

Other Threads:
  0x00000226ddd4d000 VMThread "VM Thread" [stack: 0x000000fb32600000,0x000000fb32700000] [id=3988]
  0x00000226de896000 WatcherThread [stack: 0x000000fb32f00000,0x000000fb33000000] [id=13724]
  0x00000226bf721800 GCTaskThread "GC Thread#0" [stack: 0x000000fb32100000,0x000000fb32200000] [id=20400]
  0x00000226def55000 GCTaskThread "GC Thread#1" [stack: 0x000000fb33300000,0x000000fb33400000] [id=14436]
  0x00000226def56000 GCTaskThread "GC Thread#2" [stack: 0x000000fb33400000,0x000000fb33500000] [id=12080]
  0x00000226def97800 GCTaskThread "GC Thread#3" [stack: 0x000000fb33900000,0x000000fb33a00000] [id=2032]
  0x00000226bf753000 ConcurrentGCThread "G1 Main Marker" [stack: 0x000000fb32200000,0x000000fb32300000] [id=21884]
  0x00000226bf754000 ConcurrentGCThread "G1 Conc#0" [stack: 0x000000fb32300000,0x000000fb32400000] [id=18968]
  0x00000226ddbc0800 ConcurrentGCThread "G1 Refine#0" [stack: 0x000000fb32400000,0x000000fb32500000] [id=8788]
  0x00000226deae4000 ConcurrentGCThread "G1 Refine#1" [stack: 0x000000fb33500000,0x000000fb33600000] [id=14484]
  0x00000226dec91000 ConcurrentGCThread "G1 Refine#2" [stack: 0x000000fb33600000,0x000000fb33700000] [id=8732]
  0x00000226ddbc1000 ConcurrentGCThread "G1 Young RemSet Sampling" [stack: 0x000000fb32500000,0x000000fb32600000] [id=7024]

Threads with active compile tasks:
C2 CompilerThread04304  s!   4       org.apache.derby.impl.store.raw.log.FileLogger::logAndDo (611 bytes)
C1 CompilerThread04314       3       org.apache.derby.iapi.sql.dictionary.ColumnDescriptorList::elementAt (9 bytes)

VM state:not at safepoint (normal execution)

VM Mutex/Monitor currently owned by a thread:  ([mutex/lock_event])
[0x00000226bf7059b0] CodeCache_lock - owner thread: 0x00000226e013f000

Heap address: 0x0000000081400000, size: 2028 MB, Compressed Oops mode: 32-bit
Narrow klass base: 0x0000000000000000, Narrow klass shift: 3
Compressed class space size: 1073741824 Address: 0x0000000100000000

Heap:
 garbage-first heap   total 131072K, used 24301K [0x0000000081400000, 0x0000000100000000)
  region size 1024K, 19 young (19456K), 4 survivors (4096K)
 Metaspace       used 25268K, capacity 26598K, committed 26752K, reserved 1073152K
  class space    used 2511K, capacity 3330K, committed 3456K, reserved 1048576K
Heap Regions: E=young(eden), S=young(survivor), O=old, HS=humongous(starts), HC=humongous(continues), CS=collection set, F=free, A=archive, TAMS=top-at-mark-start (previous, next)
|   0|0x0000000081400000, 0x0000000081500000, 0x0000000081500000|100%| O|  |TAMS 0x0000000081500000, 0x0000000081400000| Untracked 
|   1|0x0000000081500000, 0x0000000081600000, 0x0000000081600000|100%| O|  |TAMS 0x0000000081600000, 0x0000000081500000| Untracked 
|   2|0x0000000081600000, 0x0000000081700000, 0x0000000081700000|100%| O|  |TAMS 0x0000000081700000, 0x0000000081600000| Untracked 
|   3|0x0000000081700000, 0x0000000081800000, 0x0000000081800000|100%| O|  |TAMS 0x00000000817a8000, 0x0000000081700000| Untracked 
|   4|0x0000000081800000, 0x0000000081900000, 0x0000000081900000|100%| O|  |TAMS 0x0000000081800000, 0x0000000081800000| Untracked 
|   5|0x0000000081900000, 0x00000000819bb400, 0x0000000081a00000| 73%| O|  |TAMS 0x0000000081900000, 0x0000000081900000| Untracked 
|   6|0x0000000081a00000, 0x0000000081a00000, 0x0000000081b00000|  0%| F|  |TAMS 0x0000000081a00000, 0x0000000081a00000| Untracked 
|   7|0x0000000081b00000, 0x0000000081b00000, 0x0000000081c00000|  0%| F|  |TAMS 0x0000000081b00000, 0x0000000081b00000| Untracked 
|   8|0x0000000081c00000, 0x0000000081c00000, 0x0000000081d00000|  0%| F|  |TAMS 0x0000000081c00000, 0x0000000081c00000| Untracked 
|   9|0x0000000081d00000, 0x0000000081d00000, 0x0000000081e00000|  0%| F|  |TAMS 0x0000000081d00000, 0x0000000081d00000| Untracked 
|  10|0x0000000081e00000, 0x0000000081e00000, 0x0000000081f00000|  0%| F|  |TAMS 0x0000000081e00000, 0x0000000081e00000| Untracked 
|  11|0x0000000081f00000, 0x0000000081f00000, 0x0000000082000000|  0%| F|  |TAMS 0x0000000081f00000, 0x0000000081f00000| Untracked 
|  12|0x0000000082000000, 0x0000000082000000, 0x0000000082100000|  0%| F|  |TAMS 0x0000000082000000, 0x0000000082000000| Untracked 
|  13|0x0000000082100000, 0x0000000082100000, 0x0000000082200000|  0%| F|  |TAMS 0x0000000082100000, 0x0000000082100000| Untracked 
|  14|0x0000000082200000, 0x0000000082200000, 0x0000000082300000|  0%| F|  |TAMS 0x0000000082200000, 0x0000000082200000| Untracked 
|  15|0x0000000082300000, 0x0000000082300000, 0x0000000082400000|  0%| F|  |TAMS 0x0000000082300000, 0x0000000082300000| Untracked 
|  16|0x0000000082400000, 0x0000000082400000, 0x0000000082500000|  0%| F|  |TAMS 0x0000000082400000, 0x0000000082400000| Untracked 
|  17|0x0000000082500000, 0x0000000082500000, 0x0000000082600000|  0%| F|  |TAMS 0x0000000082500000, 0x0000000082500000| Untracked 
|  18|0x0000000082600000, 0x0000000082600000, 0x0000000082700000|  0%| F|  |TAMS 0x0000000082600000, 0x0000000082600000| Untracked 
|  19|0x0000000082700000, 0x0000000082700000, 0x0000000082800000|  0%| F|  |TAMS 0x0000000082700000, 0x0000000082700000| Untracked 
|  20|0x0000000082800000, 0x0000000082800000, 0x0000000082900000|  0%| F|  |TAMS 0x0000000082800000, 0x0000000082800000| Untracked 
|  21|0x0000000082900000, 0x0000000082900000, 0x0000000082a00000|  0%| F|  |TAMS 0x0000000082900000, 0x0000000082900000| Untracked 
|  22|0x0000000082a00000, 0x0000000082a00000, 0x0000000082b00000|  0%| F|  |TAMS 0x0000000082a00000, 0x0000000082a00000| Untracked 
|  23|0x0000000082b00000, 0x0000000082b00000, 0x0000000082c00000|  0%| F|  |TAMS 0x0000000082b00000, 0x0000000082b00000| Untracked 
|  24|0x0000000082c00000, 0x0000000082c00000, 0x0000000082d00000|  0%| F|  |TAMS 0x0000000082c00000, 0x0000000082c00000| Untracked 
|  25|0x0000000082d00000, 0x0000000082d00000, 0x0000000082e00000|  0%| F|  |TAMS 0x0000000082d00000, 0x0000000082d00000| Untracked 
|  26|0x0000000082e00000, 0x0000000082e00000, 0x0000000082f00000|  0%| F|  |TAMS 0x0000000082e00000, 0x0000000082e00000| Untracked 
|  27|0x0000000082f00000, 0x0000000082f00000, 0x0000000083000000|  0%| F|  |TAMS 0x0000000082f00000, 0x0000000082f00000| Untracked 
|  28|0x0000000083000000, 0x0000000083000000, 0x0000000083100000|  0%| F|  |TAMS 0x0000000083000000, 0x0000000083000000| Untracked 
|  29|0x0000000083100000, 0x0000000083100000, 0x0000000083200000|  0%| F|  |TAMS 0x0000000083100000, 0x0000000083100000| Untracked 
|  30|0x0000000083200000, 0x0000000083200000, 0x0000000083300000|  0%| F|  |TAMS 0x0000000083200000, 0x0000000083200000| Untracked 
|  31|0x0000000083300000, 0x0000000083300000, 0x0000000083400000|  0%| F|  |TAMS 0x0000000083300000, 0x0000000083300000| Untracked 
|  32|0x0000000083400000, 0x0000000083400000, 0x0000000083500000|  0%| F|  |TAMS 0x0000000083400000, 0x0000000083400000| Untracked 
|  33|0x0000000083500000, 0x0000000083500000, 0x0000000083600000|  0%| F|  |TAMS 0x0000000083500000, 0x0000000083500000| Untracked 
|  34|0x0000000083600000, 0x0000000083600000, 0x0000000083700000|  0%| F|  |TAMS 0x0000000083600000, 0x0000000083600000| Untracked 
|  35|0x0000000083700000, 0x0000000083700000, 0x0000000083800000|  0%| F|  |TAMS 0x0000000083700000, 0x0000000083700000| Untracked 
|  36|0x0000000083800000, 0x0000000083800000, 0x0000000083900000|  0%| F|  |TAMS 0x0000000083800000, 0x0000000083800000| Untracked 
|  37|0x0000000083900000, 0x0000000083900000, 0x0000000083a00000|  0%| F|  |TAMS 0x0000000083900000, 0x0000000083900000| Untracked 
|  38|0x0000000083a00000, 0x0000000083a00000, 0x0000000083b00000|  0%| F|  |TAMS 0x0000000083a00000, 0x0000000083a00000| Untracked 
|  39|0x0000000083b00000, 0x0000000083b00000, 0x0000000083c00000|  0%| F|  |TAMS 0x0000000083b00000, 0x0000000083b00000| Untracked 
|  40|0x0000000083c00000, 0x0000000083c00000, 0x0000000083d00000|  0%| F|  |TAMS 0x0000000083c00000, 0x0000000083c00000| Untracked 
|  41|0x0000000083d00000, 0x0000000083d00000, 0x0000000083e00000|  0%| F|  |TAMS 0x0000000083d00000, 0x0000000083d00000| Untracked 
|  42|0x0000000083e00000, 0x0000000083e00000, 0x0000000083f00000|  0%| F|  |TAMS 0x0000000083e00000, 0x0000000083e00000| Untracked 
|  43|0x0000000083f00000, 0x0000000083f00000, 0x0000000084000000|  0%| F|  |TAMS 0x0000000083f00000, 0x0000000083f00000| Untracked 
|  44|0x0000000084000000, 0x0000000084000000, 0x0000000084100000|  0%| F|  |TAMS 0x0000000084000000, 0x0000000084000000| Untracked 
|  45|0x0000000084100000, 0x0000000084100000, 0x0000000084200000|  0%| F|  |TAMS 0x0000000084100000, 0x0000000084100000| Untracked 
|  46|0x0000000084200000, 0x0000000084200000, 0x0000000084300000|  0%| F|  |TAMS 0x0000000084200000, 0x0000000084200000| Untracked 
|  47|0x0000000084300000, 0x0000000084300000, 0x0000000084400000|  0%| F|  |TAMS 0x0000000084300000, 0x0000000084300000| Untracked 
|  48|0x0000000084400000, 0x0000000084400000, 0x0000000084500000|  0%| F|  |TAMS 0x0000000084400000, 0x0000000084400000| Untracked 
|  49|0x0000000084500000, 0x0000000084500000, 0x0000000084600000|  0%| F|  |TAMS 0x0000000084500000, 0x0000000084500000| Untracked 
|  50|0x0000000084600000, 0x0000000084600000, 0x0000000084700000|  0%| F|  |TAMS 0x0000000084600000, 0x0000000084600000| Untracked 
|  51|0x0000000084700000, 0x0000000084700000, 0x0000000084800000|  0%| F|  |TAMS 0x0000000084700000, 0x0000000084700000| Untracked 
|  52|0x0000000084800000, 0x0000000084800000, 0x0000000084900000|  0%| F|  |TAMS 0x0000000084800000, 0x0000000084800000| Untracked 
|  53|0x0000000084900000, 0x0000000084900000, 0x0000000084a00000|  0%| F|  |TAMS 0x0000000084900000, 0x0000000084900000| Untracked 
|  54|0x0000000084a00000, 0x0000000084a00000, 0x0000000084b00000|  0%| F|  |TAMS 0x0000000084a00000, 0x0000000084a00000| Untracked 
|  55|0x0000000084b00000, 0x0000000084b00000, 0x0000000084c00000|  0%| F|  |TAMS 0x0000000084b00000, 0x0000000084b00000| Untracked 
|  56|0x0000000084c00000, 0x0000000084c00000, 0x0000000084d00000|  0%| F|  |TAMS 0x0000000084c00000, 0x0000000084c00000| Untracked 
|  57|0x0000000084d00000, 0x0000000084d00000, 0x0000000084e00000|  0%| F|  |TAMS 0x0000000084d00000, 0x0000000084d00000| Untracked 
|  58|0x0000000084e00000, 0x0000000084e00000, 0x0000000084f00000|  0%| F|  |TAMS 0x0000000084e00000, 0x0000000084e00000| Untracked 
|  59|0x0000000084f00000, 0x0000000084f00000, 0x0000000085000000|  0%| F|  |TAMS 0x0000000084f00000, 0x0000000084f00000| Untracked 
|  60|0x0000000085000000, 0x0000000085000000, 0x0000000085100000|  0%| F|  |TAMS 0x0000000085000000, 0x0000000085000000| Untracked 
|  61|0x0000000085100000, 0x0000000085100000, 0x0000000085200000|  0%| F|  |TAMS 0x0000000085100000, 0x0000000085100000| Untracked 
|  62|0x0000000085200000, 0x0000000085200000, 0x0000000085300000|  0%| F|  |TAMS 0x0000000085200000, 0x0000000085200000| Untracked 
|  63|0x0000000085300000, 0x0000000085300000, 0x0000000085400000|  0%| F|  |TAMS 0x0000000085300000, 0x0000000085300000| Untracked 
|  64|0x0000000085400000, 0x0000000085400000, 0x0000000085500000|  0%| F|  |TAMS 0x0000000085400000, 0x0000000085400000| Untracked 
|  65|0x0000000085500000, 0x0000000085500000, 0x0000000085600000|  0%| F|  |TAMS 0x0000000085500000, 0x0000000085500000| Untracked 
|  66|0x0000000085600000, 0x0000000085600000, 0x0000000085700000|  0%| F|  |TAMS 0x0000000085600000, 0x0000000085600000| Untracked 
|  67|0x0000000085700000, 0x0000000085700000, 0x0000000085800000|  0%| F|  |TAMS 0x0000000085700000, 0x0000000085700000| Untracked 
|  68|0x0000000085800000, 0x0000000085800000, 0x0000000085900000|  0%| F|  |TAMS 0x0000000085800000, 0x0000000085800000| Untracked 
|  69|0x0000000085900000, 0x0000000085900000, 0x0000000085a00000|  0%| F|  |TAMS 0x0000000085900000, 0x0000000085900000| Untracked 
|  70|0x0000000085a00000, 0x0000000085a00000, 0x0000000085b00000|  0%| F|  |TAMS 0x0000000085a00000, 0x0000000085a00000| Untracked 
|  71|0x0000000085b00000, 0x0000000085b00000, 0x0000000085c00000|  0%| F|  |TAMS 0x0000000085b00000, 0x0000000085b00000| Untracked 
|  72|0x0000000085c00000, 0x0000000085c00000, 0x0000000085d00000|  0%| F|  |TAMS 0x0000000085c00000, 0x0000000085c00000| Untracked 
|  73|0x0000000085d00000, 0x0000000085d00000, 0x0000000085e00000|  0%| F|  |TAMS 0x0000000085d00000, 0x0000000085d00000| Untracked 
|  74|0x0000000085e00000, 0x0000000085e00000, 0x0000000085f00000|  0%| F|  |TAMS 0x0000000085e00000, 0x0000000085e00000| Untracked 
|  75|0x0000000085f00000, 0x0000000085f00000, 0x0000000086000000|  0%| F|  |TAMS 0x0000000085f00000, 0x0000000085f00000| Untracked 
|  76|0x0000000086000000, 0x0000000086000000, 0x0000000086100000|  0%| F|  |TAMS 0x0000000086000000, 0x0000000086000000| Untracked 
|  77|0x0000000086100000, 0x0000000086100000, 0x0000000086200000|  0%| F|  |TAMS 0x0000000086100000, 0x0000000086100000| Untracked 
|  78|0x0000000086200000, 0x0000000086200000, 0x0000000086300000|  0%| F|  |TAMS 0x0000000086200000, 0x0000000086200000| Untracked 
|  79|0x0000000086300000, 0x0000000086300000, 0x0000000086400000|  0%| F|  |TAMS 0x0000000086300000, 0x0000000086300000| Untracked 
|  80|0x0000000086400000, 0x0000000086400000, 0x0000000086500000|  0%| F|  |TAMS 0x0000000086400000, 0x0000000086400000| Untracked 
|  81|0x0000000086500000, 0x0000000086500000, 0x0000000086600000|  0%| F|  |TAMS 0x0000000086500000, 0x0000000086500000| Untracked 
|  82|0x0000000086600000, 0x0000000086600000, 0x0000000086700000|  0%| F|  |TAMS 0x0000000086600000, 0x0000000086600000| Untracked 
|  83|0x0000000086700000, 0x0000000086700000, 0x0000000086800000|  0%| F|  |TAMS 0x0000000086700000, 0x0000000086700000| Untracked 
|  84|0x0000000086800000, 0x0000000086800000, 0x0000000086900000|  0%| F|  |TAMS 0x0000000086800000, 0x0000000086800000| Untracked 
|  85|0x0000000086900000, 0x0000000086900000, 0x0000000086a00000|  0%| F|  |TAMS 0x0000000086900000, 0x0000000086900000| Untracked 
|  86|0x0000000086a00000, 0x0000000086a00000, 0x0000000086b00000|  0%| F|  |TAMS 0x0000000086a00000, 0x0000000086a00000| Untracked 
|  87|0x0000000086b00000, 0x0000000086b00000, 0x0000000086c00000|  0%| F|  |TAMS 0x0000000086b00000, 0x0000000086b00000| Untracked 
|  88|0x0000000086c00000, 0x0000000086c00000, 0x0000000086d00000|  0%| F|  |TAMS 0x0000000086c00000, 0x0000000086c00000| Untracked 
|  89|0x0000000086d00000, 0x0000000086d00000, 0x0000000086e00000|  0%| F|  |TAMS 0x0000000086d00000, 0x0000000086d00000| Untracked 
|  90|0x0000000086e00000, 0x0000000086e00000, 0x0000000086f00000|  0%| F|  |TAMS 0x0000000086e00000, 0x0000000086e00000| Untracked 
|  91|0x0000000086f00000, 0x0000000086f00000, 0x0000000087000000|  0%| F|  |TAMS 0x0000000086f00000, 0x0000000086f00000| Untracked 
|  92|0x0000000087000000, 0x0000000087000000, 0x0000000087100000|  0%| F|  |TAMS 0x0000000087000000, 0x0000000087000000| Untracked 
|  93|0x0000000087100000, 0x0000000087200000, 0x0000000087200000|100%| S|CS|TAMS 0x0000000087100000, 0x0000000087100000| Complete 
|  94|0x0000000087200000, 0x0000000087300000, 0x0000000087300000|100%| S|CS|TAMS 0x0000000087200000, 0x0000000087200000| Complete 
|  95|0x0000000087300000, 0x0000000087400000, 0x0000000087400000|100%| S|CS|TAMS 0x0000000087300000, 0x0000000087300000| Complete 
|  96|0x0000000087400000, 0x0000000087500000, 0x0000000087500000|100%| S|CS|TAMS 0x0000000087400000, 0x0000000087400000| Complete 
|  97|0x0000000087500000, 0x0000000087500000, 0x0000000087600000|  0%| F|  |TAMS 0x0000000087500000, 0x0000000087500000| Untracked 
|  98|0x0000000087600000, 0x0000000087600000, 0x0000000087700000|  0%| F|  |TAMS 0x0000000087600000, 0x0000000087600000| Untracked 
|  99|0x0000000087700000, 0x0000000087700000, 0x0000000087800000|  0%| F|  |TAMS 0x0000000087700000, 0x0000000087700000| Untracked 
| 100|0x0000000087800000, 0x0000000087800000, 0x0000000087900000|  0%| F|  |TAMS 0x0000000087800000, 0x0000000087800000| Untracked 
| 101|0x0000000087900000, 0x0000000087900000, 0x0000000087a00000|  0%| F|  |TAMS 0x0000000087900000, 0x0000000087900000| Untracked 
| 102|0x0000000087a00000, 0x0000000087a00000, 0x0000000087b00000|  0%| F|  |TAMS 0x0000000087a00000, 0x0000000087a00000| Untracked 
| 103|0x0000000087b00000, 0x0000000087b00000, 0x0000000087c00000|  0%| F|  |TAMS 0x0000000087b00000, 0x0000000087b00000| Untracked 
| 104|0x0000000087c00000, 0x0000000087c00000, 0x0000000087d00000|  0%| F|  |TAMS 0x0000000087c00000, 0x0000000087c00000| Untracked 
| 105|0x0000000087d00000, 0x0000000087d00000, 0x0000000087e00000|  0%| F|  |TAMS 0x0000000087d00000, 0x0000000087d00000| Untracked 
| 106|0x0000000087e00000, 0x0000000087e00000, 0x0000000087f00000|  0%| F|  |TAMS 0x0000000087e00000, 0x0000000087e00000| Untracked 
| 107|0x0000000087f00000, 0x0000000087f00000, 0x0000000088000000|  0%| F|  |TAMS 0x0000000087f00000, 0x0000000087f00000| Untracked 
| 108|0x0000000088000000, 0x0000000088000000, 0x0000000088100000|  0%| F|  |TAMS 0x0000000088000000, 0x0000000088000000| Untracked 
| 109|0x0000000088100000, 0x0000000088100000, 0x0000000088200000|  0%| F|  |TAMS 0x0000000088100000, 0x0000000088100000| Untracked 
| 110|0x0000000088200000, 0x0000000088200000, 0x0000000088300000|  0%| F|  |TAMS 0x0000000088200000, 0x0000000088200000| Untracked 
| 111|0x0000000088300000, 0x0000000088300000, 0x0000000088400000|  0%| F|  |TAMS 0x0000000088300000, 0x0000000088300000| Untracked 
| 112|0x0000000088400000, 0x0000000088400000, 0x0000000088500000|  0%| F|  |TAMS 0x0000000088400000, 0x0000000088400000| Untracked 
| 113|0x0000000088500000, 0x0000000088559e58, 0x0000000088600000| 35%| E|  |TAMS 0x0000000088500000, 0x0000000088500000| Complete 
| 114|0x0000000088600000, 0x0000000088700000, 0x0000000088700000|100%| E|CS|TAMS 0x0000000088600000, 0x0000000088600000| Complete 
| 115|0x0000000088700000, 0x0000000088800000, 0x0000000088800000|100%| E|CS|TAMS 0x0000000088700000, 0x0000000088700000| Complete 
| 116|0x0000000088800000, 0x0000000088900000, 0x0000000088900000|100%| E|CS|TAMS 0x0000000088800000, 0x0000000088800000| Complete 
| 117|0x0000000088900000, 0x0000000088a00000, 0x0000000088a00000|100%| E|CS|TAMS 0x0000000088900000, 0x0000000088900000| Complete 
| 118|0x0000000088a00000, 0x0000000088b00000, 0x0000000088b00000|100%| E|CS|TAMS 0x0000000088a00000, 0x0000000088a00000| Complete 
| 119|0x0000000088b00000, 0x0000000088c00000, 0x0000000088c00000|100%| E|CS|TAMS 0x0000000088b00000, 0x0000000088b00000| Complete 
| 120|0x0000000088c00000, 0x0000000088d00000, 0x0000000088d00000|100%| E|CS|TAMS 0x0000000088c00000, 0x0000000088c00000| Complete 
| 121|0x0000000088d00000, 0x0000000088e00000, 0x0000000088e00000|100%| E|CS|TAMS 0x0000000088d00000, 0x0000000088d00000| Complete 
| 122|0x0000000088e00000, 0x0000000088f00000, 0x0000000088f00000|100%| E|CS|TAMS 0x0000000088e00000, 0x0000000088e00000| Complete 
| 123|0x0000000088f00000, 0x0000000089000000, 0x0000000089000000|100%| E|CS|TAMS 0x0000000088f00000, 0x0000000088f00000| Complete 
| 124|0x0000000089000000, 0x0000000089100000, 0x0000000089100000|100%| E|CS|TAMS 0x0000000089000000, 0x0000000089000000| Complete 
| 125|0x0000000089100000, 0x0000000089200000, 0x0000000089200000|100%| E|CS|TAMS 0x0000000089100000, 0x0000000089100000| Complete 
| 126|0x0000000089200000, 0x0000000089300000, 0x0000000089300000|100%| E|CS|TAMS 0x0000000089200000, 0x0000000089200000| Complete 
| 127|0x0000000089300000, 0x0000000089400000, 0x0000000089400000|100%| E|CS|TAMS 0x0000000089300000, 0x0000000089300000| Complete 

Card table byte_map: [0x00000226d7120000,0x00000226d7520000] _byte_map_base: 0x00000226d6d16000

Marking Bits (Prev, Next): (CMBitMap*) 0x00000226bf74a1c0, (CMBitMap*) 0x00000226bf74a188
 Prev Bits: [0x00000226d98d0000, 0x00000226db880000)
 Next Bits: [0x00000226d7920000, 0x00000226d98d0000)

Polling page: 0x00000226bd5c0000

Metaspace:

Usage:
  Non-class:     22.79 MB capacity,    22.26 MB ( 98%) used,   500.00 KB (  2%) free+waste,    46.63 KB ( <1%) overhead. 
      Class:      3.29 MB capacity,     2.46 MB ( 75%) used,   827.23 KB ( 25%) free+waste,    21.38 KB ( <1%) overhead. 
       Both:     26.07 MB capacity,    24.71 MB ( 95%) used,     1.30 MB (  5%) free+waste,    68.00 KB ( <1%) overhead. 

Virtual space:
  Non-class space:       24.00 MB reserved,      23.00 MB ( 96%) committed 
      Class space:        1.00 GB reserved,       3.38 MB ( <1%) committed 
             Both:        1.02 GB reserved,      26.38 MB (  3%) committed 

Chunk freelists:
   Non-Class:  24.00 KB
       Class:  28.00 KB
        Both:  52.00 KB

CodeHeap 'non-profiled nmethods': size=120064Kb used=1918Kb max_used=1918Kb free=118145Kb
 bounds [0x00000226cf7e0000, 0x00000226cfa50000, 0x00000226d6d20000]
CodeHeap 'profiled nmethods': size=120000Kb used=9535Kb max_used=9535Kb free=110464Kb
 bounds [0x00000226c82b0000, 0x00000226c8c10000, 0x00000226cf7e0000]
CodeHeap 'non-nmethods': size=5696Kb used=1284Kb max_used=1316Kb free=4412Kb
 bounds [0x00000226c7d20000, 0x00000226c7f90000, 0x00000226c82b0000]
 total_blobs=5970 nmethods=4237 adapters=570
 compilation: enabled
              stopped_count=0, restarted_count=0
 full_count=0

Compilation events (10 events):
Event: 196.603 Thread 0x00000226ddd96000 nmethod 4303 0x00000226cf9be510 code [0x00000226cf9be740, 0x00000226cf9bf0b0]
Event: 196.611 Thread 0x00000226ddd96000 4304  s!   4       org.apache.derby.impl.store.raw.log.FileLogger::logAndDo (611 bytes)
Event: 196.700 Thread 0x00000226ddd9e000 4307       3       org.apache.derby.iapi.types.SQLLongint::<init> (10 bytes)
Event: 196.701 Thread 0x00000226ddd9e000 nmethod 4307 0x00000226c8bf8090 code [0x00000226c8bf8260, 0x00000226c8bf84d8]
Event: 196.701 Thread 0x00000226ddd9e000 4308       3       org.apache.derby.iapi.services.io.ArrayInputStream::skipBytes (8 bytes)
Event: 196.701 Thread 0x00000226ddd9e000 nmethod 4308 0x00000226c8bf8610 code [0x00000226c8bf87e0, 0x00000226c8bf8b18]
Event: 196.701 Thread 0x00000226ddd9e000 4310       3       org.apache.derby.iapi.services.io.DataInputUtil::skipFully (46 bytes)
Event: 196.702 Thread 0x00000226ddd9e000 nmethod 4310 0x00000226c8bf8c90 code [0x00000226c8bf8e80, 0x00000226c8bf9330]
Event: 196.702 Thread 0x00000226ddd9e000 4309       3       org.apache.derby.iapi.services.io.ArrayInputStream::skip (32 bytes)
Event: 196.702 Thread 0x00000226ddd9e000 nmethod 4309 0x00000226c8bf9490 code [0x00000226c8bf9660, 0x00000226c8bf9938]

GC Heap History (8 events):
Event: 1.029 GC heap before
{Heap before GC invocations=0 (full 0):
 garbage-first heap   total 131072K, used 14336K [0x0000000081400000, 0x0000000100000000)
  region size 1024K, 14 young (14336K), 0 survivors (0K)
 Metaspace       used 14567K, capacity 14876K, committed 14976K, reserved 1062912K
  class space    used 1452K, capacity 1598K, committed 1664K, reserved 1048576K
}
Event: 1.038 GC heap after
{Heap after GC invocations=1 (full 0):
 garbage-first heap   total 131072K, used 3652K [0x0000000081400000, 0x0000000100000000)
  region size 1024K, 2 young (2048K), 2 survivors (2048K)
 Metaspace       used 14567K, capacity 14876K, committed 14976K, reserved 1062912K
  class space    used 1452K, capacity 1598K, committed 1664K, reserved 1048576K
}
Event: 24.455 GC heap before
{Heap before GC invocations=1 (full 0):
 garbage-first heap   total 131072K, used 7748K [0x0000000081400000, 0x0000000100000000)
  region size 1024K, 6 young (6144K), 2 survivors (2048K)
 Metaspace       used 16185K, capacity 16461K, committed 16640K, reserved 1064960K
  class space    used 1634K, capacity 1765K, committed 1792K, reserved 1048576K
}
Event: 24.464 GC heap after
{Heap after GC invocations=2 (full 0):
 garbage-first heap   total 131072K, used 4321K [0x0000000081400000, 0x0000000100000000)
  region size 1024K, 1 young (1024K), 1 survivors (1024K)
 Metaspace       used 16185K, capacity 16461K, committed 16640K, reserved 1064960K
  class space    used 1634K, capacity 1765K, committed 1792K, reserved 1048576K
}
Event: 28.619 GC heap before
{Heap before GC invocations=2 (full 0):
 garbage-first heap   total 131072K, used 21729K [0x0000000081400000, 0x0000000100000000)
  region size 1024K, 19 young (19456K), 1 survivors (1024K)
 Metaspace       used 20914K, capacity 21241K, committed 21296K, reserved 1069056K
  class space    used 2167K, capacity 2295K, committed 2304K, reserved 1048576K
}
Event: 28.624 GC heap after
{Heap after GC invocations=3 (full 0):
 garbage-first heap   total 131072K, used 5258K [0x0000000081400000, 0x0000000100000000)
  region size 1024K, 2 young (2048K), 2 survivors (2048K)
 Metaspace       used 20914K, capacity 21241K, committed 21296K, reserved 1069056K
  class space    used 2167K, capacity 2295K, committed 2304K, reserved 1048576K
}
Event: 119.291 GC heap before
{Heap before GC invocations=4 (full 0):
 garbage-first heap   total 131072K, used 34954K [0x0000000081400000, 0x0000000100000000)
  region size 1024K, 31 young (31744K), 2 survivors (2048K)
 Metaspace       used 24879K, capacity 25898K, committed 26112K, reserved 1073152K
  class space    used 2475K, capacity 3053K, committed 3072K, reserved 1048576K
}
Event: 119.302 GC heap after
{Heap after GC invocations=5 (full 0):
 garbage-first heap   total 131072K, used 9965K [0x0000000081400000, 0x0000000100000000)
  region size 1024K, 4 young (4096K), 4 survivors (4096K)
 Metaspace       used 24879K, capacity 25898K, committed 26112K, reserved 1073152K
  class space    used 2475K, capacity 3053K, committed 3072K, reserved 1048576K
}

Deoptimization events (10 events):
Event: 195.124 Thread 0x00000226def79800 DEOPT PACKING pc=0x00000226cf9096bc sp=0x000000fb332f8a60
Event: 195.124 Thread 0x00000226def79800 DEOPT UNPACKING pc=0x00000226c7d48f2f sp=0x000000fb332f89e8 mode 2
Event: 195.214 Thread 0x00000226e013f000 Uncommon trap: trap_request=0xffffffde fr.pc=0x00000226cf9096bc relative=0x00000000000005dc
Event: 195.214 Thread 0x00000226e013f000 Uncommon trap: reason=class_check action=maybe_recompile pc=0x00000226cf9096bc method=java.util.HashMap.removeNode(ILjava/lang/Object;Ljava/lang/Object;ZZ)Ljava/util/HashMap$Node; @ 68 c2
Event: 195.214 Thread 0x00000226e013f000 DEOPT PACKING pc=0x00000226cf9096bc sp=0x000000fb33bfdf30
Event: 195.214 Thread 0x00000226e013f000 DEOPT UNPACKING pc=0x00000226c7d48f2f sp=0x000000fb33bfdeb8 mode 2
Event: 195.224 Thread 0x00000226e013f000 Uncommon trap: trap_request=0xffffff5c fr.pc=0x00000226cf81db40 relative=0x00000000000001c0
Event: 195.224 Thread 0x00000226e013f000 Uncommon trap: reason=speculate_null_assert action=make_not_entrant pc=0x00000226cf81db40 method=org.apache.derby.iapi.services.property.PropertyUtil.getSystemProperty(Ljava/lang/String;Ljava/lang/String;)Ljava/lang/String; @ 13 c2
Event: 195.224 Thread 0x00000226e013f000 DEOPT PACKING pc=0x00000226cf81db40 sp=0x000000fb33bfc5e0
Event: 195.224 Thread 0x00000226e013f000 DEOPT UNPACKING pc=0x00000226c7d48f2f sp=0x000000fb33bfc578 mode 2

Classes redefined (0 events):
No events

Internal exceptions (10 events):
Event: 31.595 Thread 0x00000226def79800 Exception <a 'sun/net/ConnectionResetException'{0x0000000089197b10}: > (0x0000000089197b10) thrown at [c:/cygwin64/tmp/openjdk-jdk11u-windows-x64-hotspot/workspace/build/src/src/hotspot/share/prims/jni.cpp, line 636]
Event: 117.200 Thread 0x00000226e013f000 Implicit null exception at 0x00000226cf93502c to 0x00000226cf93537e
Event: 117.436 Thread 0x00000226def79800 Implicit null exception at 0x00000226cf93a709 to 0x00000226cf93b316
Event: 118.031 Thread 0x00000226e013f000 Implicit null exception at 0x00000226cf951115 to 0x00000226cf951b8a
Event: 118.031 Thread 0x00000226e013f000 Implicit null exception at 0x00000226cf9528b6 to 0x00000226cf952f49
Event: 118.031 Thread 0x00000226e013f000 Implicit null exception at 0x00000226cf951115 to 0x00000226cf951b8a
Event: 118.032 Thread 0x00000226e013f000 Implicit null exception at 0x00000226cf9528b6 to 0x00000226cf952f49
Event: 118.032 Thread 0x00000226e013f000 Implicit null exception at 0x00000226cf951115 to 0x00000226cf951b8a
Event: 118.032 Thread 0x00000226e013f000 Implicit null exception at 0x00000226cf9528b6 to 0x00000226cf952f49
Event: 120.496 Thread 0x00000226de81b800 Exception <a 'sun/net/ConnectionResetException'{0x00000000891d8340}: > (0x00000000891d8340) thrown at [c:/cygwin64/tmp/openjdk-jdk11u-windows-x64-hotspot/workspace/build/src/src/hotspot/share/prims/jni.cpp, line 636]

Events (10 events):
Event: 196.510 Executing VM operation: RevokeBias
Event: 196.510 Executing VM operation: RevokeBias done
Event: 196.569 loading class org/apache/derby/impl/services/locks/ConcurrentLockSet$1
Event: 196.569 loading class org/apache/derby/impl/services/locks/ConcurrentLockSet$1 done
Event: 196.695 Executing VM operation: RevokeBias
Event: 196.695 Executing VM operation: RevokeBias done
Event: 196.700 Executing VM operation: BulkRevokeBias
Event: 196.701 Executing VM operation: BulkRevokeBias done
Event: 196.709 Executing VM operation: RevokeBias
Event: 196.709 Executing VM operation: RevokeBias done


Dynamic libraries:
0x00007ff6adeb0000 - 0x00007ff6adefa000 	C:\Program Files\AdoptOpenJDK\jdk-11.0.4.11-hotspot\bin\java.exe
0x00007ffd52020000 - 0x00007ffd52210000 	C:\WINDOWS\SYSTEM32\ntdll.dll
0x00007ffd2d610000 - 0x00007ffd2d624000 	C:\Program Files\AVAST Software\Avast\aswhook.dll
0x00007ffd501d0000 - 0x00007ffd50282000 	C:\WINDOWS\System32\KERNEL32.DLL
0x00007ffd4f4a0000 - 0x00007ffd4f743000 	C:\WINDOWS\System32\KERNELBASE.dll
0x00007ffd503a0000 - 0x00007ffd50534000 	C:\WINDOWS\System32\USER32.dll
0x00007ffd4f810000 - 0x00007ffd4f831000 	C:\WINDOWS\System32\win32u.dll
0x00007ffd51fb0000 - 0x00007ffd51fd6000 	C:\WINDOWS\System32\GDI32.dll
0x00007ffd4efb0000 - 0x00007ffd4f144000 	C:\WINDOWS\System32\gdi32full.dll
0x00007ffd4f770000 - 0x00007ffd4f80e000 	C:\WINDOWS\System32\msvcp_win.dll
0x00007ffd4f1a0000 - 0x00007ffd4f29a000 	C:\WINDOWS\System32\ucrtbase.dll
0x00007ffd350e0000 - 0x00007ffd35365000 	C:\WINDOWS\WinSxS\amd64_microsoft.windows.common-controls_6595b64144ccf1df_6.0.18362.535_none_e6c3b34713100821\COMCTL32.dll
0x00007ffd50540000 - 0x00007ffd505de000 	C:\WINDOWS\System32\msvcrt.dll
0x00007ffd50790000 - 0x00007ffd50ac6000 	C:\WINDOWS\System32\combase.dll
0x00007ffd51dc0000 - 0x00007ffd51ee0000 	C:\WINDOWS\System32\RPCRT4.dll
0x00007ffd4ffc0000 - 0x00007ffd50040000 	C:\WINDOWS\System32\bcryptPrimitives.dll
0x00007ffd51c70000 - 0x00007ffd51c9e000 	C:\WINDOWS\System32\IMM32.DLL
0x00007ffd4a610000 - 0x00007ffd4a626000 	C:\Program Files\AdoptOpenJDK\jdk-11.0.4.11-hotspot\bin\vcruntime140.dll
0x00007ffd38b70000 - 0x00007ffd38c0b000 	C:\Program Files\AdoptOpenJDK\jdk-11.0.4.11-hotspot\bin\msvcp140.dll
0x00007ffd161f0000 - 0x00007ffd16ca6000 	C:\Program Files\AdoptOpenJDK\jdk-11.0.4.11-hotspot\bin\server\jvm.dll
0x00007ffd502f0000 - 0x00007ffd50393000 	C:\WINDOWS\System32\ADVAPI32.dll
0x00007ffd50130000 - 0x00007ffd501c7000 	C:\WINDOWS\System32\sechost.dll
0x00007ffd51860000 - 0x00007ffd51868000 	C:\WINDOWS\System32\PSAPI.DLL
0x00007ffd45260000 - 0x00007ffd45269000 	C:\WINDOWS\SYSTEM32\WSOCK32.dll
0x00007ffd51d50000 - 0x00007ffd51dbf000 	C:\WINDOWS\System32\WS2_32.dll
0x00007ffd465c0000 - 0x00007ffd465e4000 	C:\WINDOWS\SYSTEM32\WINMM.dll
0x00007ffd49610000 - 0x00007ffd4961a000 	C:\WINDOWS\SYSTEM32\VERSION.dll
0x00007ffd46380000 - 0x00007ffd463ad000 	C:\WINDOWS\SYSTEM32\WINMMBASE.dll
0x00007ffd4f150000 - 0x00007ffd4f19a000 	C:\WINDOWS\System32\cfgmgr32.dll
0x00007ffd4ef90000 - 0x00007ffd4efa1000 	C:\WINDOWS\System32\kernel.appcore.dll
0x00007ffd4a9c0000 - 0x00007ffd4a9d0000 	C:\Program Files\AdoptOpenJDK\jdk-11.0.4.11-hotspot\bin\verify.dll
0x00007ffd4d7d0000 - 0x00007ffd4d9c4000 	C:\WINDOWS\SYSTEM32\DBGHELP.DLL
0x00007ffd48490000 - 0x00007ffd484ba000 	C:\WINDOWS\SYSTEM32\dbgcore.DLL
0x00007ffd47060000 - 0x00007ffd47088000 	C:\Program Files\AdoptOpenJDK\jdk-11.0.4.11-hotspot\bin\java.dll
0x00007ffd4a5f0000 - 0x00007ffd4a606000 	C:\Program Files\AdoptOpenJDK\jdk-11.0.4.11-hotspot\bin\zip.dll
0x00007ffd4a980000 - 0x00007ffd4a98a000 	C:\Program Files\AdoptOpenJDK\jdk-11.0.4.11-hotspot\bin\jimage.dll
0x00007ffd50f50000 - 0x00007ffd51635000 	C:\WINDOWS\System32\SHELL32.dll
0x00007ffd50640000 - 0x00007ffd506e9000 	C:\WINDOWS\System32\shcore.dll
0x00007ffd4f840000 - 0x00007ffd4ffbf000 	C:\WINDOWS\System32\windows.storage.dll
0x00007ffd4ef70000 - 0x00007ffd4ef8f000 	C:\WINDOWS\System32\profapi.dll
0x00007ffd4ef20000 - 0x00007ffd4ef6a000 	C:\WINDOWS\System32\powrprof.dll
0x00007ffd4eef0000 - 0x00007ffd4ef00000 	C:\WINDOWS\System32\UMPDC.dll
0x00007ffd505e0000 - 0x00007ffd50632000 	C:\WINDOWS\System32\shlwapi.dll
0x00007ffd4f750000 - 0x00007ffd4f767000 	C:\WINDOWS\System32\cryptsp.dll
0x00007ffd46630000 - 0x00007ffd46649000 	C:\Program Files\AdoptOpenJDK\jdk-11.0.4.11-hotspot\bin\net.dll
0x00007ffd49280000 - 0x00007ffd49370000 	C:\WINDOWS\SYSTEM32\WINHTTP.dll
0x00007ffd455c0000 - 0x00007ffd45796000 	C:\WINDOWS\SYSTEM32\urlmon.dll
0x00007ffd43e10000 - 0x00007ffd440b6000 	C:\WINDOWS\SYSTEM32\iertutil.dll
0x00007ffd4e8d0000 - 0x00007ffd4e8dc000 	C:\WINDOWS\SYSTEM32\CRYPTBASE.DLL
0x00007ffd4e700000 - 0x00007ffd4e767000 	C:\WINDOWS\system32\mswsock.dll
0x00007ffd463f0000 - 0x00007ffd46402000 	C:\Program Files\AdoptOpenJDK\jdk-11.0.4.11-hotspot\bin\nio.dll
0x00007ffd4a860000 - 0x00007ffd4a86d000 	C:\Program Files\AdoptOpenJDK\jdk-11.0.4.11-hotspot\bin\sunmscapi.dll
0x00007ffd4f350000 - 0x00007ffd4f499000 	C:\WINDOWS\System32\CRYPT32.dll
0x00007ffd4ef00000 - 0x00007ffd4ef12000 	C:\WINDOWS\System32\MSASN1.dll
0x00007ffd4e9d0000 - 0x00007ffd4e9f6000 	C:\WINDOWS\SYSTEM32\ncrypt.dll
0x00007ffd50040000 - 0x00007ffd50066000 	C:\WINDOWS\System32\bcrypt.dll
0x00007ffd4e990000 - 0x00007ffd4e9cb000 	C:\WINDOWS\SYSTEM32\NTASN1.dll
0x00007ffd44350000 - 0x00007ffd44376000 	C:\Program Files\AdoptOpenJDK\jdk-11.0.4.11-hotspot\bin\sunec.dll
0x00007ffd4a4f0000 - 0x00007ffd4a4f9000 	C:\Program Files\AdoptOpenJDK\jdk-11.0.4.11-hotspot\bin\management.dll
0x00007ffd4a020000 - 0x00007ffd4a02b000 	C:\Program Files\AdoptOpenJDK\jdk-11.0.4.11-hotspot\bin\management_ext.dll
0x00007ffd4e450000 - 0x00007ffd4e51a000 	C:\WINDOWS\SYSTEM32\DNSAPI.dll
0x00007ffd519b0000 - 0x00007ffd519b8000 	C:\WINDOWS\System32\NSI.dll
0x00007ffd4e410000 - 0x00007ffd4e44a000 	C:\WINDOWS\SYSTEM32\IPHLPAPI.DLL
0x00007ffd465f0000 - 0x00007ffd465fa000 	C:\Windows\System32\rasadhlp.dll
0x00007ffd47790000 - 0x00007ffd47807000 	C:\WINDOWS\System32\fwpuclnt.dll
0x00007ffd36c50000 - 0x00007ffd36c66000 	C:\WINDOWS\system32\napinsp.dll
0x00007ffd36c30000 - 0x00007ffd36c4a000 	C:\WINDOWS\system32\pnrpnsp.dll
0x00007ffd36c20000 - 0x00007ffd36c2e000 	C:\WINDOWS\System32\winrnr.dll
0x00007ffd485e0000 - 0x00007ffd485fc000 	C:\WINDOWS\system32\NLAapi.dll
0x00007ffd36c00000 - 0x00007ffd36c15000 	C:\WINDOWS\system32\wshbth.dll

dbghelp: loaded successfully - version: 4.0.5 - missing functions: none
symbol engine: initialized successfully - sym options: 0x614 - pdb path: .;C:\Program Files\AdoptOpenJDK\jdk-11.0.4.11-hotspot\bin;C:\WINDOWS\SYSTEM32;C:\Program Files\AVAST Software\Avast;C:\WINDOWS\WinSxS\amd64_microsoft.windows.common-controls_6595b64144ccf1df_6.0.18362.535_none_e6c3b34713100821;C:\Program Files\AdoptOpenJDK\jdk-11.0.4.11-hotspot\bin\server

VM Arguments:
java_command: org.apache.derby.drda.NetworkServerControl start -noSecurityManager
java_class_path (initial): C:\opt\db-derby-10.14.2.0-bin\bin\../lib/derby.jar;C:\opt\db-derby-10.14.2.0-bin\bin\../lib/derbynet.jar;C:\opt\db-derby-10.14.2.0-bin\bin\../lib/derbyclient.jar;C:\opt\db-derby-10.14.2.0-bin\bin\../lib/derbytools.jar;C:\opt\db-derby-10.14.2.0-bin\bin\../lib/derbyoptionaltools.jar
Launcher Type: SUN_STANDARD

[Global flags]
     intx CICompilerCount                          = 3                                         {product} {ergonomic}
     uint ConcGCThreads                            = 1                                         {product} {ergonomic}
     uint G1ConcRefinementThreads                  = 4                                         {product} {ergonomic}
   size_t G1HeapRegionSize                         = 1048576                                   {product} {ergonomic}
    uintx GCDrainStackTargetSize                   = 64                                        {product} {ergonomic}
   size_t InitialHeapSize                          = 134217728                                 {product} {ergonomic}
   size_t MarkStackSize                            = 4194304                                   {product} {ergonomic}
   size_t MaxHeapSize                              = 2126512128                                {product} {ergonomic}
   size_t MaxNewSize                               = 1275068416                                {product} {ergonomic}
   size_t MinHeapDeltaBytes                        = 1048576                                   {product} {ergonomic}
    uintx NonNMethodCodeHeapSize                   = 5830092                                {pd product} {ergonomic}
    uintx NonProfiledCodeHeapSize                  = 122914074                              {pd product} {ergonomic}
    uintx ProfiledCodeHeapSize                     = 122914074                              {pd product} {ergonomic}
    uintx ReservedCodeCacheSize                    = 251658240                              {pd product} {ergonomic}
     bool SegmentedCodeCache                       = true                                      {product} {ergonomic}
     bool UseCompressedClassPointers               = true                                 {lp64_product} {ergonomic}
     bool UseCompressedOops                        = true                                 {lp64_product} {ergonomic}
     bool UseG1GC                                  = true                                      {product} {ergonomic}
     bool UseLargePagesIndividualAllocation        = false                                  {pd product} {ergonomic}

Logging:
Log output configuration:
 #0: stdout all=warning uptime,level,tags
 #1: stderr all=off uptime,level,tags

Environment Variables:
PATH=C:\Program Files\AdoptOpenJDK\jdk-11.0.4.11-hotspot\bin;C:\Program Files (x86)\Common Files\Intel\Shared Libraries\redist\intel64\compiler;C:\ProgramData\Oracle\Java\javapath;C:\Program Files (x86)\Intel\iCLS Client\;C:\Program Files\Intel\iCLS Client\;C:\WINDOWS\system32;C:\WINDOWS;C:\WINDOWS\System32\Wbem;C:\WINDOWS\System32\WindowsPowerShell\v1.0\;C:\Program Files (x86)\Intel\Intel(R) Management Engine Components\DAL;C:\Program Files\Intel\Intel(R) Management Engine Components\DAL;C:\Program Files (x86)\Intel\Intel(R) Management Engine Components\IPT;C:\Program Files\Intel\Intel(R) Management Engine Components\IPT;C:\Program Files (x86)\Common Files\Acronis\VirtualFile\;C:\Program Files (x86)\Common Files\Acronis\VirtualFile64\;C:\Program Files (x86)\Common Files\Acronis\SnapAPI\;C:\WINDOWS\System32\OpenSSH\;C:\Program Files\PuTTY\;C:\Program Files\Git\cmd;C:\xampp\php;C:\ProgramData\ComposerSetup\bin;C:\Users\jonas\AppData\Local\Microsoft\WindowsApps;;C:\Users\jonas\AppData\Roaming\Composer\vendor\bin
USERNAME=jonas
OS=Windows_NT
PROCESSOR_IDENTIFIER=Intel64 Family 6 Model 78 Stepping 3, GenuineIntel



---------------  S Y S T E M  ---------------

OS: Windows 10 , 64 bit Build 18362 (10.0.18362.329)

CPU:total 4 (initial active 4) (2 cores per cpu, 2 threads per core) family 6 model 78 stepping 3, cmov, cx8, fxsr, mmx, sse, sse2, sse3, ssse3, sse4.1, sse4.2, popcnt, avx, avx2, aes, clmul, erms, 3dnowpref, lzcnt, ht, tsc, tscinvbit, bmi1, bmi2, adx, fma

Memory: 4k page, system-wide physical 8108M (831M free)
TotalPageFile size 10028M (AvailPageFile size 4M)
current process WorkingSet (physical memory assigned to process): 123M, peak: 128M
current process commit charge ("private bytes"): 242M, peak: 248M

vm_info: OpenJDK 64-Bit Server VM (11.0.4+11) for windows-amd64 JRE (11.0.4+11), built on Jul 18 2019 06:43:34 by "" with MS VC++ 15.8 (VS2017)

END.
